2023-09-06 14:49:32,622 [INFO] Activator:176 - 


2023-09-06 14:49:32,631 [INFO] Activator:177 - !SESSION log4j initialized
2023-09-06 14:49:38,591 [INFO] LogOutputStream:77 - [STDOUT_REDIRECT] 
2023-09-06 14:49:42,438 [INFO] ApplicationProperties:184 - Using Application install path: C:\ST\STM32CubeIDE_1.13.1\STM32CubeIDE\plugins\com.st.stm32cube.common.mx_6.9.1.202307191849
2023-09-06 14:49:42,473 [INFO] DbMcusXml:78 - Set database path to: C:\ST\STM32CubeIDE_1.13.1\STM32CubeIDE\plugins\com.st.stm32cube.common.mx_6.9.1.202307191849\\db\/mcu/
2023-09-06 14:49:42,474 [INFO] ApiDb:274 - Set plugin database path to: C:\ST\STM32CubeIDE_1.13.1\STM32CubeIDE\plugins\com.st.stm32cube.common.mx_6.9.1.202307191849\\db\/plugins/boardmanager/
2023-09-06 14:49:42,475 [WARN] ApiDb:259 - Overriding images path with different value:  => C:\ST\STM32CubeIDE_1.13.1\STM32CubeIDE\plugins\com.st.stm32cube.common.mx_6.9.1.202307191849\\db\/plugins/mcufinder/images/
2023-09-06 14:49:42,523 [INFO] ApiDb:250 - Set database path to: C:\Users\DNK124\.stmcufinder\plugins\mcufinder//mcu/
2023-09-06 14:49:42,526 [INFO] DbMcusAds:125 - Set database path to: C:\Users\DNK124\.stmcufinder\plugins\mcufinder//mcu/
2023-09-06 14:49:42,530 [INFO] CrossReferenceDbSqlite:203 - Set database path to: C:\Users\DNK124\.stmcufinder\plugins\mcufinder//mcu/cs/
2023-09-06 14:49:42,778 [INFO] RulesReader:64 - Compatibility file has been processed (293 Rules)
2023-09-06 14:49:42,950 [INFO] DbMcusXml:78 - Set database path to: C:\ST\STM32CubeIDE_1.13.1\STM32CubeIDE\plugins\com.st.stm32cube.common.mx_6.9.1.202307191849\\db\/mcu/
2023-09-06 14:49:42,951 [INFO] ApiDb:274 - Set plugin database path to: C:\ST\STM32CubeIDE_1.13.1\STM32CubeIDE\plugins\com.st.stm32cube.common.mx_6.9.1.202307191849\\db\/plugins/boardmanager/
2023-09-06 14:49:42,953 [INFO] ApiDb:261 - Set plugin images path to: C:\ST\STM32CubeIDE_1.13.1\STM32CubeIDE\plugins\com.st.stm32cube.common.mx_6.9.1.202307191849\\db\/plugins/mcufinder/images/
2023-09-06 14:49:42,954 [WARN] DbFile:41 - Overriding database path with different value: C:\Users\DNK124\.stmcufinder\plugins\mcufinder/ => C:\Users\DNK124\.stmcufinder\plugins\mcufinder
2023-09-06 14:49:42,954 [INFO] ApiDb:250 - Set database path to: C:\Users\DNK124\.stmcufinder\plugins\mcufinder//mcu/
2023-09-06 14:49:42,955 [WARN] DbFile:41 - Overriding database path with different value: C:\Users\DNK124\.stmcufinder\plugins\mcufinder/ => C:\Users\DNK124\.stmcufinder\plugins\mcufinder
2023-09-06 14:49:42,955 [INFO] DbMcusAds:125 - Set database path to: C:\Users\DNK124\.stmcufinder\plugins\mcufinder//mcu/
2023-09-06 14:49:42,955 [WARN] DbFile:41 - Overriding database path with different value: C:\Users\DNK124\.stmcufinder\plugins\mcufinder/ => C:\Users\DNK124\.stmcufinder\plugins\mcufinder
2023-09-06 14:49:42,955 [WARN] DbFile:41 - Overriding database path with different value: C:\Users\DNK124\.stmcufinder\plugins\mcufinder/ => C:\Users\DNK124\.stmcufinder\plugins\mcufinder
2023-09-06 14:49:42,956 [INFO] CrossReferenceDbSqlite:203 - Set database path to: C:\Users\DNK124\.stmcufinder\plugins\mcufinder//mcu/cs/
2023-09-06 14:49:43,124 [INFO] MainPanel:262 - HeapMemory: 268435456
2023-09-06 14:49:43,447 [INFO] DbMcusXml:78 - Set database path to: C:\ST\STM32CubeIDE_1.13.1\STM32CubeIDE\plugins\com.st.stm32cube.common.mx_6.9.1.202307191849\\db\/mcu/
2023-09-06 14:49:43,447 [INFO] ApiDb:274 - Set plugin database path to: C:\ST\STM32CubeIDE_1.13.1\STM32CubeIDE\plugins\com.st.stm32cube.common.mx_6.9.1.202307191849\\db\/plugins/boardmanager/
2023-09-06 14:49:43,447 [INFO] ApiDb:261 - Set plugin images path to: C:\ST\STM32CubeIDE_1.13.1\STM32CubeIDE\plugins\com.st.stm32cube.common.mx_6.9.1.202307191849\\db\/plugins/mcufinder/images/
2023-09-06 14:49:43,448 [WARN] DbFile:41 - Overriding database path with different value: C:\Users\DNK124\.stmcufinder\plugins\mcufinder/ => C:\Users\DNK124\.stmcufinder\plugins\mcufinder
2023-09-06 14:49:43,449 [INFO] ApiDb:250 - Set database path to: C:\Users\DNK124\.stmcufinder\plugins\mcufinder//mcu/
2023-09-06 14:49:43,449 [WARN] DbFile:41 - Overriding database path with different value: C:\Users\DNK124\.stmcufinder\plugins\mcufinder/ => C:\Users\DNK124\.stmcufinder\plugins\mcufinder
2023-09-06 14:49:43,449 [INFO] DbMcusAds:125 - Set database path to: C:\Users\DNK124\.stmcufinder\plugins\mcufinder//mcu/
2023-09-06 14:49:43,449 [WARN] DbFile:41 - Overriding database path with different value: C:\Users\DNK124\.stmcufinder\plugins\mcufinder/ => C:\Users\DNK124\.stmcufinder\plugins\mcufinder
2023-09-06 14:49:43,450 [WARN] DbFile:41 - Overriding database path with different value: C:\Users\DNK124\.stmcufinder\plugins\mcufinder/ => C:\Users\DNK124\.stmcufinder\plugins\mcufinder
2023-09-06 14:49:43,450 [INFO] CrossReferenceDbSqlite:203 - Set database path to: C:\Users\DNK124\.stmcufinder\plugins\mcufinder//mcu/cs/
2023-09-06 14:49:43,530 [INFO] ApplicationProperties:184 - Using Application install path: C:\ST\STM32CubeIDE_1.13.1\STM32CubeIDE\plugins\com.st.stm32cube.common.mx_6.9.1.202307191849
2023-09-06 14:49:43,535 [INFO] PluginManage:196 - Search for loadable plugins [exclusion list=, ]
2023-09-06 14:49:43,538 [INFO] PluginManage:310 - Check plugin analytics
2023-09-06 14:49:43,973 [INFO] AnalyticsPlugin:253 - Accepted Software Licenses: 
2023-09-06 14:49:43,974 [INFO] AnalyticsPlugin:255 - Accepted CMSIS Pack Licenses: 
2023-09-06 14:49:43,974 [INFO] AnalyticsPlugin:257 - Accepted Firmware Licenses: FW.L4.1.18.0
2023-09-06 14:49:43,980 [INFO] PluginManage:359 - Loaded plugin analytics (category:tool,tabindex:-1)
2023-09-06 14:49:43,982 [INFO] PluginManage:310 - Check plugin cadmodel
2023-09-06 14:49:44,017 [INFO] CADModel:105 - Init CAD model plugin
2023-09-06 14:49:44,017 [INFO] PluginManage:359 - Loaded plugin cadmodel (category:power,tabindex:5)
2023-09-06 14:49:44,018 [INFO] PluginManage:310 - Check plugin clock
2023-09-06 14:49:44,062 [INFO] PluginManage:359 - Loaded plugin clock (category:base,tabindex:2)
2023-09-06 14:49:44,062 [INFO] PluginManage:310 - Check plugin ddr
2023-09-06 14:49:44,068 [INFO] PluginManage:359 - Loaded plugin ddr (category:tool,tabindex:6)
2023-09-06 14:49:44,068 [INFO] PluginManage:310 - Check plugin filemanager
2023-09-06 14:49:44,407 [INFO] PluginManage:359 - Loaded plugin filemanager (category:base,tabindex:10)
2023-09-06 14:49:44,407 [INFO] PluginManage:310 - Check plugin ipmanager
2023-09-06 14:49:44,421 [INFO] PluginManage:359 - Loaded plugin ipmanager (category:base,tabindex:5)
2023-09-06 14:49:44,422 [INFO] PluginManage:310 - Check plugin lpbam
2023-09-06 14:49:44,460 [INFO] PluginManage:359 - Loaded plugin lpbam (category:base,tabindex:0)
2023-09-06 14:49:44,461 [INFO] PluginManage:310 - Check plugin memorymap
2023-09-06 14:49:44,511 [INFO] PluginManage:359 - Loaded plugin memorymap (category:base,tabindex:4)
2023-09-06 14:49:44,512 [INFO] PluginManage:310 - Check plugin pinoutandconfiguration
2023-09-06 14:49:44,552 [INFO] PluginManage:359 - Loaded plugin pinoutandconfiguration (category:base,tabindex:1)
2023-09-06 14:49:44,552 [INFO] PluginManage:310 - Check plugin pinoutconfig
2023-09-06 14:49:44,775 [WARN] SupportedApi:132 - Cannot load RTOS API schema: s4s-elt-must-match.1: The content of 'definitions' must match (annotation?, (simpleType | complexType)?, (unique | key | keyref)*)). A problem was found starting at: attribute.
2023-09-06 14:49:45,119 [INFO] PluginManage:359 - Loaded plugin pinoutconfig (category:base,tabindex:0)
2023-09-06 14:49:45,120 [INFO] PluginManage:310 - Check plugin power
2023-09-06 14:49:45,163 [INFO] PluginManage:359 - Loaded plugin power (category:power,tabindex:4)
2023-09-06 14:49:45,163 [INFO] PluginManage:310 - Check plugin projectmanager
2023-09-06 14:49:45,201 [INFO] PluginManage:359 - Loaded plugin projectmanager (category:projectmanager,tabindex:3)
2023-09-06 14:49:45,201 [INFO] PluginManage:310 - Check plugin thirdparty
2023-09-06 14:49:45,780 [INFO] PluginManage:359 - Loaded plugin thirdparty (category:base,tabindex:-1)
2023-09-06 14:49:45,781 [INFO] PluginManage:310 - Check plugin tools
2023-09-06 14:49:45,785 [WARN] IntegrityCheckThread:84 - waiting for thirdparty lock release [integrity check]
2023-09-06 14:49:45,786 [INFO] IntegrityCheckThread:86 - entering critical section [integrity check]
2023-09-06 14:49:45,787 [INFO] ThirdPartyUpdaterWithRetryManager:70 - Updater plugin not ready yet. [1/15]
2023-09-06 14:49:45,881 [INFO] PluginManage:359 - Loaded plugin tools (category:base,tabindex:7)
2023-09-06 14:49:45,881 [INFO] PluginManage:310 - Check plugin tutovideos
2023-09-06 14:49:46,314 [INFO] PluginManage:359 - Loaded plugin tutovideos (category:base,tabindex:-1)
2023-09-06 14:49:46,314 [INFO] PluginManage:310 - Check plugin updater
2023-09-06 14:49:46,331 [INFO] PluginManage:359 - Loaded plugin updater (category:base,tabindex:12)
2023-09-06 14:49:46,331 [INFO] PluginManage:310 - Check plugin userauth
2023-09-06 14:49:46,340 [INFO] UserAuth:113 - Init User Auth plugin
2023-09-06 14:49:46,340 [INFO] PluginManage:359 - Loaded plugin userauth (category:base,tabindex:14)
2023-09-06 14:49:46,341 [INFO] PluginManage:283 - PluginManage : Loaded plugins [17]
2023-09-06 14:49:46,677 [INFO] PinOutPanel:1499 - setPackage(No Configuration,No Configuration)
2023-09-06 14:49:46,854 [INFO] CADModel:165 - CPN selected for project level
2023-09-06 14:49:46,854 [INFO] CADModel:114 - Register for checkConnection events
2023-09-06 14:49:46,890 [INFO] IPUIPlugin:80 - create IPUIPlugin
2023-09-06 14:49:46,890 [INFO] PluginManager:220 - loadIPPluginJar : add adc
2023-09-06 14:49:46,936 [INFO] IPUIPlugin:80 - create IPUIPlugin
2023-09-06 14:49:46,936 [INFO] PluginManager:220 - loadIPPluginJar : add aes
2023-09-06 14:49:46,993 [INFO] IPUIPlugin:80 - create IPUIPlugin
2023-09-06 14:49:46,994 [INFO] PluginManager:220 - loadIPPluginJar : add can
2023-09-06 14:49:47,027 [INFO] IPUIPlugin:80 - create IPUIPlugin
2023-09-06 14:49:47,027 [INFO] PluginManager:220 - loadIPPluginJar : add comp
2023-09-06 14:49:47,069 [INFO] IPUIPlugin:80 - create IPUIPlugin
2023-09-06 14:49:47,069 [INFO] PluginManager:220 - loadIPPluginJar : add cryp
2023-09-06 14:49:47,108 [INFO] IPUIPlugin:80 - create IPUIPlugin
2023-09-06 14:49:47,108 [INFO] PluginManager:220 - loadIPPluginJar : add dfsdm
2023-09-06 14:49:47,125 [INFO] IPUIPlugin:80 - create IPUIPlugin
2023-09-06 14:49:47,126 [INFO] PluginManager:220 - loadIPPluginJar : add dma
2023-09-06 14:49:47,184 [INFO] IPUIPlugin:80 - create IPUIPlugin
2023-09-06 14:49:47,184 [INFO] PluginManager:220 - loadIPPluginJar : add dma3
2023-09-06 14:49:47,213 [INFO] IPUIPlugin:80 - create IPUIPlugin
2023-09-06 14:49:47,214 [INFO] PluginManager:220 - loadIPPluginJar : add fatfs
2023-09-06 14:49:47,289 [INFO] IPUIPlugin:80 - create IPUIPlugin
2023-09-06 14:49:47,289 [INFO] PluginManager:220 - loadIPPluginJar : add fmc
2023-09-06 14:49:47,308 [INFO] IPUIPlugin:80 - create IPUIPlugin
2023-09-06 14:49:47,309 [INFO] PluginManager:220 - loadIPPluginJar : add freertos
2023-09-06 14:49:47,335 [INFO] IPUIPlugin:80 - create IPUIPlugin
2023-09-06 14:49:47,335 [INFO] PluginManager:220 - loadIPPluginJar : add genericplugin
2023-09-06 14:49:47,480 [INFO] IPUIPlugin:80 - create IPUIPlugin
2023-09-06 14:49:47,480 [INFO] PluginManager:220 - loadIPPluginJar : add gfxmmu
2023-09-06 14:49:47,708 [INFO] IPUIPlugin:80 - create IPUIPlugin
2023-09-06 14:49:47,709 [INFO] PluginManager:220 - loadIPPluginJar : add gic
2023-09-06 14:49:47,728 [INFO] IPUIPlugin:80 - create IPUIPlugin
2023-09-06 14:49:47,728 [INFO] PluginManager:220 - loadIPPluginJar : add gpio
2023-09-06 14:49:47,849 [INFO] IPUIPlugin:80 - create IPUIPlugin
2023-09-06 14:49:47,849 [INFO] PluginManager:220 - loadIPPluginJar : add gtzc
2023-09-06 14:49:47,893 [INFO] IPUIPlugin:80 - create IPUIPlugin
2023-09-06 14:49:47,893 [INFO] PluginManager:220 - loadIPPluginJar : add hash
2023-09-06 14:49:47,961 [INFO] IPUIPlugin:80 - create IPUIPlugin
2023-09-06 14:49:47,961 [INFO] PluginManager:220 - loadIPPluginJar : add i2c
2023-09-06 14:49:48,014 [INFO] IPUIPlugin:80 - create IPUIPlugin
2023-09-06 14:49:48,014 [INFO] PluginManager:220 - loadIPPluginJar : add i2s
2023-09-06 14:49:48,068 [INFO] IPUIPlugin:80 - create IPUIPlugin
2023-09-06 14:49:48,068 [INFO] PluginManager:220 - loadIPPluginJar : add i3c
2023-09-06 14:49:48,210 [INFO] IPUIPlugin:80 - create IPUIPlugin
2023-09-06 14:49:48,211 [INFO] PluginManager:220 - loadIPPluginJar : add ipddr
2023-09-06 14:49:48,333 [INFO] IPUIPlugin:80 - create IPUIPlugin
2023-09-06 14:49:48,333 [INFO] PluginManager:220 - loadIPPluginJar : add linkedlist
2023-09-06 14:49:48,377 [INFO] IPUIPlugin:80 - create IPUIPlugin
2023-09-06 14:49:48,378 [INFO] PluginManager:220 - loadIPPluginJar : add lorawan
2023-09-06 14:49:48,425 [INFO] IPUIPlugin:80 - create IPUIPlugin
2023-09-06 14:49:48,425 [INFO] PluginManager:220 - loadIPPluginJar : add ltdc
2023-09-06 14:49:48,453 [INFO] IPUIPlugin:80 - create IPUIPlugin
2023-09-06 14:49:48,453 [INFO] PluginManager:220 - loadIPPluginJar : add mdma
2023-09-06 14:49:48,475 [INFO] IPUIPlugin:80 - create IPUIPlugin
2023-09-06 14:49:48,476 [INFO] PluginManager:220 - loadIPPluginJar : add nvic
2023-09-06 14:49:48,546 [INFO] IPUIPlugin:80 - create IPUIPlugin
2023-09-06 14:49:48,546 [INFO] PluginManager:220 - loadIPPluginJar : add opamp
2023-09-06 14:49:48,636 [INFO] IPUIPlugin:80 - create IPUIPlugin
2023-09-06 14:49:48,636 [INFO] PluginManager:220 - loadIPPluginJar : add openamp
2023-09-06 14:49:48,775 [INFO] IPUIPlugin:80 - create IPUIPlugin
2023-09-06 14:49:48,775 [INFO] PluginManager:220 - loadIPPluginJar : add pdm2pcm
2023-09-06 14:49:48,788 [INFO] ThirdPartyUpdaterWithRetryManager:70 - Updater plugin not ready yet. [2/15]
2023-09-06 14:49:48,801 [INFO] IPUIPlugin:80 - create IPUIPlugin
2023-09-06 14:49:48,805 [INFO] PluginManager:220 - loadIPPluginJar : add plateformsettings
2023-09-06 14:49:48,858 [INFO] IPUIPlugin:80 - create IPUIPlugin
2023-09-06 14:49:48,859 [INFO] PluginManager:220 - loadIPPluginJar : add quadspi
2023-09-06 14:49:48,877 [INFO] IPUIPlugin:80 - create IPUIPlugin
2023-09-06 14:49:48,877 [INFO] PluginManager:220 - loadIPPluginJar : add resmgrutility
2023-09-06 14:49:48,940 [INFO] IPUIPlugin:80 - create IPUIPlugin
2023-09-06 14:49:48,940 [INFO] PluginManager:220 - loadIPPluginJar : add sai
2023-09-06 14:49:48,990 [INFO] IPUIPlugin:80 - create IPUIPlugin
2023-09-06 14:49:48,990 [INFO] PluginManager:220 - loadIPPluginJar : add spi
2023-09-06 14:49:49,063 [INFO] IPUIPlugin:80 - create IPUIPlugin
2023-09-06 14:49:49,063 [INFO] PluginManager:220 - loadIPPluginJar : add stm32_wpan
2023-09-06 14:49:49,095 [INFO] IPUIPlugin:80 - create IPUIPlugin
2023-09-06 14:49:49,095 [INFO] PluginManager:220 - loadIPPluginJar : add tim
2023-09-06 14:49:49,167 [INFO] IPUIPlugin:80 - create IPUIPlugin
2023-09-06 14:49:49,167 [INFO] PluginManager:220 - loadIPPluginJar : add touchsensing
2023-09-06 14:49:49,199 [INFO] IPUIPlugin:80 - create IPUIPlugin
2023-09-06 14:49:49,199 [INFO] PluginManager:220 - loadIPPluginJar : add tracer_emb
2023-09-06 14:49:49,229 [INFO] IPUIPlugin:80 - create IPUIPlugin
2023-09-06 14:49:49,229 [INFO] PluginManager:220 - loadIPPluginJar : add ts
2023-09-06 14:49:49,256 [INFO] IPUIPlugin:80 - create IPUIPlugin
2023-09-06 14:49:49,256 [INFO] PluginManager:220 - loadIPPluginJar : add tsc
2023-09-06 14:49:49,284 [INFO] IPUIPlugin:80 - create IPUIPlugin
2023-09-06 14:49:49,284 [INFO] PluginManager:220 - loadIPPluginJar : add ucpd
2023-09-06 14:49:49,358 [INFO] IPUIPlugin:80 - create IPUIPlugin
2023-09-06 14:49:49,358 [INFO] PluginManager:220 - loadIPPluginJar : add usart
2023-09-06 14:49:49,423 [INFO] IPUIPlugin:80 - create IPUIPlugin
2023-09-06 14:49:49,424 [INFO] PluginManager:220 - loadIPPluginJar : add usbx
2023-09-06 14:49:49,574 [INFO] CADModel:165 - CPN selected for project level
2023-09-06 14:49:49,574 [INFO] CADModel:114 - Register for checkConnection events
2023-09-06 14:49:49,575 [FATAL] Updater:308 - Updater called before beeing initialized
2023-09-06 14:49:49,575 [ERROR] CADModel:125 - Updater not yet initialized, retry later 
2023-09-06 14:49:49,776 [INFO] CADModel:165 - CPN selected for project level
2023-09-06 14:49:49,776 [INFO] CADModel:114 - Register for checkConnection events
2023-09-06 14:49:49,777 [FATAL] Updater:308 - Updater called before beeing initialized
2023-09-06 14:49:49,777 [ERROR] CADModel:125 - Updater not yet initialized, retry later 
2023-09-06 14:49:49,781 [FATAL] Updater:308 - Updater called before beeing initialized
2023-09-06 14:49:49,960 [FATAL] Updater:308 - Updater called before beeing initialized
2023-09-06 14:49:49,975 [INFO] DbMcusAds:53 - JSON generation date=Tue Mar 07 14:20:55 IST 2023 (1678179055114)
2023-09-06 14:49:49,975 [FATAL] Updater:308 - Updater called before beeing initialized
2023-09-06 14:49:50,039 [WARN] DetailPanel:346 - Failed to get advertising image, set to default
2023-09-06 14:49:50,169 [FATAL] Updater:308 - Updater called before beeing initialized
2023-09-06 14:49:50,173 [FATAL] Updater:308 - Updater called before beeing initialized
2023-09-06 14:49:50,173 [FATAL] Updater:308 - Updater called before beeing initialized
2023-09-06 14:49:50,173 [WARN] DetailPanel:346 - Failed to get advertising image, set to default
2023-09-06 14:49:50,175 [FATAL] Updater:308 - Updater called before beeing initialized
2023-09-06 14:49:50,269 [ERROR] Updater:1120 - MainUpdater not yet initialized. External WinMGr cannot be set.
2023-09-06 14:49:50,290 [INFO] Updater:1056 - Updater Version found : 6.9.1
2023-09-06 14:49:50,337 [INFO] ApplicationProperties:184 - Using Application install path: C:\ST\STM32CubeIDE_1.13.1\STM32CubeIDE\plugins\com.st.stm32cube.common.mx_6.9.1.202307191849
2023-09-06 14:49:50,782 [INFO] MainUpdater:2868 - connection check result : 10
2023-09-06 14:49:50,784 [INFO] MainUpdater:285 - Updater Check For Update Now.
2023-09-06 14:49:50,784 [INFO] MicroXplorer:498 - Change Database Version : DB.6.0.91
2023-09-06 14:49:50,809 [INFO] McuFinderGlobals:63 - Set McuFinder mode to 2 (CubeIDE integrated)
2023-09-06 14:49:51,186 [INFO] CheckServerUpdateThread:120 - End of CheckServer Thread
2023-09-06 14:49:52,170 [WARN] PackLoader:240 - Cannot read IP mode file for STMicroelectronics.X-CUBE-SMBUS.2.1.0
2023-09-06 14:49:52,429 [WARN] PackLoader:240 - Cannot read IP mode file for STMicroelectronics.X-CUBE-AZRTOS-F7.1.1.0
2023-09-06 14:49:52,511 [WARN] PackLoader:240 - Cannot read IP mode file for STMicroelectronics.FP-SNS-MOTENV1.4.3.2
2023-09-06 14:49:52,545 [WARN] PackLoader:240 - Cannot read IP mode file for STMicroelectronics.FP-SNS-FLIGHT1.5.0.2
2023-09-06 14:49:52,636 [WARN] PackLoader:240 - Cannot read IP mode file for STMicroelectronics.X-CUBE-DISPLAY.3.0.0
2023-09-06 14:49:52,700 [WARN] PackLoader:240 - Cannot read IP mode file for STMicroelectronics.X-CUBE-BLE1.7.0.0
2023-09-06 14:49:52,736 [WARN] PackLoader:240 - Cannot read IP mode file for emotas.I-CUBE-CANOPEN.1.3.0
2023-09-06 14:49:52,771 [WARN] PackLoader:240 - Cannot read IP mode file for STMicroelectronics.X-CUBE-TOUCHGFX.4.22.0
2023-09-06 14:49:52,835 [INFO] LogOutputStream:77 - [STDOUT_REDIRECT] 1 : Invalid condition id : UX_CORESTACK_Condition cause : null
2023-09-06 14:49:52,836 [INFO] LogOutputStream:77 - [STDOUT_REDIRECT] 1 : Invalid condition id : UX_CORESTACK_Condition cause : null
2023-09-06 14:49:52,839 [INFO] LogOutputStream:77 - [STDOUT_REDIRECT] 1 : Invalid condition id : UX_CORESTACK_Condition cause : null
2023-09-06 14:49:52,842 [INFO] LogOutputStream:77 - [STDOUT_REDIRECT] 1 : Invalid condition id : UX_CORESTACK_Condition cause : null
2023-09-06 14:49:52,845 [INFO] LogOutputStream:77 - [STDOUT_REDIRECT] 1 : Invalid condition id : UX_CORESTACK_Condition cause : null
2023-09-06 14:49:52,867 [WARN] PackLoader:240 - Cannot read IP mode file for STMicroelectronics.X-CUBE-AZRTOS-WL.2.0.0
2023-09-06 14:49:52,906 [WARN] PackLoader:240 - Cannot read IP mode file for WES.I-CUBE-Cesium.1.3.0
2023-09-06 14:49:52,932 [WARN] PackLoader:240 - Cannot read IP mode file for STMicroelectronics.X-CUBE-BLE2.3.3.0
2023-09-06 14:49:52,975 [WARN] PackLoader:240 - Cannot read IP mode file for STMicroelectronics.X-CUBE-ALGOBUILD.1.3.0
2023-09-06 14:49:53,034 [WARN] PackLoader:240 - Cannot read IP mode file for STMicroelectronics.X-CUBE-AZRTOS-G0.1.1.0
2023-09-06 14:49:53,066 [WARN] PackLoader:240 - Cannot read IP mode file for STMicroelectronics.X-CUBE-NFC4.3.0.0
2023-09-06 14:49:53,092 [WARN] PackLoader:240 - Cannot read IP mode file for STMicroelectronics.FP-ATR-SIGFOX1.3.2.0
2023-09-06 14:49:53,163 [WARN] PackLoader:240 - Cannot read IP mode file for SEGGER.I-CUBE-embOS.1.3.1
2023-09-06 14:49:53,251 [WARN] PackLoader:240 - Cannot read IP mode file for STMicroelectronics.X-CUBE-GNSS1.6.0.0
2023-09-06 14:49:53,301 [WARN] PackLoader:240 - Cannot read IP mode file for STMicroelectronics.X-CUBE-AZRTOS-F4.1.1.0
2023-09-06 14:49:53,320 [WARN] PackLoader:240 - Cannot read IP mode file for wolfSSL.I-CUBE-wolfSSL.5.6.3
2023-09-06 14:49:53,386 [WARN] PackLoader:240 - Cannot read IP mode file for STMicroelectronics.X-CUBE-AZRTOS-L5.2.0.0
2023-09-06 14:49:53,528 [WARN] PackLoader:240 - Cannot read IP mode file for STMicroelectronics.X-CUBE-MEMS1.9.6.0
2023-09-06 14:49:53,935 [WARN] PackLoader:240 - Cannot read IP mode file for STMicroelectronics.X-CUBE-BLEMGR.2.0.0
2023-09-06 14:49:53,996 [WARN] ConditionMgr:438 - getConditionDescription Invalid condition id : UX DEVICE CLASS RTOS Condition cause : null
2023-09-06 14:49:53,997 [WARN] ConditionMgr:438 - getConditionDescription Invalid condition id : UX DEVICE CLASS RTOS Condition cause : null
2023-09-06 14:49:54,003 [WARN] PackLoader:240 - Cannot read IP mode file for STMicroelectronics.X-CUBE-AZRTOS-H7.3.1.0
2023-09-06 14:49:54,005 [WARN] ConditionMgr:1039 - genDependencies : Invalid condition id : UX DEVICE CLASS RTOS Condition cause : null
2023-09-06 14:49:54,005 [WARN] ConditionMgr:1039 - genDependencies : Invalid condition id : UX DEVICE CLASS RTOS Condition cause : null
2023-09-06 14:49:54,007 [WARN] ConditionMgr:1039 - genDependencies : Invalid condition id : UX DEVICE CLASS RTOS Condition cause : null
2023-09-06 14:49:54,008 [WARN] ConditionMgr:1039 - genDependencies : Invalid condition id : UX DEVICE CLASS RTOS Condition cause : null
2023-09-06 14:49:54,008 [WARN] ConditionMgr:1039 - genDependencies : Invalid condition id : UX DEVICE CLASS RTOS Condition cause : null
2023-09-06 14:49:54,040 [WARN] PackLoader:240 - Cannot read IP mode file for STMicroelectronics.X-CUBE-NFC7.1.0.1
2023-09-06 14:49:54,062 [WARN] PackLoader:240 - Cannot read IP mode file for STMicroelectronics.X-CUBE-EEPRMA1.4.1.0
2023-09-06 14:49:54,078 [WARN] PackLoader:240 - Cannot read IP mode file for STMicroelectronics.X-CUBE-AI.8.1.0
2023-09-06 14:49:54,122 [WARN] ConditionMgr:438 - getConditionDescription Invalid condition id : LAN8742 Phy interface Condition cause : null
2023-09-06 14:49:54,122 [WARN] PackLoader:240 - Cannot read IP mode file for STMicroelectronics.X-CUBE-AZRTOS-L4.2.0.0
2023-09-06 14:49:54,125 [WARN] ConditionMgr:1039 - genDependencies : Invalid condition id : LAN8742 Phy interface Condition cause : null
2023-09-06 14:49:54,126 [WARN] ConditionMgr:1039 - genDependencies : Invalid condition id : LAN8742 Phy interface Condition cause : null
2023-09-06 14:49:54,127 [WARN] ConditionMgr:1039 - genDependencies : Invalid condition id : LAN8742 Phy interface Condition cause : null
2023-09-06 14:49:54,154 [WARN] PackLoader:240 - Cannot read IP mode file for STMicroelectronics.X-CUBE-SFXS2LP1.4.0.0
2023-09-06 14:49:54,170 [WARN] PackLoader:240 - Cannot read IP mode file for STMicroelectronics.X-CUBE-ISPU.1.1.0
2023-09-06 14:49:54,207 [WARN] ConditionMgr:438 - getConditionDescription Invalid condition id : UX DEVICE CLASS RTOS Condition cause : null
2023-09-06 14:49:54,207 [WARN] ConditionMgr:438 - getConditionDescription Invalid condition id : UX DEVICE CLASS RTOS Condition cause : null
2023-09-06 14:49:54,211 [WARN] PackLoader:240 - Cannot read IP mode file for STMicroelectronics.X-CUBE-AZRTOS-WB.2.0.0
2023-09-06 14:49:54,212 [WARN] ConditionMgr:1039 - genDependencies : Invalid condition id : UX DEVICE CLASS RTOS Condition cause : null
2023-09-06 14:49:54,213 [WARN] ConditionMgr:1039 - genDependencies : Invalid condition id : UX DEVICE CLASS RTOS Condition cause : null
2023-09-06 14:49:54,214 [WARN] ConditionMgr:1039 - genDependencies : Invalid condition id : UX DEVICE CLASS RTOS Condition cause : null
2023-09-06 14:49:54,215 [WARN] ConditionMgr:1039 - genDependencies : Invalid condition id : UX DEVICE CLASS RTOS Condition cause : null
2023-09-06 14:49:54,215 [WARN] ConditionMgr:1039 - genDependencies : Invalid condition id : UX DEVICE CLASS RTOS Condition cause : null
2023-09-06 14:49:54,236 [WARN] PackLoader:240 - Cannot read IP mode file for STMicroelectronics.X-CUBE-FREERTOS.1.0.1
2023-09-06 14:49:54,265 [WARN] PackLoader:240 - Cannot read IP mode file for STMicroelectronics.X-CUBE-SUBG2.5.0.0
2023-09-06 14:49:54,293 [WARN] PackLoader:240 - Cannot read IP mode file for STMicroelectronics.X-CUBE-TOF1.3.3.1
2023-09-06 14:49:54,337 [WARN] PackLoader:240 - Cannot read IP mode file for STMicroelectronics.X-CUBE-AZRTOS-G4.2.0.0
2023-09-06 14:49:54,356 [WARN] PackLoader:240 - Cannot read IP mode file for STMicroelectronics.X-CUBE-FREERTOS.1.1.0
2023-09-06 14:49:54,375 [WARN] PackLoader:240 - Cannot read IP mode file for portGmbH.I-Cube-SoM-uGOAL.1.1.0
2023-09-06 14:49:54,402 [WARN] PackLoader:240 - Cannot read IP mode file for STMicroelectronics.X-CUBE-ALS.1.0.1
2023-09-06 14:49:54,421 [WARN] PackLoader:240 - Cannot read IP mode file for STMicroelectronics.FP-ATR-ASTRA1.2.0.0
2023-09-06 14:49:54,422 [INFO] ThirdParty:978 - Integrity check success = true
2023-09-06 14:49:54,423 [INFO] IntegrityCheckThread:100 - exiting critical section [integrity check]
2023-09-06 14:49:54,423 [INFO] IntegrityCheckThread:103 - End integrity checks thread
2023-09-06 14:50:13,444 [ERROR] LogOutputStream:75 - [STDERR_REDIRECT] SLF4J: Failed to load class "org.slf4j.impl.StaticLoggerBinder".
2023-09-06 14:50:13,445 [ERROR] LogOutputStream:75 - [STDERR_REDIRECT] SLF4J: Defaulting to no-operation (NOP) logger implementation
2023-09-06 14:50:13,449 [ERROR] LogOutputStream:75 - [STDERR_REDIRECT] SLF4J: See http://www.slf4j.org/codes.html#StaticLoggerBinder for further details.
