2023-09-04 13:19:30,574 [INFO] Activator:176 - 


2023-09-04 13:19:30,588 [INFO] Activator:177 - !SESSION log4j initialized
2023-09-04 13:19:37,930 [INFO] LogOutputStream:77 - [STDOUT_REDIRECT] 
2023-09-04 13:19:42,493 [INFO] ApplicationProperties:184 - Using Application install path: C:\ST\STM32CubeIDE_1.13.1\STM32CubeIDE\plugins\com.st.stm32cube.common.mx_6.9.1.202307191849
2023-09-04 13:19:42,519 [INFO] DbMcusXml:78 - Set database path to: C:\ST\STM32CubeIDE_1.13.1\STM32CubeIDE\plugins\com.st.stm32cube.common.mx_6.9.1.202307191849\\db\/mcu/
2023-09-04 13:19:42,520 [INFO] ApiDb:274 - Set plugin database path to: C:\ST\STM32CubeIDE_1.13.1\STM32CubeIDE\plugins\com.st.stm32cube.common.mx_6.9.1.202307191849\\db\/plugins/boardmanager/
2023-09-04 13:19:42,521 [WARN] ApiDb:259 - Overriding images path with different value:  => C:\ST\STM32CubeIDE_1.13.1\STM32CubeIDE\plugins\com.st.stm32cube.common.mx_6.9.1.202307191849\\db\/plugins/mcufinder/images/
2023-09-04 13:19:42,539 [INFO] ApiDb:250 - Set database path to: C:\Users\DNK124\.stmcufinder\plugins\mcufinder//mcu/
2023-09-04 13:19:42,541 [INFO] DbMcusAds:125 - Set database path to: C:\Users\DNK124\.stmcufinder\plugins\mcufinder//mcu/
2023-09-04 13:19:42,544 [INFO] CrossReferenceDbSqlite:203 - Set database path to: C:\Users\DNK124\.stmcufinder\plugins\mcufinder//mcu/cs/
2023-09-04 13:19:42,748 [INFO] RulesReader:64 - Compatibility file has been processed (293 Rules)
2023-09-04 13:19:42,895 [INFO] DbMcusXml:78 - Set database path to: C:\ST\STM32CubeIDE_1.13.1\STM32CubeIDE\plugins\com.st.stm32cube.common.mx_6.9.1.202307191849\\db\/mcu/
2023-09-04 13:19:42,895 [INFO] ApiDb:274 - Set plugin database path to: C:\ST\STM32CubeIDE_1.13.1\STM32CubeIDE\plugins\com.st.stm32cube.common.mx_6.9.1.202307191849\\db\/plugins/boardmanager/
2023-09-04 13:19:42,896 [INFO] ApiDb:261 - Set plugin images path to: C:\ST\STM32CubeIDE_1.13.1\STM32CubeIDE\plugins\com.st.stm32cube.common.mx_6.9.1.202307191849\\db\/plugins/mcufinder/images/
2023-09-04 13:19:42,897 [WARN] DbFile:41 - Overriding database path with different value: C:\Users\DNK124\.stmcufinder\plugins\mcufinder/ => C:\Users\DNK124\.stmcufinder\plugins\mcufinder
2023-09-04 13:19:42,897 [INFO] ApiDb:250 - Set database path to: C:\Users\DNK124\.stmcufinder\plugins\mcufinder//mcu/
2023-09-04 13:19:42,897 [WARN] DbFile:41 - Overriding database path with different value: C:\Users\DNK124\.stmcufinder\plugins\mcufinder/ => C:\Users\DNK124\.stmcufinder\plugins\mcufinder
2023-09-04 13:19:42,897 [INFO] DbMcusAds:125 - Set database path to: C:\Users\DNK124\.stmcufinder\plugins\mcufinder//mcu/
2023-09-04 13:19:42,898 [WARN] DbFile:41 - Overriding database path with different value: C:\Users\DNK124\.stmcufinder\plugins\mcufinder/ => C:\Users\DNK124\.stmcufinder\plugins\mcufinder
2023-09-04 13:19:42,898 [WARN] DbFile:41 - Overriding database path with different value: C:\Users\DNK124\.stmcufinder\plugins\mcufinder/ => C:\Users\DNK124\.stmcufinder\plugins\mcufinder
2023-09-04 13:19:42,898 [INFO] CrossReferenceDbSqlite:203 - Set database path to: C:\Users\DNK124\.stmcufinder\plugins\mcufinder//mcu/cs/
2023-09-04 13:19:43,053 [INFO] MainPanel:262 - HeapMemory: 268435456
2023-09-04 13:19:43,210 [INFO] DbMcusXml:78 - Set database path to: C:\ST\STM32CubeIDE_1.13.1\STM32CubeIDE\plugins\com.st.stm32cube.common.mx_6.9.1.202307191849\\db\/mcu/
2023-09-04 13:19:43,210 [INFO] ApiDb:274 - Set plugin database path to: C:\ST\STM32CubeIDE_1.13.1\STM32CubeIDE\plugins\com.st.stm32cube.common.mx_6.9.1.202307191849\\db\/plugins/boardmanager/
2023-09-04 13:19:43,210 [INFO] ApiDb:261 - Set plugin images path to: C:\ST\STM32CubeIDE_1.13.1\STM32CubeIDE\plugins\com.st.stm32cube.common.mx_6.9.1.202307191849\\db\/plugins/mcufinder/images/
2023-09-04 13:19:43,211 [WARN] DbFile:41 - Overriding database path with different value: C:\Users\DNK124\.stmcufinder\plugins\mcufinder/ => C:\Users\DNK124\.stmcufinder\plugins\mcufinder
2023-09-04 13:19:43,211 [INFO] ApiDb:250 - Set database path to: C:\Users\DNK124\.stmcufinder\plugins\mcufinder//mcu/
2023-09-04 13:19:43,212 [WARN] DbFile:41 - Overriding database path with different value: C:\Users\DNK124\.stmcufinder\plugins\mcufinder/ => C:\Users\DNK124\.stmcufinder\plugins\mcufinder
2023-09-04 13:19:43,212 [INFO] DbMcusAds:125 - Set database path to: C:\Users\DNK124\.stmcufinder\plugins\mcufinder//mcu/
2023-09-04 13:19:43,212 [WARN] DbFile:41 - Overriding database path with different value: C:\Users\DNK124\.stmcufinder\plugins\mcufinder/ => C:\Users\DNK124\.stmcufinder\plugins\mcufinder
2023-09-04 13:19:43,213 [WARN] DbFile:41 - Overriding database path with different value: C:\Users\DNK124\.stmcufinder\plugins\mcufinder/ => C:\Users\DNK124\.stmcufinder\plugins\mcufinder
2023-09-04 13:19:43,213 [INFO] CrossReferenceDbSqlite:203 - Set database path to: C:\Users\DNK124\.stmcufinder\plugins\mcufinder//mcu/cs/
2023-09-04 13:19:43,271 [INFO] ApplicationProperties:184 - Using Application install path: C:\ST\STM32CubeIDE_1.13.1\STM32CubeIDE\plugins\com.st.stm32cube.common.mx_6.9.1.202307191849
2023-09-04 13:19:43,273 [INFO] PluginManage:196 - Search for loadable plugins [exclusion list=, ]
2023-09-04 13:19:43,276 [INFO] PluginManage:310 - Check plugin analytics
2023-09-04 13:19:43,714 [INFO] AnalyticsPlugin:253 - Accepted Software Licenses: 
2023-09-04 13:19:43,715 [INFO] AnalyticsPlugin:255 - Accepted CMSIS Pack Licenses: 
2023-09-04 13:19:43,716 [INFO] AnalyticsPlugin:257 - Accepted Firmware Licenses: FW.L4.1.18.0
2023-09-04 13:19:43,720 [INFO] PluginManage:359 - Loaded plugin analytics (category:tool,tabindex:-1)
2023-09-04 13:19:43,722 [INFO] PluginManage:310 - Check plugin cadmodel
2023-09-04 13:19:43,771 [INFO] CADModel:105 - Init CAD model plugin
2023-09-04 13:19:43,771 [INFO] PluginManage:359 - Loaded plugin cadmodel (category:power,tabindex:5)
2023-09-04 13:19:43,772 [INFO] PluginManage:310 - Check plugin clock
2023-09-04 13:19:43,821 [INFO] PluginManage:359 - Loaded plugin clock (category:base,tabindex:2)
2023-09-04 13:19:43,821 [INFO] PluginManage:310 - Check plugin ddr
2023-09-04 13:19:43,827 [INFO] PluginManage:359 - Loaded plugin ddr (category:tool,tabindex:6)
2023-09-04 13:19:43,827 [INFO] PluginManage:310 - Check plugin filemanager
2023-09-04 13:19:44,093 [INFO] PluginManage:359 - Loaded plugin filemanager (category:base,tabindex:10)
2023-09-04 13:19:44,093 [INFO] PluginManage:310 - Check plugin ipmanager
2023-09-04 13:19:44,110 [INFO] PluginManage:359 - Loaded plugin ipmanager (category:base,tabindex:5)
2023-09-04 13:19:44,111 [INFO] PluginManage:310 - Check plugin lpbam
2023-09-04 13:19:44,147 [INFO] PluginManage:359 - Loaded plugin lpbam (category:base,tabindex:0)
2023-09-04 13:19:44,148 [INFO] PluginManage:310 - Check plugin memorymap
2023-09-04 13:19:44,185 [INFO] PluginManage:359 - Loaded plugin memorymap (category:base,tabindex:4)
2023-09-04 13:19:44,185 [INFO] PluginManage:310 - Check plugin pinoutandconfiguration
2023-09-04 13:19:44,212 [INFO] PluginManage:359 - Loaded plugin pinoutandconfiguration (category:base,tabindex:1)
2023-09-04 13:19:44,212 [INFO] PluginManage:310 - Check plugin pinoutconfig
2023-09-04 13:19:44,356 [WARN] SupportedApi:132 - Cannot load RTOS API schema: s4s-elt-must-match.1: The content of 'definitions' must match (annotation?, (simpleType | complexType)?, (unique | key | keyref)*)). A problem was found starting at: attribute.
2023-09-04 13:19:44,675 [INFO] PluginManage:359 - Loaded plugin pinoutconfig (category:base,tabindex:0)
2023-09-04 13:19:44,676 [INFO] PluginManage:310 - Check plugin power
2023-09-04 13:19:44,710 [INFO] PluginManage:359 - Loaded plugin power (category:power,tabindex:4)
2023-09-04 13:19:44,711 [INFO] PluginManage:310 - Check plugin projectmanager
2023-09-04 13:19:44,743 [INFO] PluginManage:359 - Loaded plugin projectmanager (category:projectmanager,tabindex:3)
2023-09-04 13:19:44,743 [INFO] PluginManage:310 - Check plugin thirdparty
2023-09-04 13:19:45,185 [INFO] PluginManage:359 - Loaded plugin thirdparty (category:base,tabindex:-1)
2023-09-04 13:19:45,185 [INFO] PluginManage:310 - Check plugin tools
2023-09-04 13:19:45,185 [WARN] IntegrityCheckThread:84 - waiting for thirdparty lock release [integrity check]
2023-09-04 13:19:45,186 [INFO] IntegrityCheckThread:86 - entering critical section [integrity check]
2023-09-04 13:19:45,186 [INFO] ThirdPartyUpdaterWithRetryManager:70 - Updater plugin not ready yet. [1/15]
2023-09-04 13:19:45,238 [INFO] PluginManage:359 - Loaded plugin tools (category:base,tabindex:7)
2023-09-04 13:19:45,239 [INFO] PluginManage:310 - Check plugin tutovideos
2023-09-04 13:19:45,516 [INFO] PluginManage:359 - Loaded plugin tutovideos (category:base,tabindex:-1)
2023-09-04 13:19:45,517 [INFO] PluginManage:310 - Check plugin updater
2023-09-04 13:19:45,535 [INFO] PluginManage:359 - Loaded plugin updater (category:base,tabindex:12)
2023-09-04 13:19:45,535 [INFO] PluginManage:310 - Check plugin userauth
2023-09-04 13:19:45,544 [INFO] UserAuth:113 - Init User Auth plugin
2023-09-04 13:19:45,544 [INFO] PluginManage:359 - Loaded plugin userauth (category:base,tabindex:14)
2023-09-04 13:19:45,546 [INFO] PluginManage:283 - PluginManage : Loaded plugins [17]
2023-09-04 13:19:45,936 [INFO] PinOutPanel:1499 - setPackage(No Configuration,No Configuration)
2023-09-04 13:19:46,113 [INFO] CADModel:165 - CPN selected for project level
2023-09-04 13:19:46,113 [INFO] CADModel:114 - Register for checkConnection events
2023-09-04 13:19:46,152 [INFO] IPUIPlugin:80 - create IPUIPlugin
2023-09-04 13:19:46,152 [INFO] PluginManager:220 - loadIPPluginJar : add adc
2023-09-04 13:19:46,205 [INFO] IPUIPlugin:80 - create IPUIPlugin
2023-09-04 13:19:46,206 [INFO] PluginManager:220 - loadIPPluginJar : add aes
2023-09-04 13:19:46,279 [INFO] IPUIPlugin:80 - create IPUIPlugin
2023-09-04 13:19:46,279 [INFO] PluginManager:220 - loadIPPluginJar : add can
2023-09-04 13:19:46,312 [INFO] IPUIPlugin:80 - create IPUIPlugin
2023-09-04 13:19:46,312 [INFO] PluginManager:220 - loadIPPluginJar : add comp
2023-09-04 13:19:46,359 [INFO] IPUIPlugin:80 - create IPUIPlugin
2023-09-04 13:19:46,359 [INFO] PluginManager:220 - loadIPPluginJar : add cryp
2023-09-04 13:19:46,406 [INFO] IPUIPlugin:80 - create IPUIPlugin
2023-09-04 13:19:46,406 [INFO] PluginManager:220 - loadIPPluginJar : add dfsdm
2023-09-04 13:19:46,432 [INFO] IPUIPlugin:80 - create IPUIPlugin
2023-09-04 13:19:46,433 [INFO] PluginManager:220 - loadIPPluginJar : add dma
2023-09-04 13:19:46,519 [INFO] IPUIPlugin:80 - create IPUIPlugin
2023-09-04 13:19:46,519 [INFO] PluginManager:220 - loadIPPluginJar : add dma3
2023-09-04 13:19:46,553 [INFO] IPUIPlugin:80 - create IPUIPlugin
2023-09-04 13:19:46,553 [INFO] PluginManager:220 - loadIPPluginJar : add fatfs
2023-09-04 13:19:46,625 [INFO] IPUIPlugin:80 - create IPUIPlugin
2023-09-04 13:19:46,625 [INFO] PluginManager:220 - loadIPPluginJar : add fmc
2023-09-04 13:19:46,651 [INFO] IPUIPlugin:80 - create IPUIPlugin
2023-09-04 13:19:46,651 [INFO] PluginManager:220 - loadIPPluginJar : add freertos
2023-09-04 13:19:46,679 [INFO] IPUIPlugin:80 - create IPUIPlugin
2023-09-04 13:19:46,680 [INFO] PluginManager:220 - loadIPPluginJar : add genericplugin
2023-09-04 13:19:46,814 [INFO] IPUIPlugin:80 - create IPUIPlugin
2023-09-04 13:19:46,815 [INFO] PluginManager:220 - loadIPPluginJar : add gfxmmu
2023-09-04 13:19:46,999 [INFO] IPUIPlugin:80 - create IPUIPlugin
2023-09-04 13:19:47,000 [INFO] PluginManager:220 - loadIPPluginJar : add gic
2023-09-04 13:19:47,019 [INFO] IPUIPlugin:80 - create IPUIPlugin
2023-09-04 13:19:47,019 [INFO] PluginManager:220 - loadIPPluginJar : add gpio
2023-09-04 13:19:47,146 [INFO] IPUIPlugin:80 - create IPUIPlugin
2023-09-04 13:19:47,146 [INFO] PluginManager:220 - loadIPPluginJar : add gtzc
2023-09-04 13:19:47,209 [INFO] IPUIPlugin:80 - create IPUIPlugin
2023-09-04 13:19:47,209 [INFO] PluginManager:220 - loadIPPluginJar : add hash
2023-09-04 13:19:47,286 [INFO] IPUIPlugin:80 - create IPUIPlugin
2023-09-04 13:19:47,287 [INFO] PluginManager:220 - loadIPPluginJar : add i2c
2023-09-04 13:19:47,342 [INFO] IPUIPlugin:80 - create IPUIPlugin
2023-09-04 13:19:47,342 [INFO] PluginManager:220 - loadIPPluginJar : add i2s
2023-09-04 13:19:47,397 [INFO] IPUIPlugin:80 - create IPUIPlugin
2023-09-04 13:19:47,397 [INFO] PluginManager:220 - loadIPPluginJar : add i3c
2023-09-04 13:19:47,537 [INFO] IPUIPlugin:80 - create IPUIPlugin
2023-09-04 13:19:47,538 [INFO] PluginManager:220 - loadIPPluginJar : add ipddr
2023-09-04 13:19:47,658 [INFO] IPUIPlugin:80 - create IPUIPlugin
2023-09-04 13:19:47,658 [INFO] PluginManager:220 - loadIPPluginJar : add linkedlist
2023-09-04 13:19:47,705 [INFO] IPUIPlugin:80 - create IPUIPlugin
2023-09-04 13:19:47,705 [INFO] PluginManager:220 - loadIPPluginJar : add lorawan
2023-09-04 13:19:47,753 [INFO] IPUIPlugin:80 - create IPUIPlugin
2023-09-04 13:19:47,753 [INFO] PluginManager:220 - loadIPPluginJar : add ltdc
2023-09-04 13:19:47,772 [INFO] IPUIPlugin:80 - create IPUIPlugin
2023-09-04 13:19:47,772 [INFO] PluginManager:220 - loadIPPluginJar : add mdma
2023-09-04 13:19:47,788 [INFO] IPUIPlugin:80 - create IPUIPlugin
2023-09-04 13:19:47,788 [INFO] PluginManager:220 - loadIPPluginJar : add nvic
2023-09-04 13:19:47,834 [INFO] IPUIPlugin:80 - create IPUIPlugin
2023-09-04 13:19:47,834 [INFO] PluginManager:220 - loadIPPluginJar : add opamp
2023-09-04 13:19:47,912 [INFO] IPUIPlugin:80 - create IPUIPlugin
2023-09-04 13:19:47,913 [INFO] PluginManager:220 - loadIPPluginJar : add openamp
2023-09-04 13:19:47,969 [INFO] IPUIPlugin:80 - create IPUIPlugin
2023-09-04 13:19:47,969 [INFO] PluginManager:220 - loadIPPluginJar : add pdm2pcm
2023-09-04 13:19:47,988 [INFO] IPUIPlugin:80 - create IPUIPlugin
2023-09-04 13:19:47,991 [INFO] PluginManager:220 - loadIPPluginJar : add plateformsettings
2023-09-04 13:19:48,020 [INFO] IPUIPlugin:80 - create IPUIPlugin
2023-09-04 13:19:48,020 [INFO] PluginManager:220 - loadIPPluginJar : add quadspi
2023-09-04 13:19:48,036 [INFO] IPUIPlugin:80 - create IPUIPlugin
2023-09-04 13:19:48,036 [INFO] PluginManager:220 - loadIPPluginJar : add resmgrutility
2023-09-04 13:19:48,098 [INFO] IPUIPlugin:80 - create IPUIPlugin
2023-09-04 13:19:48,098 [INFO] PluginManager:220 - loadIPPluginJar : add sai
2023-09-04 13:19:48,147 [INFO] IPUIPlugin:80 - create IPUIPlugin
2023-09-04 13:19:48,147 [INFO] PluginManager:220 - loadIPPluginJar : add spi
2023-09-04 13:19:48,187 [INFO] ThirdPartyUpdaterWithRetryManager:70 - Updater plugin not ready yet. [2/15]
2023-09-04 13:19:48,221 [INFO] IPUIPlugin:80 - create IPUIPlugin
2023-09-04 13:19:48,221 [INFO] PluginManager:220 - loadIPPluginJar : add stm32_wpan
2023-09-04 13:19:48,253 [INFO] IPUIPlugin:80 - create IPUIPlugin
2023-09-04 13:19:48,253 [INFO] PluginManager:220 - loadIPPluginJar : add tim
2023-09-04 13:19:48,328 [INFO] IPUIPlugin:80 - create IPUIPlugin
2023-09-04 13:19:48,328 [INFO] PluginManager:220 - loadIPPluginJar : add touchsensing
2023-09-04 13:19:48,360 [INFO] IPUIPlugin:80 - create IPUIPlugin
2023-09-04 13:19:48,360 [INFO] PluginManager:220 - loadIPPluginJar : add tracer_emb
2023-09-04 13:19:48,390 [INFO] IPUIPlugin:80 - create IPUIPlugin
2023-09-04 13:19:48,390 [INFO] PluginManager:220 - loadIPPluginJar : add ts
2023-09-04 13:19:48,417 [INFO] IPUIPlugin:80 - create IPUIPlugin
2023-09-04 13:19:48,417 [INFO] PluginManager:220 - loadIPPluginJar : add tsc
2023-09-04 13:19:48,445 [INFO] IPUIPlugin:80 - create IPUIPlugin
2023-09-04 13:19:48,445 [INFO] PluginManager:220 - loadIPPluginJar : add ucpd
2023-09-04 13:19:48,502 [INFO] IPUIPlugin:80 - create IPUIPlugin
2023-09-04 13:19:48,502 [INFO] PluginManager:220 - loadIPPluginJar : add usart
2023-09-04 13:19:48,558 [INFO] IPUIPlugin:80 - create IPUIPlugin
2023-09-04 13:19:48,558 [INFO] PluginManager:220 - loadIPPluginJar : add usbx
2023-09-04 13:19:48,710 [INFO] CADModel:165 - CPN selected for project level
2023-09-04 13:19:48,710 [INFO] CADModel:114 - Register for checkConnection events
2023-09-04 13:19:48,711 [FATAL] Updater:308 - Updater called before beeing initialized
2023-09-04 13:19:48,711 [ERROR] CADModel:125 - Updater not yet initialized, retry later 
2023-09-04 13:19:48,897 [INFO] CADModel:165 - CPN selected for project level
2023-09-04 13:19:48,897 [INFO] CADModel:114 - Register for checkConnection events
2023-09-04 13:19:48,897 [FATAL] Updater:308 - Updater called before beeing initialized
2023-09-04 13:19:48,898 [ERROR] CADModel:125 - Updater not yet initialized, retry later 
2023-09-04 13:19:48,902 [FATAL] Updater:308 - Updater called before beeing initialized
2023-09-04 13:19:49,097 [FATAL] Updater:308 - Updater called before beeing initialized
2023-09-04 13:19:49,112 [INFO] DbMcusAds:53 - JSON generation date=Tue Mar 07 14:20:55 IST 2023 (1678179055114)
2023-09-04 13:19:49,112 [FATAL] Updater:308 - Updater called before beeing initialized
2023-09-04 13:19:49,173 [WARN] DetailPanel:346 - Failed to get advertising image, set to default
2023-09-04 13:19:49,313 [FATAL] Updater:308 - Updater called before beeing initialized
2023-09-04 13:19:49,316 [FATAL] Updater:308 - Updater called before beeing initialized
2023-09-04 13:19:49,316 [FATAL] Updater:308 - Updater called before beeing initialized
2023-09-04 13:19:49,316 [WARN] DetailPanel:346 - Failed to get advertising image, set to default
2023-09-04 13:19:49,318 [FATAL] Updater:308 - Updater called before beeing initialized
2023-09-04 13:19:49,413 [ERROR] Updater:1120 - MainUpdater not yet initialized. External WinMGr cannot be set.
2023-09-04 13:19:49,428 [INFO] Updater:1056 - Updater Version found : 6.9.1
2023-09-04 13:19:49,452 [INFO] ApplicationProperties:184 - Using Application install path: C:\ST\STM32CubeIDE_1.13.1\STM32CubeIDE\plugins\com.st.stm32cube.common.mx_6.9.1.202307191849
2023-09-04 13:19:49,718 [INFO] MainUpdater:2868 - connection check result : 10
2023-09-04 13:19:49,719 [INFO] MainUpdater:285 - Updater Check For Update Now.
2023-09-04 13:19:49,720 [INFO] MicroXplorer:498 - Change Database Version : DB.6.0.91
2023-09-04 13:19:49,745 [INFO] McuFinderGlobals:63 - Set McuFinder mode to 2 (CubeIDE integrated)
2023-09-04 13:19:50,123 [INFO] CheckServerUpdateThread:120 - End of CheckServer Thread
2023-09-04 13:19:51,477 [WARN] PackLoader:240 - Cannot read IP mode file for STMicroelectronics.X-CUBE-SMBUS.2.1.0
2023-09-04 13:19:51,573 [WARN] PackLoader:240 - Cannot read IP mode file for STMicroelectronics.X-CUBE-AZRTOS-F7.1.1.0
2023-09-04 13:19:51,616 [WARN] PackLoader:240 - Cannot read IP mode file for STMicroelectronics.FP-SNS-MOTENV1.4.3.2
2023-09-04 13:19:51,646 [WARN] PackLoader:240 - Cannot read IP mode file for STMicroelectronics.FP-SNS-FLIGHT1.5.0.2
2023-09-04 13:19:51,678 [WARN] PackLoader:240 - Cannot read IP mode file for STMicroelectronics.X-CUBE-DISPLAY.3.0.0
2023-09-04 13:19:51,715 [WARN] PackLoader:240 - Cannot read IP mode file for STMicroelectronics.X-CUBE-BLE1.7.0.0
2023-09-04 13:19:51,743 [WARN] PackLoader:240 - Cannot read IP mode file for emotas.I-CUBE-CANOPEN.1.3.0
2023-09-04 13:19:51,763 [WARN] PackLoader:240 - Cannot read IP mode file for STMicroelectronics.X-CUBE-TOUCHGFX.4.22.0
2023-09-04 13:19:51,796 [INFO] LogOutputStream:77 - [STDOUT_REDIRECT] 1 : Invalid condition id : UX_CORESTACK_Condition cause : null
2023-09-04 13:19:51,797 [INFO] LogOutputStream:77 - [STDOUT_REDIRECT] 1 : Invalid condition id : UX_CORESTACK_Condition cause : null
2023-09-04 13:19:51,799 [INFO] LogOutputStream:77 - [STDOUT_REDIRECT] 1 : Invalid condition id : UX_CORESTACK_Condition cause : null
2023-09-04 13:19:51,802 [INFO] LogOutputStream:77 - [STDOUT_REDIRECT] 1 : Invalid condition id : UX_CORESTACK_Condition cause : null
2023-09-04 13:19:51,804 [INFO] LogOutputStream:77 - [STDOUT_REDIRECT] 1 : Invalid condition id : UX_CORESTACK_Condition cause : null
2023-09-04 13:19:51,816 [WARN] PackLoader:240 - Cannot read IP mode file for STMicroelectronics.X-CUBE-AZRTOS-WL.2.0.0
2023-09-04 13:19:51,847 [WARN] PackLoader:240 - Cannot read IP mode file for WES.I-CUBE-Cesium.1.3.0
2023-09-04 13:19:51,872 [WARN] PackLoader:240 - Cannot read IP mode file for STMicroelectronics.X-CUBE-BLE2.3.3.0
2023-09-04 13:19:51,896 [WARN] PackLoader:240 - Cannot read IP mode file for STMicroelectronics.X-CUBE-ALGOBUILD.1.3.0
2023-09-04 13:19:51,959 [WARN] PackLoader:240 - Cannot read IP mode file for STMicroelectronics.X-CUBE-AZRTOS-G0.1.1.0
2023-09-04 13:19:51,990 [WARN] PackLoader:240 - Cannot read IP mode file for STMicroelectronics.X-CUBE-NFC4.3.0.0
2023-09-04 13:19:52,021 [WARN] PackLoader:240 - Cannot read IP mode file for STMicroelectronics.FP-ATR-SIGFOX1.3.2.0
2023-09-04 13:19:52,114 [WARN] PackLoader:240 - Cannot read IP mode file for SEGGER.I-CUBE-embOS.1.3.1
2023-09-04 13:19:52,210 [WARN] PackLoader:240 - Cannot read IP mode file for STMicroelectronics.X-CUBE-GNSS1.6.0.0
2023-09-04 13:19:52,278 [WARN] PackLoader:240 - Cannot read IP mode file for STMicroelectronics.X-CUBE-AZRTOS-F4.1.1.0
2023-09-04 13:19:52,321 [WARN] PackLoader:240 - Cannot read IP mode file for wolfSSL.I-CUBE-wolfSSL.5.6.3
2023-09-04 13:19:52,390 [WARN] PackLoader:240 - Cannot read IP mode file for STMicroelectronics.X-CUBE-AZRTOS-L5.2.0.0
2023-09-04 13:19:52,635 [WARN] PackLoader:240 - Cannot read IP mode file for STMicroelectronics.X-CUBE-MEMS1.9.6.0
2023-09-04 13:19:53,003 [WARN] PackLoader:240 - Cannot read IP mode file for STMicroelectronics.X-CUBE-BLEMGR.2.0.0
2023-09-04 13:19:53,060 [WARN] ConditionMgr:438 - getConditionDescription Invalid condition id : UX DEVICE CLASS RTOS Condition cause : null
2023-09-04 13:19:53,061 [WARN] ConditionMgr:438 - getConditionDescription Invalid condition id : UX DEVICE CLASS RTOS Condition cause : null
2023-09-04 13:19:53,068 [WARN] PackLoader:240 - Cannot read IP mode file for STMicroelectronics.X-CUBE-AZRTOS-H7.3.1.0
2023-09-04 13:19:53,070 [WARN] ConditionMgr:1039 - genDependencies : Invalid condition id : UX DEVICE CLASS RTOS Condition cause : null
2023-09-04 13:19:53,070 [WARN] ConditionMgr:1039 - genDependencies : Invalid condition id : UX DEVICE CLASS RTOS Condition cause : null
2023-09-04 13:19:53,071 [WARN] ConditionMgr:1039 - genDependencies : Invalid condition id : UX DEVICE CLASS RTOS Condition cause : null
2023-09-04 13:19:53,072 [WARN] ConditionMgr:1039 - genDependencies : Invalid condition id : UX DEVICE CLASS RTOS Condition cause : null
2023-09-04 13:19:53,073 [WARN] ConditionMgr:1039 - genDependencies : Invalid condition id : UX DEVICE CLASS RTOS Condition cause : null
2023-09-04 13:19:53,104 [WARN] PackLoader:240 - Cannot read IP mode file for STMicroelectronics.X-CUBE-NFC7.1.0.1
2023-09-04 13:19:53,125 [WARN] PackLoader:240 - Cannot read IP mode file for STMicroelectronics.X-CUBE-EEPRMA1.4.1.0
2023-09-04 13:19:53,148 [WARN] PackLoader:240 - Cannot read IP mode file for STMicroelectronics.X-CUBE-AI.8.1.0
2023-09-04 13:19:53,197 [WARN] ConditionMgr:438 - getConditionDescription Invalid condition id : LAN8742 Phy interface Condition cause : null
2023-09-04 13:19:53,198 [WARN] PackLoader:240 - Cannot read IP mode file for STMicroelectronics.X-CUBE-AZRTOS-L4.2.0.0
2023-09-04 13:19:53,199 [WARN] ConditionMgr:1039 - genDependencies : Invalid condition id : LAN8742 Phy interface Condition cause : null
2023-09-04 13:19:53,200 [WARN] ConditionMgr:1039 - genDependencies : Invalid condition id : LAN8742 Phy interface Condition cause : null
2023-09-04 13:19:53,202 [WARN] ConditionMgr:1039 - genDependencies : Invalid condition id : LAN8742 Phy interface Condition cause : null
2023-09-04 13:19:53,224 [WARN] PackLoader:240 - Cannot read IP mode file for STMicroelectronics.X-CUBE-SFXS2LP1.4.0.0
2023-09-04 13:19:53,246 [WARN] PackLoader:240 - Cannot read IP mode file for STMicroelectronics.X-CUBE-ISPU.1.1.0
2023-09-04 13:19:53,287 [WARN] ConditionMgr:438 - getConditionDescription Invalid condition id : UX DEVICE CLASS RTOS Condition cause : null
2023-09-04 13:19:53,287 [WARN] ConditionMgr:438 - getConditionDescription Invalid condition id : UX DEVICE CLASS RTOS Condition cause : null
2023-09-04 13:19:53,291 [WARN] PackLoader:240 - Cannot read IP mode file for STMicroelectronics.X-CUBE-AZRTOS-WB.2.0.0
2023-09-04 13:19:53,294 [WARN] ConditionMgr:1039 - genDependencies : Invalid condition id : UX DEVICE CLASS RTOS Condition cause : null
2023-09-04 13:19:53,294 [WARN] ConditionMgr:1039 - genDependencies : Invalid condition id : UX DEVICE CLASS RTOS Condition cause : null
2023-09-04 13:19:53,295 [WARN] ConditionMgr:1039 - genDependencies : Invalid condition id : UX DEVICE CLASS RTOS Condition cause : null
2023-09-04 13:19:53,296 [WARN] ConditionMgr:1039 - genDependencies : Invalid condition id : UX DEVICE CLASS RTOS Condition cause : null
2023-09-04 13:19:53,296 [WARN] ConditionMgr:1039 - genDependencies : Invalid condition id : UX DEVICE CLASS RTOS Condition cause : null
2023-09-04 13:19:53,324 [WARN] PackLoader:240 - Cannot read IP mode file for STMicroelectronics.X-CUBE-FREERTOS.1.0.1
2023-09-04 13:19:53,357 [WARN] PackLoader:240 - Cannot read IP mode file for STMicroelectronics.X-CUBE-SUBG2.5.0.0
2023-09-04 13:19:53,403 [WARN] PackLoader:240 - Cannot read IP mode file for STMicroelectronics.X-CUBE-TOF1.3.3.1
2023-09-04 13:19:53,458 [WARN] PackLoader:240 - Cannot read IP mode file for STMicroelectronics.X-CUBE-AZRTOS-G4.2.0.0
2023-09-04 13:19:53,483 [WARN] PackLoader:240 - Cannot read IP mode file for STMicroelectronics.X-CUBE-FREERTOS.1.1.0
2023-09-04 13:19:53,508 [WARN] PackLoader:240 - Cannot read IP mode file for portGmbH.I-Cube-SoM-uGOAL.1.1.0
2023-09-04 13:19:53,528 [WARN] PackLoader:240 - Cannot read IP mode file for STMicroelectronics.X-CUBE-ALS.1.0.1
2023-09-04 13:19:53,549 [WARN] PackLoader:240 - Cannot read IP mode file for STMicroelectronics.FP-ATR-ASTRA1.2.0.0
2023-09-04 13:19:53,550 [INFO] ThirdParty:978 - Integrity check success = true
2023-09-04 13:19:53,550 [INFO] IntegrityCheckThread:100 - exiting critical section [integrity check]
2023-09-04 13:19:53,550 [INFO] IntegrityCheckThread:103 - End integrity checks thread
