2023-09-21 16:03:24,404 [INFO] Activator:176 - 


2023-09-21 16:03:24,414 [INFO] Activator:177 - !SESSION log4j initialized
2023-09-21 16:03:32,991 [INFO] LogOutputStream:77 - [STDOUT_REDIRECT] 
2023-09-21 16:03:34,880 [INFO] ApplicationProperties:184 - Using Application install path: C:\ST\STM32CubeIDE_1.13.1\STM32CubeIDE\plugins\com.st.stm32cube.common.mx_6.9.1.202307191849
2023-09-21 16:03:34,912 [INFO] DbMcusXml:78 - Set database path to: C:\ST\STM32CubeIDE_1.13.1\STM32CubeIDE\plugins\com.st.stm32cube.common.mx_6.9.1.202307191849\\db\/mcu/
2023-09-21 16:03:34,913 [INFO] ApiDb:274 - Set plugin database path to: C:\ST\STM32CubeIDE_1.13.1\STM32CubeIDE\plugins\com.st.stm32cube.common.mx_6.9.1.202307191849\\db\/plugins/boardmanager/
2023-09-21 16:03:34,914 [WARN] ApiDb:259 - Overriding images path with different value:  => C:\ST\STM32CubeIDE_1.13.1\STM32CubeIDE\plugins\com.st.stm32cube.common.mx_6.9.1.202307191849\\db\/plugins/mcufinder/images/
2023-09-21 16:03:34,941 [INFO] ApiDb:250 - Set database path to: C:\Users\DNK124\.stmcufinder\plugins\mcufinder//mcu/
2023-09-21 16:03:34,943 [INFO] DbMcusAds:125 - Set database path to: C:\Users\DNK124\.stmcufinder\plugins\mcufinder//mcu/
2023-09-21 16:03:34,947 [INFO] CrossReferenceDbSqlite:203 - Set database path to: C:\Users\DNK124\.stmcufinder\plugins\mcufinder//mcu/cs/
2023-09-21 16:03:35,197 [INFO] RulesReader:64 - Compatibility file has been processed (293 Rules)
2023-09-21 16:03:35,384 [INFO] DbMcusXml:78 - Set database path to: C:\ST\STM32CubeIDE_1.13.1\STM32CubeIDE\plugins\com.st.stm32cube.common.mx_6.9.1.202307191849\\db\/mcu/
2023-09-21 16:03:35,384 [INFO] ApiDb:274 - Set plugin database path to: C:\ST\STM32CubeIDE_1.13.1\STM32CubeIDE\plugins\com.st.stm32cube.common.mx_6.9.1.202307191849\\db\/plugins/boardmanager/
2023-09-21 16:03:35,385 [INFO] ApiDb:261 - Set plugin images path to: C:\ST\STM32CubeIDE_1.13.1\STM32CubeIDE\plugins\com.st.stm32cube.common.mx_6.9.1.202307191849\\db\/plugins/mcufinder/images/
2023-09-21 16:03:35,385 [WARN] DbFile:41 - Overriding database path with different value: C:\Users\DNK124\.stmcufinder\plugins\mcufinder/ => C:\Users\DNK124\.stmcufinder\plugins\mcufinder
2023-09-21 16:03:35,385 [INFO] ApiDb:250 - Set database path to: C:\Users\DNK124\.stmcufinder\plugins\mcufinder//mcu/
2023-09-21 16:03:35,386 [WARN] DbFile:41 - Overriding database path with different value: C:\Users\DNK124\.stmcufinder\plugins\mcufinder/ => C:\Users\DNK124\.stmcufinder\plugins\mcufinder
2023-09-21 16:03:35,386 [INFO] DbMcusAds:125 - Set database path to: C:\Users\DNK124\.stmcufinder\plugins\mcufinder//mcu/
2023-09-21 16:03:35,386 [WARN] DbFile:41 - Overriding database path with different value: C:\Users\DNK124\.stmcufinder\plugins\mcufinder/ => C:\Users\DNK124\.stmcufinder\plugins\mcufinder
2023-09-21 16:03:35,386 [WARN] DbFile:41 - Overriding database path with different value: C:\Users\DNK124\.stmcufinder\plugins\mcufinder/ => C:\Users\DNK124\.stmcufinder\plugins\mcufinder
2023-09-21 16:03:35,387 [INFO] CrossReferenceDbSqlite:203 - Set database path to: C:\Users\DNK124\.stmcufinder\plugins\mcufinder//mcu/cs/
2023-09-21 16:03:35,563 [INFO] MainPanel:262 - HeapMemory: 268435456
2023-09-21 16:03:35,734 [INFO] DbMcusXml:78 - Set database path to: C:\ST\STM32CubeIDE_1.13.1\STM32CubeIDE\plugins\com.st.stm32cube.common.mx_6.9.1.202307191849\\db\/mcu/
2023-09-21 16:03:35,734 [INFO] ApiDb:274 - Set plugin database path to: C:\ST\STM32CubeIDE_1.13.1\STM32CubeIDE\plugins\com.st.stm32cube.common.mx_6.9.1.202307191849\\db\/plugins/boardmanager/
2023-09-21 16:03:35,735 [INFO] ApiDb:261 - Set plugin images path to: C:\ST\STM32CubeIDE_1.13.1\STM32CubeIDE\plugins\com.st.stm32cube.common.mx_6.9.1.202307191849\\db\/plugins/mcufinder/images/
2023-09-21 16:03:35,736 [WARN] DbFile:41 - Overriding database path with different value: C:\Users\DNK124\.stmcufinder\plugins\mcufinder/ => C:\Users\DNK124\.stmcufinder\plugins\mcufinder
2023-09-21 16:03:35,736 [INFO] ApiDb:250 - Set database path to: C:\Users\DNK124\.stmcufinder\plugins\mcufinder//mcu/
2023-09-21 16:03:35,736 [WARN] DbFile:41 - Overriding database path with different value: C:\Users\DNK124\.stmcufinder\plugins\mcufinder/ => C:\Users\DNK124\.stmcufinder\plugins\mcufinder
2023-09-21 16:03:35,736 [INFO] DbMcusAds:125 - Set database path to: C:\Users\DNK124\.stmcufinder\plugins\mcufinder//mcu/
2023-09-21 16:03:35,736 [WARN] DbFile:41 - Overriding database path with different value: C:\Users\DNK124\.stmcufinder\plugins\mcufinder/ => C:\Users\DNK124\.stmcufinder\plugins\mcufinder
2023-09-21 16:03:35,737 [WARN] DbFile:41 - Overriding database path with different value: C:\Users\DNK124\.stmcufinder\plugins\mcufinder/ => C:\Users\DNK124\.stmcufinder\plugins\mcufinder
2023-09-21 16:03:35,737 [INFO] CrossReferenceDbSqlite:203 - Set database path to: C:\Users\DNK124\.stmcufinder\plugins\mcufinder//mcu/cs/
2023-09-21 16:03:35,779 [INFO] ApplicationProperties:184 - Using Application install path: C:\ST\STM32CubeIDE_1.13.1\STM32CubeIDE\plugins\com.st.stm32cube.common.mx_6.9.1.202307191849
2023-09-21 16:03:35,781 [INFO] PluginManage:196 - Search for loadable plugins [exclusion list=, ]
2023-09-21 16:03:35,784 [INFO] PluginManage:310 - Check plugin analytics
2023-09-21 16:03:36,173 [INFO] AnalyticsPlugin:253 - Accepted Software Licenses: 
2023-09-21 16:03:36,173 [INFO] AnalyticsPlugin:255 - Accepted CMSIS Pack Licenses: 
2023-09-21 16:03:36,174 [INFO] AnalyticsPlugin:257 - Accepted Firmware Licenses: FW.L4.1.18.0
2023-09-21 16:03:36,180 [INFO] PluginManage:359 - Loaded plugin analytics (category:tool,tabindex:-1)
2023-09-21 16:03:36,180 [INFO] PluginManage:310 - Check plugin cadmodel
2023-09-21 16:03:36,265 [INFO] CADModel:105 - Init CAD model plugin
2023-09-21 16:03:36,266 [INFO] PluginManage:359 - Loaded plugin cadmodel (category:power,tabindex:5)
2023-09-21 16:03:36,266 [INFO] PluginManage:310 - Check plugin clock
2023-09-21 16:03:36,331 [INFO] PluginManage:359 - Loaded plugin clock (category:base,tabindex:2)
2023-09-21 16:03:36,331 [INFO] PluginManage:310 - Check plugin ddr
2023-09-21 16:03:36,337 [INFO] PluginManage:359 - Loaded plugin ddr (category:tool,tabindex:6)
2023-09-21 16:03:36,337 [INFO] PluginManage:310 - Check plugin filemanager
2023-09-21 16:03:36,679 [INFO] PluginManage:359 - Loaded plugin filemanager (category:base,tabindex:10)
2023-09-21 16:03:36,679 [INFO] PluginManage:310 - Check plugin ipmanager
2023-09-21 16:03:36,713 [INFO] PluginManage:359 - Loaded plugin ipmanager (category:base,tabindex:5)
2023-09-21 16:03:36,713 [INFO] PluginManage:310 - Check plugin lpbam
2023-09-21 16:03:36,751 [INFO] PluginManage:359 - Loaded plugin lpbam (category:base,tabindex:0)
2023-09-21 16:03:36,752 [INFO] PluginManage:310 - Check plugin memorymap
2023-09-21 16:03:36,812 [INFO] PluginManage:359 - Loaded plugin memorymap (category:base,tabindex:4)
2023-09-21 16:03:36,812 [INFO] PluginManage:310 - Check plugin pinoutandconfiguration
2023-09-21 16:03:36,838 [INFO] PluginManage:359 - Loaded plugin pinoutandconfiguration (category:base,tabindex:1)
2023-09-21 16:03:36,839 [INFO] PluginManage:310 - Check plugin pinoutconfig
2023-09-21 16:03:37,027 [WARN] SupportedApi:132 - Cannot load RTOS API schema: s4s-elt-must-match.1: The content of 'definitions' must match (annotation?, (simpleType | complexType)?, (unique | key | keyref)*)). A problem was found starting at: attribute.
2023-09-21 16:03:37,305 [INFO] PluginManage:359 - Loaded plugin pinoutconfig (category:base,tabindex:0)
2023-09-21 16:03:37,306 [INFO] PluginManage:310 - Check plugin power
2023-09-21 16:03:37,347 [INFO] PluginManage:359 - Loaded plugin power (category:power,tabindex:4)
2023-09-21 16:03:37,347 [INFO] PluginManage:310 - Check plugin projectmanager
2023-09-21 16:03:37,377 [INFO] PluginManage:359 - Loaded plugin projectmanager (category:projectmanager,tabindex:3)
2023-09-21 16:03:37,377 [INFO] PluginManage:310 - Check plugin thirdparty
2023-09-21 16:03:37,988 [INFO] PluginManage:359 - Loaded plugin thirdparty (category:base,tabindex:-1)
2023-09-21 16:03:37,988 [WARN] IntegrityCheckThread:84 - waiting for thirdparty lock release [integrity check]
2023-09-21 16:03:37,989 [INFO] PluginManage:310 - Check plugin tools
2023-09-21 16:03:37,989 [INFO] IntegrityCheckThread:86 - entering critical section [integrity check]
2023-09-21 16:03:37,990 [INFO] ThirdPartyUpdaterWithRetryManager:70 - Updater plugin not ready yet. [1/15]
2023-09-21 16:03:38,049 [INFO] PluginManage:359 - Loaded plugin tools (category:base,tabindex:7)
2023-09-21 16:03:38,050 [INFO] PluginManage:310 - Check plugin tutovideos
2023-09-21 16:03:38,358 [INFO] PluginManage:359 - Loaded plugin tutovideos (category:base,tabindex:-1)
2023-09-21 16:03:38,358 [INFO] PluginManage:310 - Check plugin updater
2023-09-21 16:03:38,382 [INFO] PluginManage:359 - Loaded plugin updater (category:base,tabindex:12)
2023-09-21 16:03:38,382 [INFO] PluginManage:310 - Check plugin userauth
2023-09-21 16:03:38,391 [INFO] UserAuth:113 - Init User Auth plugin
2023-09-21 16:03:38,391 [INFO] PluginManage:359 - Loaded plugin userauth (category:base,tabindex:14)
2023-09-21 16:03:38,391 [INFO] PluginManage:283 - PluginManage : Loaded plugins [17]
2023-09-21 16:03:38,742 [INFO] PinOutPanel:1499 - setPackage(No Configuration,No Configuration)
2023-09-21 16:03:38,915 [INFO] CADModel:165 - CPN selected for project level
2023-09-21 16:03:38,916 [INFO] CADModel:114 - Register for checkConnection events
2023-09-21 16:03:38,956 [INFO] IPUIPlugin:80 - create IPUIPlugin
2023-09-21 16:03:38,956 [INFO] PluginManager:220 - loadIPPluginJar : add adc
2023-09-21 16:03:39,001 [INFO] IPUIPlugin:80 - create IPUIPlugin
2023-09-21 16:03:39,002 [INFO] PluginManager:220 - loadIPPluginJar : add aes
2023-09-21 16:03:39,058 [INFO] IPUIPlugin:80 - create IPUIPlugin
2023-09-21 16:03:39,058 [INFO] PluginManager:220 - loadIPPluginJar : add can
2023-09-21 16:03:39,092 [INFO] IPUIPlugin:80 - create IPUIPlugin
2023-09-21 16:03:39,092 [INFO] PluginManager:220 - loadIPPluginJar : add comp
2023-09-21 16:03:39,135 [INFO] IPUIPlugin:80 - create IPUIPlugin
2023-09-21 16:03:39,135 [INFO] PluginManager:220 - loadIPPluginJar : add cryp
2023-09-21 16:03:39,177 [INFO] IPUIPlugin:80 - create IPUIPlugin
2023-09-21 16:03:39,177 [INFO] PluginManager:220 - loadIPPluginJar : add dfsdm
2023-09-21 16:03:39,196 [INFO] IPUIPlugin:80 - create IPUIPlugin
2023-09-21 16:03:39,197 [INFO] PluginManager:220 - loadIPPluginJar : add dma
2023-09-21 16:03:39,250 [INFO] IPUIPlugin:80 - create IPUIPlugin
2023-09-21 16:03:39,250 [INFO] PluginManager:220 - loadIPPluginJar : add dma3
2023-09-21 16:03:39,276 [INFO] IPUIPlugin:80 - create IPUIPlugin
2023-09-21 16:03:39,276 [INFO] PluginManager:220 - loadIPPluginJar : add fatfs
2023-09-21 16:03:39,340 [INFO] IPUIPlugin:80 - create IPUIPlugin
2023-09-21 16:03:39,340 [INFO] PluginManager:220 - loadIPPluginJar : add fmc
2023-09-21 16:03:39,364 [INFO] IPUIPlugin:80 - create IPUIPlugin
2023-09-21 16:03:39,364 [INFO] PluginManager:220 - loadIPPluginJar : add freertos
2023-09-21 16:03:39,399 [INFO] IPUIPlugin:80 - create IPUIPlugin
2023-09-21 16:03:39,399 [INFO] PluginManager:220 - loadIPPluginJar : add genericplugin
2023-09-21 16:03:39,516 [INFO] IPUIPlugin:80 - create IPUIPlugin
2023-09-21 16:03:39,516 [INFO] PluginManager:220 - loadIPPluginJar : add gfxmmu
2023-09-21 16:03:39,733 [INFO] IPUIPlugin:80 - create IPUIPlugin
2023-09-21 16:03:39,734 [INFO] PluginManager:220 - loadIPPluginJar : add gic
2023-09-21 16:03:39,825 [INFO] IPUIPlugin:80 - create IPUIPlugin
2023-09-21 16:03:39,830 [INFO] PluginManager:220 - loadIPPluginJar : add gpio
2023-09-21 16:03:40,199 [INFO] IPUIPlugin:80 - create IPUIPlugin
2023-09-21 16:03:40,200 [INFO] PluginManager:220 - loadIPPluginJar : add gtzc
2023-09-21 16:03:40,248 [INFO] IPUIPlugin:80 - create IPUIPlugin
2023-09-21 16:03:40,248 [INFO] PluginManager:220 - loadIPPluginJar : add hash
2023-09-21 16:03:40,333 [INFO] IPUIPlugin:80 - create IPUIPlugin
2023-09-21 16:03:40,333 [INFO] PluginManager:220 - loadIPPluginJar : add i2c
2023-09-21 16:03:40,386 [INFO] IPUIPlugin:80 - create IPUIPlugin
2023-09-21 16:03:40,386 [INFO] PluginManager:220 - loadIPPluginJar : add i2s
2023-09-21 16:03:40,437 [INFO] IPUIPlugin:80 - create IPUIPlugin
2023-09-21 16:03:40,437 [INFO] PluginManager:220 - loadIPPluginJar : add i3c
2023-09-21 16:03:40,600 [INFO] IPUIPlugin:80 - create IPUIPlugin
2023-09-21 16:03:40,600 [INFO] PluginManager:220 - loadIPPluginJar : add ipddr
2023-09-21 16:03:40,761 [INFO] IPUIPlugin:80 - create IPUIPlugin
2023-09-21 16:03:40,762 [INFO] PluginManager:220 - loadIPPluginJar : add linkedlist
2023-09-21 16:03:40,841 [INFO] IPUIPlugin:80 - create IPUIPlugin
2023-09-21 16:03:40,842 [INFO] PluginManager:220 - loadIPPluginJar : add lorawan
2023-09-21 16:03:40,898 [INFO] IPUIPlugin:80 - create IPUIPlugin
2023-09-21 16:03:40,898 [INFO] PluginManager:220 - loadIPPluginJar : add ltdc
2023-09-21 16:03:40,917 [INFO] IPUIPlugin:80 - create IPUIPlugin
2023-09-21 16:03:40,917 [INFO] PluginManager:220 - loadIPPluginJar : add mdma
2023-09-21 16:03:40,939 [INFO] IPUIPlugin:80 - create IPUIPlugin
2023-09-21 16:03:40,940 [INFO] PluginManager:220 - loadIPPluginJar : add nvic
2023-09-21 16:03:41,005 [INFO] ThirdPartyUpdaterWithRetryManager:70 - Updater plugin not ready yet. [2/15]
2023-09-21 16:03:41,036 [INFO] IPUIPlugin:80 - create IPUIPlugin
2023-09-21 16:03:41,037 [INFO] PluginManager:220 - loadIPPluginJar : add opamp
2023-09-21 16:03:41,180 [INFO] IPUIPlugin:80 - create IPUIPlugin
2023-09-21 16:03:41,181 [INFO] PluginManager:220 - loadIPPluginJar : add openamp
2023-09-21 16:03:41,268 [INFO] IPUIPlugin:80 - create IPUIPlugin
2023-09-21 16:03:41,268 [INFO] PluginManager:220 - loadIPPluginJar : add pdm2pcm
2023-09-21 16:03:41,293 [INFO] IPUIPlugin:80 - create IPUIPlugin
2023-09-21 16:03:41,296 [INFO] PluginManager:220 - loadIPPluginJar : add plateformsettings
2023-09-21 16:03:41,325 [INFO] IPUIPlugin:80 - create IPUIPlugin
2023-09-21 16:03:41,325 [INFO] PluginManager:220 - loadIPPluginJar : add quadspi
2023-09-21 16:03:41,344 [INFO] IPUIPlugin:80 - create IPUIPlugin
2023-09-21 16:03:41,345 [INFO] PluginManager:220 - loadIPPluginJar : add resmgrutility
2023-09-21 16:03:41,410 [INFO] IPUIPlugin:80 - create IPUIPlugin
2023-09-21 16:03:41,410 [INFO] PluginManager:220 - loadIPPluginJar : add sai
2023-09-21 16:03:41,461 [INFO] IPUIPlugin:80 - create IPUIPlugin
2023-09-21 16:03:41,462 [INFO] PluginManager:220 - loadIPPluginJar : add spi
2023-09-21 16:03:41,548 [INFO] IPUIPlugin:80 - create IPUIPlugin
2023-09-21 16:03:41,548 [INFO] PluginManager:220 - loadIPPluginJar : add stm32_wpan
2023-09-21 16:03:41,579 [INFO] IPUIPlugin:80 - create IPUIPlugin
2023-09-21 16:03:41,579 [INFO] PluginManager:220 - loadIPPluginJar : add tim
2023-09-21 16:03:41,656 [INFO] IPUIPlugin:80 - create IPUIPlugin
2023-09-21 16:03:41,656 [INFO] PluginManager:220 - loadIPPluginJar : add touchsensing
2023-09-21 16:03:41,688 [INFO] IPUIPlugin:80 - create IPUIPlugin
2023-09-21 16:03:41,689 [INFO] PluginManager:220 - loadIPPluginJar : add tracer_emb
2023-09-21 16:03:41,719 [INFO] IPUIPlugin:80 - create IPUIPlugin
2023-09-21 16:03:41,720 [INFO] PluginManager:220 - loadIPPluginJar : add ts
2023-09-21 16:03:41,752 [INFO] IPUIPlugin:80 - create IPUIPlugin
2023-09-21 16:03:41,753 [INFO] PluginManager:220 - loadIPPluginJar : add tsc
2023-09-21 16:03:41,787 [INFO] IPUIPlugin:80 - create IPUIPlugin
2023-09-21 16:03:41,787 [INFO] PluginManager:220 - loadIPPluginJar : add ucpd
2023-09-21 16:03:41,847 [INFO] IPUIPlugin:80 - create IPUIPlugin
2023-09-21 16:03:41,847 [INFO] PluginManager:220 - loadIPPluginJar : add usart
2023-09-21 16:03:41,906 [INFO] IPUIPlugin:80 - create IPUIPlugin
2023-09-21 16:03:41,906 [INFO] PluginManager:220 - loadIPPluginJar : add usbx
2023-09-21 16:03:42,073 [INFO] CADModel:165 - CPN selected for project level
2023-09-21 16:03:42,073 [INFO] CADModel:114 - Register for checkConnection events
2023-09-21 16:03:42,073 [FATAL] Updater:308 - Updater called before beeing initialized
2023-09-21 16:03:42,073 [ERROR] CADModel:125 - Updater not yet initialized, retry later 
2023-09-21 16:03:42,300 [INFO] CADModel:165 - CPN selected for project level
2023-09-21 16:03:42,300 [INFO] CADModel:114 - Register for checkConnection events
2023-09-21 16:03:42,300 [FATAL] Updater:308 - Updater called before beeing initialized
2023-09-21 16:03:42,302 [ERROR] CADModel:125 - Updater not yet initialized, retry later 
2023-09-21 16:03:42,313 [FATAL] Updater:308 - Updater called before beeing initialized
2023-09-21 16:03:42,577 [FATAL] Updater:308 - Updater called before beeing initialized
2023-09-21 16:03:42,604 [INFO] DbMcusAds:53 - JSON generation date=Tue Mar 07 14:20:55 IST 2023 (1678179055114)
2023-09-21 16:03:42,604 [FATAL] Updater:308 - Updater called before beeing initialized
2023-09-21 16:03:42,689 [WARN] DetailPanel:346 - Failed to get advertising image, set to default
2023-09-21 16:03:42,845 [FATAL] Updater:308 - Updater called before beeing initialized
2023-09-21 16:03:42,849 [FATAL] Updater:308 - Updater called before beeing initialized
2023-09-21 16:03:42,849 [FATAL] Updater:308 - Updater called before beeing initialized
2023-09-21 16:03:42,850 [WARN] DetailPanel:346 - Failed to get advertising image, set to default
2023-09-21 16:03:42,851 [FATAL] Updater:308 - Updater called before beeing initialized
2023-09-21 16:03:42,966 [ERROR] Updater:1120 - MainUpdater not yet initialized. External WinMGr cannot be set.
2023-09-21 16:03:42,981 [INFO] Updater:1056 - Updater Version found : 6.9.1
2023-09-21 16:03:43,008 [INFO] ApplicationProperties:184 - Using Application install path: C:\ST\STM32CubeIDE_1.13.1\STM32CubeIDE\plugins\com.st.stm32cube.common.mx_6.9.1.202307191849
2023-09-21 16:03:43,543 [INFO] MainUpdater:2868 - connection check result : 10
2023-09-21 16:03:43,544 [INFO] MainUpdater:3562 - Updater definition file requires update
2023-09-21 16:03:43,545 [INFO] MainUpdater:285 - Updater Check For Update Now.
2023-09-21 16:03:43,546 [INFO] MicroXplorer:498 - Change Database Version : DB.6.0.91
2023-09-21 16:03:43,581 [INFO] McuFinderGlobals:63 - Set McuFinder mode to 2 (CubeIDE integrated)
2023-09-21 16:03:43,656 [INFO] ServerAccessManage:473 - Download File updaters.zip
2023-09-21 16:03:44,007 [WARN] MainUpdater:1189 - Updater busy. Cannot search thirdparties
2023-09-21 16:03:44,008 [INFO] ThirdPartyUpdaterWithRetryManager:96 - Updater plugin is busy. [1/15]
2023-09-21 16:03:45,767 [INFO] FileExtend:240 - Unzip File : updaters.zip
2023-09-21 16:03:45,767 [INFO] FileExtend:255 - Standard Zip Deflate
2023-09-21 16:03:46,842 [INFO] ServerAccessManage:473 - Download File PacksControlFlags.xml
2023-09-21 16:03:47,014 [WARN] MainUpdater:1189 - Updater busy. Cannot search thirdparties
2023-09-21 16:03:47,014 [INFO] ThirdPartyUpdaterWithRetryManager:96 - Updater plugin is busy. [2/15]
2023-09-21 16:03:47,503 [INFO] ServerAccessManage:473 - Download File cubemx.pidx
2023-09-21 16:03:47,864 [INFO] LoadServerUpdatesThread:373 - End of LoadServerUpdate Thread
2023-09-21 16:03:48,371 [INFO] CheckServerUpdateThread:120 - End of CheckServer Thread
2023-09-21 16:03:50,465 [WARN] PackLoader:240 - Cannot read IP mode file for STMicroelectronics.X-CUBE-SMBUS.2.1.0
2023-09-21 16:03:50,611 [WARN] PackLoader:240 - Cannot read IP mode file for STMicroelectronics.X-CUBE-AZRTOS-F7.1.1.0
2023-09-21 16:03:50,679 [WARN] PackLoader:240 - Cannot read IP mode file for STMicroelectronics.FP-SNS-MOTENV1.4.3.2
2023-09-21 16:03:50,720 [WARN] PackLoader:240 - Cannot read IP mode file for STMicroelectronics.FP-SNS-FLIGHT1.5.0.2
2023-09-21 16:03:50,760 [WARN] PackLoader:240 - Cannot read IP mode file for STMicroelectronics.X-CUBE-DISPLAY.3.0.0
2023-09-21 16:03:50,812 [WARN] PackLoader:240 - Cannot read IP mode file for STMicroelectronics.X-CUBE-BLE1.7.0.0
2023-09-21 16:03:50,856 [WARN] PackLoader:240 - Cannot read IP mode file for emotas.I-CUBE-CANOPEN.1.3.0
2023-09-21 16:03:50,897 [WARN] PackLoader:240 - Cannot read IP mode file for STMicroelectronics.X-CUBE-TOUCHGFX.4.22.0
2023-09-21 16:03:50,927 [WARN] PackLoader:240 - Cannot read IP mode file for STMicroelectronics.FP-SNS-SMARTAG2.1.2.0
2023-09-21 16:03:50,973 [INFO] LogOutputStream:77 - [STDOUT_REDIRECT] 1 : Invalid condition id : UX_CORESTACK_Condition cause : null
2023-09-21 16:03:50,974 [INFO] LogOutputStream:77 - [STDOUT_REDIRECT] 1 : Invalid condition id : UX_CORESTACK_Condition cause : null
2023-09-21 16:03:50,977 [INFO] LogOutputStream:77 - [STDOUT_REDIRECT] 1 : Invalid condition id : UX_CORESTACK_Condition cause : null
2023-09-21 16:03:50,979 [INFO] LogOutputStream:77 - [STDOUT_REDIRECT] 1 : Invalid condition id : UX_CORESTACK_Condition cause : null
2023-09-21 16:03:50,982 [INFO] LogOutputStream:77 - [STDOUT_REDIRECT] 1 : Invalid condition id : UX_CORESTACK_Condition cause : null
2023-09-21 16:03:51,005 [WARN] PackLoader:240 - Cannot read IP mode file for STMicroelectronics.X-CUBE-AZRTOS-WL.2.0.0
2023-09-21 16:03:51,043 [WARN] PackLoader:240 - Cannot read IP mode file for WES.I-CUBE-Cesium.1.3.0
2023-09-21 16:03:51,066 [WARN] PackLoader:240 - Cannot read IP mode file for STMicroelectronics.X-CUBE-BLE2.3.3.0
2023-09-21 16:03:51,104 [WARN] PackLoader:240 - Cannot read IP mode file for STMicroelectronics.X-CUBE-ALGOBUILD.1.3.0
2023-09-21 16:03:51,264 [WARN] PackLoader:240 - Cannot read IP mode file for STMicroelectronics.X-CUBE-AZRTOS-G0.1.1.0
2023-09-21 16:03:51,488 [WARN] PackLoader:240 - Cannot read IP mode file for STMicroelectronics.X-CUBE-NFC4.3.0.0
2023-09-21 16:03:51,512 [WARN] PackLoader:240 - Cannot read IP mode file for STMicroelectronics.FP-ATR-SIGFOX1.3.2.0
2023-09-21 16:03:51,626 [WARN] PackLoader:240 - Cannot read IP mode file for SEGGER.I-CUBE-embOS.1.3.1
2023-09-21 16:03:51,778 [WARN] PackLoader:240 - Cannot read IP mode file for STMicroelectronics.X-CUBE-GNSS1.6.0.0
2023-09-21 16:03:51,843 [WARN] PackLoader:240 - Cannot read IP mode file for STMicroelectronics.X-CUBE-AZRTOS-F4.1.1.0
2023-09-21 16:03:51,870 [WARN] PackLoader:240 - Cannot read IP mode file for wolfSSL.I-CUBE-wolfSSL.5.6.3
2023-09-21 16:03:51,956 [WARN] PackLoader:240 - Cannot read IP mode file for STMicroelectronics.X-CUBE-AZRTOS-L5.2.0.0
2023-09-21 16:03:52,080 [WARN] PackLoader:240 - Cannot read IP mode file for STMicroelectronics.X-CUBE-MEMS1.9.6.0
2023-09-21 16:03:52,532 [WARN] PackLoader:240 - Cannot read IP mode file for STMicroelectronics.X-CUBE-BLEMGR.2.0.0
2023-09-21 16:03:52,609 [WARN] ConditionMgr:438 - getConditionDescription Invalid condition id : UX DEVICE CLASS RTOS Condition cause : null
2023-09-21 16:03:52,609 [WARN] ConditionMgr:438 - getConditionDescription Invalid condition id : UX DEVICE CLASS RTOS Condition cause : null
2023-09-21 16:03:52,620 [WARN] PackLoader:240 - Cannot read IP mode file for STMicroelectronics.X-CUBE-AZRTOS-H7.3.1.0
2023-09-21 16:03:52,623 [WARN] ConditionMgr:1039 - genDependencies : Invalid condition id : UX DEVICE CLASS RTOS Condition cause : null
2023-09-21 16:03:52,623 [WARN] ConditionMgr:1039 - genDependencies : Invalid condition id : UX DEVICE CLASS RTOS Condition cause : null
2023-09-21 16:03:52,625 [WARN] ConditionMgr:1039 - genDependencies : Invalid condition id : UX DEVICE CLASS RTOS Condition cause : null
2023-09-21 16:03:52,626 [WARN] ConditionMgr:1039 - genDependencies : Invalid condition id : UX DEVICE CLASS RTOS Condition cause : null
2023-09-21 16:03:52,627 [WARN] ConditionMgr:1039 - genDependencies : Invalid condition id : UX DEVICE CLASS RTOS Condition cause : null
2023-09-21 16:03:52,671 [WARN] PackLoader:240 - Cannot read IP mode file for STMicroelectronics.X-CUBE-NFC7.1.0.1
2023-09-21 16:03:52,722 [WARN] PackLoader:240 - Cannot read IP mode file for STMicroelectronics.X-CUBE-NFC6.3.0.0
2023-09-21 16:03:52,766 [WARN] PackLoader:240 - Cannot read IP mode file for STMicroelectronics.X-CUBE-EEPRMA1.4.1.0
2023-09-21 16:03:52,828 [WARN] PackLoader:240 - Cannot read IP mode file for STMicroelectronics.X-CUBE-AI.8.1.0
2023-09-21 16:03:52,956 [WARN] ConditionMgr:438 - getConditionDescription Invalid condition id : LAN8742 Phy interface Condition cause : null
2023-09-21 16:03:52,958 [WARN] PackLoader:240 - Cannot read IP mode file for STMicroelectronics.X-CUBE-AZRTOS-L4.2.0.0
2023-09-21 16:03:52,960 [WARN] ConditionMgr:1039 - genDependencies : Invalid condition id : LAN8742 Phy interface Condition cause : null
2023-09-21 16:03:52,960 [WARN] ConditionMgr:1039 - genDependencies : Invalid condition id : LAN8742 Phy interface Condition cause : null
2023-09-21 16:03:52,962 [WARN] ConditionMgr:1039 - genDependencies : Invalid condition id : LAN8742 Phy interface Condition cause : null
2023-09-21 16:03:53,024 [WARN] PackLoader:240 - Cannot read IP mode file for STMicroelectronics.X-CUBE-SFXS2LP1.4.0.0
2023-09-21 16:03:53,058 [WARN] PackLoader:240 - Cannot read IP mode file for STMicroelectronics.X-CUBE-ISPU.1.1.0
2023-09-21 16:03:53,157 [WARN] ConditionMgr:438 - getConditionDescription Invalid condition id : UX DEVICE CLASS RTOS Condition cause : null
2023-09-21 16:03:53,158 [WARN] ConditionMgr:438 - getConditionDescription Invalid condition id : UX DEVICE CLASS RTOS Condition cause : null
2023-09-21 16:03:53,162 [WARN] PackLoader:240 - Cannot read IP mode file for STMicroelectronics.X-CUBE-AZRTOS-WB.2.0.0
2023-09-21 16:03:53,164 [WARN] ConditionMgr:1039 - genDependencies : Invalid condition id : UX DEVICE CLASS RTOS Condition cause : null
2023-09-21 16:03:53,168 [WARN] ConditionMgr:1039 - genDependencies : Invalid condition id : UX DEVICE CLASS RTOS Condition cause : null
2023-09-21 16:03:53,171 [WARN] ConditionMgr:1039 - genDependencies : Invalid condition id : UX DEVICE CLASS RTOS Condition cause : null
2023-09-21 16:03:53,172 [WARN] ConditionMgr:1039 - genDependencies : Invalid condition id : UX DEVICE CLASS RTOS Condition cause : null
2023-09-21 16:03:53,172 [WARN] ConditionMgr:1039 - genDependencies : Invalid condition id : UX DEVICE CLASS RTOS Condition cause : null
2023-09-21 16:03:53,242 [WARN] PackLoader:240 - Cannot read IP mode file for STMicroelectronics.X-CUBE-FREERTOS.1.0.1
2023-09-21 16:03:53,311 [WARN] PackLoader:240 - Cannot read IP mode file for STMicroelectronics.X-CUBE-SUBG2.5.0.0
2023-09-21 16:03:53,402 [WARN] PackLoader:240 - Cannot read IP mode file for STMicroelectronics.X-CUBE-TOF1.3.3.1
2023-09-21 16:03:53,536 [WARN] PackLoader:240 - Cannot read IP mode file for STMicroelectronics.X-CUBE-AZRTOS-G4.2.0.0
2023-09-21 16:03:53,579 [WARN] PackLoader:240 - Cannot read IP mode file for STMicroelectronics.X-CUBE-FREERTOS.1.1.0
2023-09-21 16:03:53,639 [WARN] PackLoader:240 - Cannot read IP mode file for portGmbH.I-Cube-SoM-uGOAL.1.1.0
2023-09-21 16:03:53,667 [WARN] PackLoader:240 - Cannot read IP mode file for STMicroelectronics.X-CUBE-ALS.1.0.1
2023-09-21 16:03:53,705 [WARN] PackLoader:240 - Cannot read IP mode file for STMicroelectronics.FP-ATR-ASTRA1.2.0.0
2023-09-21 16:03:53,706 [INFO] ThirdParty:978 - Integrity check success = true
2023-09-21 16:03:53,707 [INFO] IntegrityCheckThread:100 - exiting critical section [integrity check]
2023-09-21 16:03:53,707 [INFO] IntegrityCheckThread:103 - End integrity checks thread
2023-09-21 16:04:06,455 [ERROR] LogOutputStream:75 - [STDERR_REDIRECT] SLF4J: Failed to load class "org.slf4j.impl.StaticLoggerBinder".
2023-09-21 16:04:06,456 [ERROR] LogOutputStream:75 - [STDERR_REDIRECT] SLF4J: Defaulting to no-operation (NOP) logger implementation
2023-09-21 16:04:06,460 [ERROR] LogOutputStream:75 - [STDERR_REDIRECT] SLF4J: See http://www.slf4j.org/codes.html#StaticLoggerBinder for further details.
2023-09-21 16:09:03,748 [INFO] McuFinderGlobals:63 - Set McuFinder mode to 2 (CubeIDE integrated)
2023-09-21 16:09:03,796 [INFO] MainUpdater:2868 - connection check result : 10
2023-09-21 16:09:03,803 [INFO] MainUpdater:2868 - connection check result : 10
2023-09-21 16:09:04,005 [INFO] MicroXplorer:468 - Change Database Path : 
2023-09-21 16:09:04,006 [INFO] MicroXplorer:498 - Change Database Version : DB.6.0.91
2023-09-21 16:09:04,014 [WARN] ThirdParty:871 - waiting for thirdparty lock release [close project]
2023-09-21 16:09:04,014 [INFO] ThirdParty:873 - entering critical section [close project]
2023-09-21 16:09:04,015 [INFO] ThirdParty:883 - exiting critical section [close project]
2023-09-21 16:09:04,019 [INFO] PinOutPanel:1499 - setPackage(No Configuration,No Configuration)
2023-09-21 16:09:04,030 [INFO] UtilMem:75 - Begin LoadConfig() Used Memory: 487768768 Bytes (872415232)
2023-09-21 16:09:04,032 [INFO] MicroXplorer:468 - Change Database Path : 
2023-09-21 16:09:04,033 [INFO] MicroXplorer:498 - Change Database Version : DB.6.0.91
2023-09-21 16:09:04,033 [INFO] OpenFileManager:308 - Change cursor
2023-09-21 16:09:04,183 [INFO] Mcu:1946 - Initializing MCU STM32L053C(6-8)Tx STM32L053C8Tx STM32L053C8T6
2023-09-21 16:09:06,972 [INFO] Context:659 - Trying to add GPIOservice into a context  which must be forbidden
2023-09-21 16:09:08,305 [INFO] RtosManager:555 - Registered RTOS mode: class=CMSIS, group=RTOS, mode=CMSIS_V1, owner=FREERTOS
2023-09-21 16:09:08,306 [INFO] RtosManager:555 - Registered RTOS mode: class=CMSIS, group=RTOS2, mode=CMSIS_V2, owner=FREERTOS
2023-09-21 16:09:08,306 [INFO] RtosManager:555 - Registered RTOS mode: class=RTOS, group=Core, mode=CMSIS_V1, owner=FREERTOS
2023-09-21 16:09:08,306 [INFO] RtosManager:555 - Registered RTOS mode: class=RTOS, group=Core, mode=CMSIS_V2, owner=FREERTOS
2023-09-21 16:09:08,306 [WARN] ModelIntegratedComponent:184 - Missing modes for component STMicroelectronics:FreeRTOS:0.0.1:STMicroelectronics:RTOS:FreeRTOS:Core:::10.2.0:
2023-09-21 16:09:08,335 [WARN] ModelIntegratedComponent:63 - No mode defined for component null
2023-09-21 16:09:08,335 [WARN] ModelIntegratedComponent:63 - No mode defined for component null
2023-09-21 16:09:08,335 [WARN] ModelIntegratedComponent:63 - No mode defined for component null
2023-09-21 16:09:08,335 [WARN] ModelIntegratedComponent:63 - No mode defined for component null
2023-09-21 16:09:08,335 [WARN] ModelIntegratedComponent:63 - No mode defined for component null
2023-09-21 16:09:08,335 [WARN] ModelIntegratedComponent:63 - No mode defined for component null
2023-09-21 16:09:08,336 [WARN] ModelIntegratedComponent:63 - No mode defined for component null
2023-09-21 16:09:08,336 [WARN] ModelIntegratedComponent:63 - No mode defined for component null
2023-09-21 16:09:08,336 [WARN] ModelIntegratedComponent:63 - No mode defined for component null
2023-09-21 16:09:08,337 [WARN] ModelIntegratedComponent:63 - No mode defined for component null
2023-09-21 16:09:08,337 [WARN] ModelIntegratedComponent:63 - No mode defined for component null
2023-09-21 16:09:08,337 [WARN] ModelIntegratedComponent:63 - No mode defined for component null
2023-09-21 16:09:08,337 [WARN] ModelIntegratedComponent:63 - No mode defined for component null
2023-09-21 16:09:08,338 [WARN] ModelIntegratedComponent:63 - No mode defined for component null
2023-09-21 16:09:08,338 [WARN] ModelIntegratedComponent:63 - No mode defined for component null
2023-09-21 16:09:08,338 [WARN] ModelIntegratedComponent:63 - No mode defined for component null
2023-09-21 16:09:08,338 [WARN] ModelIntegratedComponent:63 - No mode defined for component null
2023-09-21 16:09:08,338 [WARN] ModelIntegratedComponent:63 - No mode defined for component null
2023-09-21 16:09:08,338 [WARN] ModelIntegratedComponent:63 - No mode defined for component null
2023-09-21 16:09:08,338 [WARN] ModelIntegratedComponent:63 - No mode defined for component null
2023-09-21 16:09:08,338 [WARN] ModelIntegratedComponent:63 - No mode defined for component null
2023-09-21 16:09:08,339 [WARN] ModelIntegratedComponent:63 - No mode defined for component null
2023-09-21 16:09:08,339 [WARN] ModelIntegratedComponent:63 - No mode defined for component null
2023-09-21 16:09:08,339 [WARN] ModelIntegratedComponent:63 - No mode defined for component null
2023-09-21 16:09:08,339 [WARN] ModelIntegratedComponent:63 - No mode defined for component null
2023-09-21 16:09:08,339 [WARN] ModelIntegratedComponent:63 - No mode defined for component null
2023-09-21 16:09:08,339 [WARN] ModelIntegratedComponent:63 - No mode defined for component null
2023-09-21 16:09:08,339 [WARN] ModelIntegratedComponent:63 - No mode defined for component null
2023-09-21 16:09:08,339 [WARN] ModelIntegratedComponent:63 - No mode defined for component null
2023-09-21 16:09:08,340 [WARN] ModelIntegratedComponent:63 - No mode defined for component null
2023-09-21 16:09:08,340 [WARN] ModelIntegratedComponent:63 - No mode defined for component null
2023-09-21 16:09:08,340 [WARN] ModelIntegratedComponent:63 - No mode defined for component null
2023-09-21 16:09:08,340 [WARN] ModelIntegratedComponent:63 - No mode defined for component null
2023-09-21 16:09:08,383 [INFO] ThirdPartyModel:298 - Start build external matchings
2023-09-21 16:09:08,911 [INFO] ThirdPartyModel:316 - End build external matchings
2023-09-21 16:09:09,234 [INFO] UtilMem:75 - End LoadConfig() Used Memory: 482014152 Bytes (1073741824)
2023-09-21 16:09:09,484 [INFO] ApiDb:581 - Connected to CubeFinder SQLite database (C:\Users\DNK124\.stmcufinder\plugins\mcufinder\mcu\cube-finder-db.db)
2023-09-21 16:09:09,638 [INFO] ApiDb:668 - CubeFinder database Data Model version=2.1
2023-09-21 16:09:09,639 [INFO] ApiDb:669 - CubeFinder database Configuration version=3.0.37
2023-09-21 16:09:09,639 [INFO] ApiDb:670 - CubeFinder database generation date=2023-08-31 (1693470701)
2023-09-21 16:09:09,639 [INFO] ApiDb:671 - CubeFinder database FW Pack versions=[FP-ATR-ASTRA1_V2.0.0, FP-SNS-FLIGHT1_V5.0.1, FP-SNS-FLIGHT1_V5.0.2, FP-SNS-MOTENV1_V4.3.1, FP-SNS-MOTENV1_V4.3.2, STM32Cube_FW_C0_V1.1.0, STM32Cube_FW_F4_V1.27.1, STM32Cube_FW_F7_V1.17.0, STM32Cube_FW_G0_V1.6.1, STM32Cube_FW_G4_V1.5.1, STM32Cube_FW_H5_V0.5.1, STM32Cube_FW_H5_V1.1.1, STM32Cube_FW_H7_V1.11.0, STM32Cube_FW_L0_V1.12.2, STM32Cube_FW_L5_V1.5.0, STM32Cube_FW_U5_V1.3.0, STM32Cube_FW_U5_V1.3.0RC4, STM32Cube_FW_WBA_V1.0.0RC1, STM32Cube_FW_WBA_V1.1.0, STM32Cube_FW_WBA_V1.1.0RC1, STM32Cube_FW_WB_V1.15.0RC1, STM32Cube_FW_WB_V1.16.0, STM32Cube_FW_WB_V1.16.0RC2, STM32Cube_FW_WB_V1.17.0, STM32Cube_FW_WB_V1.17.2, STM32Cube_FW_WL_V1.3.0, X-CUBE-ALGOBUILD_V1.3.0, X-CUBE-ALS_V1.0.1, X-CUBE-AZRTOS-F4_V1.1.0, X-CUBE-AZRTOS-F7_V1.1.0, X-CUBE-AZRTOS-G0_V1.1.0, X-CUBE-AZRTOS-G4_V2.0.0, X-CUBE-AZRTOS-H7_V3.1.0, X-CUBE-AZRTOS-L4_V1.0.0, X-CUBE-AZRTOS-L4_V2.0.0, X-CUBE-AZRTOS-L5_V1.1.0, X-CUBE-AZRTOS-WB_V2.0.0, X-CUBE-AZRTOS-WL_V2.0.0, X-CUBE-BLE1_V7.0.0, X-CUBE-BLE2_V3.3.0, X-CUBE-BLEMGR_V2.0.0, X-CUBE-EEPRMA1_V4.1.0, X-CUBE-FREERTOS_V1.1.0, X-CUBE-GNSS1_V6.0.0, X-CUBE-MEMS1_V9.1.0, X-CUBE-MEMS1_V9.4.0, X-CUBE-MEMS1_V9.6.0, X-CUBE-NFC4_V3.0.0, X-CUBE-NFC7_V1.0.0, X-CUBE-SFXS2LP1_V4.0.0, X-CUBE-SUBG2_V5.0.0, X-CUBE-TOF1_V3.3.1]
2023-09-21 16:09:13,047 [INFO] ApiDb:240 - Found 323 in-development CPN: [B-G473E-ZEST1S, B-WB1M-WPAN1, B-WL5M-SUBG1, NUCLEO-C031C6, NUCLEO-H503RB, NUCLEO-H563ZI, NUCLEO-U545RE-Q, NUCLEO-U5A5ZJ-Q, NUCLEO-WBA52CG, STEVAL-PROTEUS1, STEVAL-SMARTAG2, STEVAL-STWINBX1, STM320518-EVAL, STM32C0116-DK, STM32C011D6Y3TR, STM32C011D6Y6TR, STM32C011F4P3, STM32C011F4P6, STM32C011F4U3, STM32C011F4U6TR, STM32C011F6P3, STM32C011F6P6, STM32C011F6U3, STM32C011F6U6TR, STM32C011J4M3, STM32C011J4M6, STM32C011J6M3, STM32C011J6M6, STM32C0316-DK, STM32C031C4T3, STM32C031C4T6, STM32C031C4U3, STM32C031C4U6, STM32C031C6T3, STM32C031C6T6, STM32C031C6U3, STM32C031C6U6, STM32C031F4P3, STM32C031F4P6, STM32C031F6P3, STM32C031F6P6, STM32C031G4U3, STM32C031G4U6, STM32C031G6U3, STM32C031G6U6, STM32C031K4T3, STM32C031K4T6, STM32C031K4U3, STM32C031K4U6, STM32C031K6T3, STM32C031K6T6, STM32C031K6U3, STM32C031K6U6, STM32G071K8TXN, STM32G071K8UXN, STM32G081GBU6N, STM32G081KBT6N, STM32G081KBUXN, STM32G0B1CCT6N, STM32G0B1KCT6, STM32G0B1NEY6TR, STM32G0B1RCT6N, STM32G0C1CCT6, STM32G0C1CCT6N, STM32G0C1CCU6N, STM32G0C1CET6N, STM32G0C1CEU6N, STM32G0C1KCT6, STM32G0C1NEY6TR, STM32G0C1RCI6N, STM32G0C1RCT6N, STM32G0C1REI6N, STM32G0C1RET6N, STM32G0C1VCI6, STM32G0C1VEI6, STM32G471CCT6, STM32G471CCU6, STM32G471CET3, STM32G471CET6, STM32G471CEU3, STM32G471CEU6, STM32G471MCT6, STM32G471MET3, STM32G471MET6, STM32G471MEY6TR, STM32G471QCT6, STM32G471QET3, STM32G471RCT6, STM32G471RET3, STM32G471RET6, STM32G471VCH6, STM32G471VCI6, STM32G471VCT6, STM32G471VEH3, STM32G471VEH6, STM32G471VEI3, STM32G471VEI6, STM32G471VET3, STM32G471VET6, STM32G474CCT6, STM32H503CBT6, STM32H503CBU6, STM32H503EBY6TR, STM32H503KBU6, STM32H503RBT6, STM32H562AGI6, STM32H562AII6, STM32H562IGK6, STM32H562IGT6, STM32H562IIK6, STM32H562IIT6, STM32H562RGT6, STM32H562RGV6, STM32H562RIT6, STM32H562RIV6, STM32H562VGT6, STM32H562VIT6, STM32H562ZGT6, STM32H562ZIT6, STM32H563AGI6, STM32H563AII3Q, STM32H563AII6, STM32H563IGK6, STM32H563IGT6, STM32H563IIK3Q, STM32H563IIK6, STM32H563IIT3Q, STM32H563IIT6, STM32H563MIY3QTR, STM32H563RGT6, STM32H563RGV6, STM32H563RIT6, STM32H563RIV6, STM32H563VGT6, STM32H563VIT3Q, STM32H563VIT6, STM32H563ZGT6, STM32H563ZIT3Q, STM32H563ZIT6, STM32H573AII3Q, STM32H573AII6, STM32H573I-DK, STM32H573IIK3Q, STM32H573IIK6, STM32H573IIT3Q, STM32H573IIT6, STM32H573MIY3QTR, STM32H573RIT6, STM32H573RIV6, STM32H573VIT3Q, STM32H573VIT6, STM32H573ZIT3Q, STM32H573ZIT6, STM32L4R5QGI6STR, STM32MP131AAE3, STM32MP131AAF3, STM32MP131AAG3, STM32MP131CAE3, STM32MP131CAF3, STM32MP131CAG3, STM32MP131DAE7, STM32MP131DAF7, STM32MP131DAG7, STM32MP131FAE7, STM32MP131FAF7, STM32MP131FAG7, STM32MP133AAE3, STM32MP133AAF3, STM32MP133AAG3, STM32MP133CAE3, STM32MP133CAF3, STM32MP133CAG3, STM32MP133DAE7, STM32MP133DAF7, STM32MP133DAG7, STM32MP133FAE7, STM32MP133FAF7, STM32MP133FAG7, STM32MP135AAE3, STM32MP135AAF3, STM32MP135AAG3, STM32MP135CAE3, STM32MP135CAF3, STM32MP135CAG3, STM32MP135DAE7, STM32MP135DAF7, STM32MP135DAG7, STM32MP135F-DK, STM32MP135FAE7, STM32MP135FAF7, STM32MP135FAF7T, STM32MP135FAF7U, STM32MP135FAG7, STM32U535CBT6, STM32U535CBT6Q, STM32U535CBU6, STM32U535CBU6Q, STM32U535CCT6, STM32U535CCT6Q, STM32U535CCU6, STM32U535CCU6Q, STM32U535CET6, STM32U535CET6Q, STM32U535CEU6, STM32U535CEU6Q, STM32U535JEY6QTR, STM32U535NCY6QTR, STM32U535NEY6QTR, STM32U535RBI6, STM32U535RBI6Q, STM32U535RBT6, STM32U535RBT6Q, STM32U535RCI6, STM32U535RCI6Q, STM32U535RCT6, STM32U535RCT6Q, STM32U535REI6, STM32U535REI6Q, STM32U535RET6, STM32U535RET6Q, STM32U535VCI6, STM32U535VCI6Q, STM32U535VCT6, STM32U535VCT6Q, STM32U535VEI6, STM32U535VEI6Q, STM32U535VET6, STM32U535VET6Q, STM32U545CET6, STM32U545CET6Q, STM32U545CEU6, STM32U545CEU6Q, STM32U545JEY6QTR, STM32U545NEY6QTR, STM32U545REI6, STM32U545REI6Q, STM32U545RET6, STM32U545RET6Q, STM32U545VEI6, STM32U545VEI6Q, STM32U545VET6, STM32U545VET6Q, STM32U595AIH6, STM32U595AIH6Q, STM32U595AJH6, STM32U595AJH6Q, STM32U595QII6, STM32U595QII6Q, STM32U595QJI6, STM32U595QJI6Q, STM32U595RIT6, STM32U595RIT6Q, STM32U595RJT6, STM32U595RJT6Q, STM32U595VIT6, STM32U595VIT6Q, STM32U595VJT6, STM32U595VJT6Q, STM32U595ZIT6, STM32U595ZIT6Q, STM32U595ZIY6QTR, STM32U595ZJT6, STM32U595ZJT6Q, STM32U595ZJY6QTR, STM32U599BJY6QTR, STM32U599NIH6Q, STM32U599NJH6Q, STM32U599VIT6Q, STM32U599VJT6, STM32U599VJT6Q, STM32U599ZIT6Q, STM32U599ZIY6QTR, STM32U599ZJT6Q, STM32U599ZJY6QTR, STM32U5A5AJH6, STM32U5A5AJH6Q, STM32U5A5QJI6, STM32U5A5QJI6Q, STM32U5A5RJT6, STM32U5A5RJT6Q, STM32U5A5VJT6, STM32U5A5VJT6Q, STM32U5A5ZJT6, STM32U5A5ZJT6Q, STM32U5A5ZJY6QTR, STM32U5A9BJY6QTR, STM32U5A9J-DK, STM32U5A9NJH6Q, STM32U5A9VJT6Q, STM32U5A9ZJT6Q, STM32U5A9ZJY6QTR, STM32U5F7VIT6, STM32U5F7VIT6Q, STM32U5F7VJT6, STM32U5F7VJT6Q, STM32U5F9BJY6QTR, STM32U5F9NJH6Q, STM32U5F9VIT6Q, STM32U5F9VJT6Q, STM32U5F9ZIJ6QTR, STM32U5F9ZIT6Q, STM32U5F9ZJJ6QTR, STM32U5F9ZJT6Q, STM32U5G7VJT6, STM32U5G7VJT6Q, STM32U5G9BJY6QTR, STM32U5G9J-DK1, STM32U5G9J-DK2, STM32U5G9NJH6Q, STM32U5G9VJT6Q, STM32U5G9ZJJ6QTR, STM32U5G9ZJT6Q, STM32WB1MMCH6, STM32WBA52CEU6, STM32WBA52CEU6T, STM32WBA52CGU6, STM32WBA52CGU6T, STM32WBA52KEU6, STM32WBA52KEU6T, STM32WBA52KGU6, STM32WBA52KGU6T, STM32WL5MOCH6, STM32WL5MOCH6TR]
2023-09-21 16:09:13,055 [INFO] DbMcus:217 - Found 3848 MCUs, 3848 are supported
2023-09-21 16:09:13,056 [INFO] ApiDb:423 - Load user favorites file C:\Users\DNK124/.stm32cubeide/favorites.mcus.txt: 0 item(s)
2023-09-21 16:09:13,057 [INFO] ApiDb:427 - User favorites MCUs=[]
2023-09-21 16:09:13,057 [INFO] DbMcus:223 - Set 0 / 0 favorites MCUs
2023-09-21 16:09:13,693 [WARN] ThirdParty:833 - waiting for thirdparty lock release [change project]
2023-09-21 16:09:13,693 [INFO] ThirdParty:835 - entering critical section [change project]
2023-09-21 16:09:13,693 [INFO] ThirdParty:1030 - CMSIS Pack Vendor :STMicroelectronics X-CUBE-ISPU 1.1.0
2023-09-21 16:09:13,693 [INFO] ThirdParty:1030 - CMSIS Pack Vendor :STMicroelectronics USBPD 4.1
2023-09-21 16:09:13,693 [INFO] ThirdParty:1030 - CMSIS Pack Vendor :STMicroelectronics X-CUBE-GNSS1 6.0.0
2023-09-21 16:09:13,694 [INFO] ThirdParty:1030 - CMSIS Pack Vendor :STMicroelectronics USB_HOST 2.0.0
2023-09-21 16:09:13,694 [INFO] ThirdParty:1030 - CMSIS Pack Vendor :STMicroelectronics X-CUBE-AZRTOS-F4 1.1.0
2023-09-21 16:09:13,694 [INFO] ThirdParty:1030 - CMSIS Pack Vendor :STMicroelectronics LIBJPEG 8.0.0
2023-09-21 16:09:13,694 [INFO] ThirdParty:1030 - CMSIS Pack Vendor :wolfSSL I-CUBE-wolfSSL 5.6.3
2023-09-21 16:09:13,694 [INFO] ThirdParty:1030 - CMSIS Pack Vendor :STMicroelectronics X-CUBE-SMBUS 2.1.0
2023-09-21 16:09:13,694 [INFO] ThirdParty:1030 - CMSIS Pack Vendor :STMicroelectronics USB_DEVICE 3.0.0
2023-09-21 16:09:13,694 [INFO] ThirdParty:1030 - CMSIS Pack Vendor :STMicroelectronics X-CUBE-AZRTOS-WB 2.0.0
2023-09-21 16:09:13,694 [INFO] ThirdParty:1030 - CMSIS Pack Vendor :STMicroelectronics X-CUBE-FREERTOS 1.0.1
2023-09-21 16:09:13,694 [INFO] ThirdParty:1030 - CMSIS Pack Vendor :STMicroelectronics X-CUBE-AZRTOS-F7 1.1.0
2023-09-21 16:09:13,694 [INFO] ThirdParty:1030 - CMSIS Pack Vendor :STMicroelectronics X-CUBE-AZRTOS-L5 2.0.0
2023-09-21 16:09:13,695 [INFO] ThirdParty:1030 - CMSIS Pack Vendor :STMicroelectronics USB_DEVICE 2.0.0
2023-09-21 16:09:13,695 [INFO] ThirdParty:1030 - CMSIS Pack Vendor :STMicroelectronics X-CUBE-MEMS1 9.6.0
2023-09-21 16:09:13,695 [INFO] ThirdParty:1030 - CMSIS Pack Vendor :STMicroelectronics FP-SNS-MOTENV1 4.3.2
2023-09-21 16:09:13,695 [INFO] ThirdParty:1030 - CMSIS Pack Vendor :STMicroelectronics X-CUBE-ALGOBUILD 1.3.0
2023-09-21 16:09:13,695 [INFO] ThirdParty:1030 - CMSIS Pack Vendor :STMicroelectronics FreeRTOS 0.0.1
2023-09-21 16:09:13,695 [INFO] ThirdParty:1030 - CMSIS Pack Vendor :STMicroelectronics X-CUBE-AZRTOS-G0 1.1.0
2023-09-21 16:09:13,695 [INFO] ThirdParty:1030 - CMSIS Pack Vendor :STMicroelectronics X-CUBE-BLEMGR 2.0.0
2023-09-21 16:09:13,695 [INFO] ThirdParty:1030 - CMSIS Pack Vendor :STMicroelectronics X-CUBE-NFC4 3.0.0
2023-09-21 16:09:13,695 [INFO] ThirdParty:1030 - CMSIS Pack Vendor :STMicroelectronics X-CUBE-SUBG2 5.0.0
2023-09-21 16:09:13,695 [INFO] ThirdParty:1030 - CMSIS Pack Vendor :STMicroelectronics STM32_WPAN 1.0.0
2023-09-21 16:09:13,695 [INFO] ThirdParty:1030 - CMSIS Pack Vendor :STMicroelectronics lwIP 2.0.3
2023-09-21 16:09:13,695 [INFO] ThirdParty:1030 - CMSIS Pack Vendor :STMicroelectronics FP-SNS-FLIGHT1 5.0.2
2023-09-21 16:09:13,696 [INFO] ThirdParty:1030 - CMSIS Pack Vendor :STMicroelectronics USB_HOST 1.0.0
2023-09-21 16:09:13,696 [INFO] ThirdParty:1030 - CMSIS Pack Vendor :STMicroelectronics X-CUBE-TOF1 3.3.1
2023-09-21 16:09:13,696 [INFO] ThirdParty:1030 - CMSIS Pack Vendor :STMicroelectronics X-CUBE-AZRTOS-G4 2.0.0
2023-09-21 16:09:13,696 [INFO] ThirdParty:1030 - CMSIS Pack Vendor :STMicroelectronics PDM2PCM 3.1.0
2023-09-21 16:09:13,696 [INFO] ThirdParty:1030 - CMSIS Pack Vendor :STMicroelectronics X-CUBE-AZRTOS-H7 3.1.0
2023-09-21 16:09:13,696 [INFO] ThirdParty:1030 - CMSIS Pack Vendor :STMicroelectronics PDM2PCM 3.3.0
2023-09-21 16:09:13,696 [INFO] ThirdParty:1030 - CMSIS Pack Vendor :STMicroelectronics X-CUBE-DISPLAY 3.0.0
2023-09-21 16:09:13,696 [INFO] ThirdParty:1030 - CMSIS Pack Vendor :STMicroelectronics X-CUBE-BLE1 7.0.0
2023-09-21 16:09:13,696 [INFO] ThirdParty:1030 - CMSIS Pack Vendor :STMicroelectronics FP-ATR-SIGFOX1 3.2.0
2023-09-21 16:09:13,696 [INFO] ThirdParty:1030 - CMSIS Pack Vendor :STMicroelectronics HAL Drivers 0.0.0
2023-09-21 16:09:13,696 [INFO] ThirdParty:1030 - CMSIS Pack Vendor :STMicroelectronics MBEDTLS 2.16.2
2023-09-21 16:09:13,697 [INFO] ThirdParty:1030 - CMSIS Pack Vendor :emotas I-CUBE-CANOPEN 1.3.0
2023-09-21 16:09:13,697 [INFO] ThirdParty:1030 - CMSIS Pack Vendor :STMicroelectronics X-CUBE-FREERTOS 1.1.0
2023-09-21 16:09:13,697 [INFO] ThirdParty:1030 - CMSIS Pack Vendor :STMicroelectronics X-CUBE-TOUCHGFX 4.22.0
2023-09-21 16:09:13,697 [INFO] ThirdParty:1030 - CMSIS Pack Vendor :STMicroelectronics X-CUBE-NFC7 1.0.1
2023-09-21 16:09:13,697 [INFO] ThirdParty:1030 - CMSIS Pack Vendor :STMicroelectronics MBEDTLS 2.14.1
2023-09-21 16:09:13,697 [INFO] ThirdParty:1030 - CMSIS Pack Vendor :STMicroelectronics X-CUBE-NFC6 3.0.0
2023-09-21 16:09:13,697 [INFO] ThirdParty:1030 - CMSIS Pack Vendor :STMicroelectronics X-CUBE-EEPRMA1 4.1.0
2023-09-21 16:09:13,697 [INFO] ThirdParty:1030 - CMSIS Pack Vendor :portGmbH I-Cube-SoM-uGOAL 1.1.0
2023-09-21 16:09:13,697 [INFO] ThirdParty:1030 - CMSIS Pack Vendor :STMicroelectronics X-CUBE-ALS 1.0.1
2023-09-21 16:09:13,697 [INFO] ThirdParty:1030 - CMSIS Pack Vendor :STMicroelectronics ThreadX 1.0.0
2023-09-21 16:09:13,697 [INFO] ThirdParty:1030 - CMSIS Pack Vendor :STMicroelectronics FP-SNS-SMARTAG2 1.2.0
2023-09-21 16:09:13,698 [INFO] ThirdParty:1030 - CMSIS Pack Vendor :STMicroelectronics X-CUBE-AZRTOS-WL 2.0.0
2023-09-21 16:09:13,698 [INFO] ThirdParty:1030 - CMSIS Pack Vendor :SEGGER I-CUBE-embOS 1.3.1
2023-09-21 16:09:13,698 [INFO] ThirdParty:1030 - CMSIS Pack Vendor :STMicroelectronics USB_DEVICE 1.0.0
2023-09-21 16:09:13,698 [INFO] ThirdParty:1030 - CMSIS Pack Vendor :STMicroelectronics X-CUBE-AI 8.1.0
2023-09-21 16:09:13,698 [INFO] ThirdParty:1030 - CMSIS Pack Vendor :STMicroelectronics X-CUBE-AZRTOS-L4 2.0.0
2023-09-21 16:09:13,698 [INFO] ThirdParty:1030 - CMSIS Pack Vendor :STMicroelectronics ThreadX 0.0.2
2023-09-21 16:09:13,698 [INFO] ThirdParty:1030 - CMSIS Pack Vendor :WES I-CUBE-Cesium 1.3.0
2023-09-21 16:09:13,698 [INFO] ThirdParty:1030 - CMSIS Pack Vendor :STMicroelectronics FP-ATR-ASTRA1 2.0.0
2023-09-21 16:09:13,698 [INFO] ThirdParty:1030 - CMSIS Pack Vendor :STMicroelectronics lwIP 2.1.2
2023-09-21 16:09:13,699 [INFO] ThirdParty:1030 - CMSIS Pack Vendor :STMicroelectronics X-CUBE-SFXS2LP1 4.0.0
2023-09-21 16:09:13,699 [INFO] ThirdParty:1030 - CMSIS Pack Vendor :STMicroelectronics X-CUBE-BLE2 3.3.0
2023-09-21 16:09:13,699 [INFO] ThirdParty:1030 - CMSIS Pack Vendor :STMicroelectronics PDM2PCM 3.2.0
2023-09-21 16:09:13,699 [INFO] ThirdParty:841 - exiting critical section [change project]
2023-09-21 16:09:14,402 [INFO] PinOutPanel:1499 - setPackage(No Configuration,No Configuration)
2023-09-21 16:09:14,403 [INFO] PinOutPanel:1499 - setPackage(STM32L053C8Tx,LQFP48)
2023-09-21 16:09:16,037 [INFO] UtilMem:75 - Before build in PCC Used Memory: 558772224 Bytes (1073741824)
2023-09-21 16:09:18,302 [INFO] UtilMem:75 - After build in PCC Used Memory: 660668608 Bytes (1073741824)
2023-09-21 16:09:18,361 [INFO] IPUIPlugin:80 - create IPUIPlugin
2023-09-21 16:09:18,362 [INFO] IPUIPlugin:80 - create IPUIPlugin
2023-09-21 16:09:18,362 [INFO] IPUIPlugin:80 - create IPUIPlugin
2023-09-21 16:09:18,363 [INFO] IPUIPlugin:80 - create IPUIPlugin
2023-09-21 16:09:18,363 [INFO] IPUIPlugin:80 - create IPUIPlugin
2023-09-21 16:09:18,363 [INFO] IPUIPlugin:80 - create IPUIPlugin
2023-09-21 16:09:18,363 [INFO] IPUIPlugin:80 - create IPUIPlugin
2023-09-21 16:09:18,364 [INFO] IPUIPlugin:80 - create IPUIPlugin
2023-09-21 16:09:18,364 [INFO] IPUIPlugin:80 - create IPUIPlugin
2023-09-21 16:09:18,364 [INFO] IPUIPlugin:80 - create IPUIPlugin
2023-09-21 16:09:18,365 [INFO] IPUIPlugin:80 - create IPUIPlugin
2023-09-21 16:09:18,365 [INFO] IPUIPlugin:80 - create IPUIPlugin
2023-09-21 16:09:18,365 [INFO] IPUIPlugin:80 - create IPUIPlugin
2023-09-21 16:09:18,366 [INFO] IPUIPlugin:80 - create IPUIPlugin
2023-09-21 16:09:18,366 [INFO] IPUIPlugin:80 - create IPUIPlugin
2023-09-21 16:09:18,367 [INFO] IPUIPlugin:80 - create IPUIPlugin
2023-09-21 16:09:18,367 [INFO] IPUIPlugin:80 - create IPUIPlugin
2023-09-21 16:09:18,368 [INFO] IPUIPlugin:80 - create IPUIPlugin
2023-09-21 16:09:18,368 [INFO] IPUIPlugin:80 - create IPUIPlugin
2023-09-21 16:09:18,368 [INFO] IPUIPlugin:80 - create IPUIPlugin
2023-09-21 16:09:18,369 [INFO] IPUIPlugin:80 - create IPUIPlugin
2023-09-21 16:09:18,369 [INFO] IPUIPlugin:80 - create IPUIPlugin
2023-09-21 16:09:18,370 [INFO] IPUIPlugin:80 - create IPUIPlugin
2023-09-21 16:09:18,370 [INFO] IPUIPlugin:80 - create IPUIPlugin
2023-09-21 16:09:18,371 [INFO] IPUIPlugin:80 - create IPUIPlugin
2023-09-21 16:09:18,371 [INFO] IPUIPlugin:80 - create IPUIPlugin
2023-09-21 16:09:18,372 [INFO] IPUIPlugin:80 - create IPUIPlugin
2023-09-21 16:09:18,372 [INFO] IPUIPlugin:80 - create IPUIPlugin
2023-09-21 16:09:18,373 [INFO] IPUIPlugin:80 - create IPUIPlugin
2023-09-21 16:09:18,374 [INFO] IPUIPlugin:80 - create IPUIPlugin
2023-09-21 16:09:18,375 [INFO] IPUIPlugin:80 - create IPUIPlugin
2023-09-21 16:09:18,375 [INFO] IPUIPlugin:80 - create IPUIPlugin
2023-09-21 16:09:18,376 [INFO] IPUIPlugin:80 - create IPUIPlugin
2023-09-21 16:09:18,377 [INFO] IPUIPlugin:80 - create IPUIPlugin
2023-09-21 16:09:18,711 [INFO] CADModel:165 - CPN selected for project levelSTM32L053C8T6
2023-09-21 16:09:18,711 [INFO] CADModel:114 - Register for checkConnection events
2023-09-21 16:09:18,787 [INFO] OpenFileManager:328 - Restore cursor
2023-09-21 16:09:51,612 [INFO] RtosManager:919 - Current active RTOS is FREERTOS [Cortex-M0+NS]
2023-09-21 16:09:51,854 [INFO] ApiDbMcu:507 - Load IP Config File for FREERTOS
2023-09-21 16:09:52,286 [ERROR] RtosPanel:558 - Can not restore the selected Tab for FREERTOS(A reason can be that the tab is no more available.)
2023-09-21 16:09:52,411 [ERROR] RtosPanel:558 - Can not restore the selected Tab for FREERTOS(A reason can be that the tab is no more available.)
2023-09-21 16:11:35,081 [INFO] TasksAndQueuesTab:757 - Dynamic
2023-09-21 16:11:35,081 [WARN] TasksAndQueuesTab:763 - 128 128
2023-09-21 16:11:35,082 [WARN] TasksAndQueuesTab:775 - max value is: 768.0
2023-09-21 16:11:37,432 [INFO] EditThreadDialog:704 - RAM SIZE (in KB): 8
2023-09-21 16:11:37,433 [INFO] EditThreadDialog:706 - RAM SIZE (in words): 2048
2023-09-21 16:12:04,276 [INFO] TasksAndQueuesTab:757 - Dynamic
2023-09-21 16:12:04,276 [WARN] TasksAndQueuesTab:763 - 128 128
2023-09-21 16:12:04,277 [WARN] TasksAndQueuesTab:775 - max value is: 768.0
2023-09-21 16:12:04,485 [ERROR] RtosPanel:558 - Can not restore the selected Tab for FREERTOS(A reason can be that the tab is no more available.)
2023-09-21 16:12:07,527 [INFO] TasksAndQueuesTab:757 - Dynamic
2023-09-21 16:12:07,528 [WARN] TasksAndQueuesTab:763 - 128 128
2023-09-21 16:12:07,528 [WARN] TasksAndQueuesTab:775 - max value is: 768.0
2023-09-21 16:12:09,310 [INFO] EditThreadDialog:704 - RAM SIZE (in KB): 8
2023-09-21 16:12:09,310 [INFO] EditThreadDialog:706 - RAM SIZE (in words): 2048
2023-09-21 16:12:39,632 [INFO] TasksAndQueuesTab:757 - Dynamic
2023-09-21 16:12:39,632 [WARN] TasksAndQueuesTab:763 - 128 128
2023-09-21 16:12:39,632 [WARN] TasksAndQueuesTab:775 - max value is: 768.0
2023-09-21 16:12:39,632 [INFO] TasksAndQueuesTab:757 - Dynamic
2023-09-21 16:12:39,633 [WARN] TasksAndQueuesTab:763 - 128 128
2023-09-21 16:12:39,633 [WARN] TasksAndQueuesTab:775 - max value is: 768.0
2023-09-21 16:21:37,554 [INFO] UtilMem:75 - End SaveConfig() Used Memory: 861426592 Bytes (1073741824)
2023-09-21 16:21:40,490 [INFO] UtilMem:75 - End SaveConfig() Used Memory: 962531720 Bytes (1073741824)
2023-09-21 16:21:46,585 [INFO] BlockDiagram:2759 - set Specific Code input for plugin: NVIC
2023-09-21 16:21:46,585 [INFO] BlockDiagram:2759 - set Specific Code input for plugin: FREERTOS
2023-09-21 16:21:46,585 [INFO] BlockDiagram:2759 - set Specific Code input for plugin: USART
2023-09-21 16:21:46,585 [INFO] BlockDiagram:2759 - set Specific Code input for plugin: SYS
2023-09-21 16:21:46,588 [INFO] BlockDiagram:2759 - set Specific Code input for plugin: GPIO
2023-09-21 16:21:46,588 [INFO] BlockDiagram:2759 - set Specific Code input for plugin: RCC
2023-09-21 16:21:46,590 [INFO] CodeGenerator:799 - code generatio: config db path: C:\ST\STM32CubeIDE_1.13.1\STM32CubeIDE\plugins\com.st.stm32cube.common.mx_6.9.1.202307191849\\db\
2023-09-21 16:21:46,995 [INFO] CodeEngine:255 - oldGeneratedFile, C:\Users\DNK124\Desktop\Priyesh\STM32\FreeRTOS_Binary_Semaphore\MXTmpFiles\license.tmp_save
2023-09-21 16:21:47,673 [INFO] CodeEngine:279 - Generated code: C:\Users\DNK124\Desktop\Priyesh\STM32\FreeRTOS_Binary_Semaphore\MXTmpFiles\license.tmp
2023-09-21 16:21:47,959 [INFO] CodeEngine:255 - oldGeneratedFile, C:\Users\DNK124\Desktop\Priyesh\STM32\FreeRTOS_Binary_Semaphore\MXTmpFiles\gpio.tmp_save
2023-09-21 16:21:48,320 [INFO] CodeEngine:279 - Generated code: C:\Users\DNK124\Desktop\Priyesh\STM32\FreeRTOS_Binary_Semaphore\MXTmpFiles\gpio.tmp
2023-09-21 16:21:48,623 [INFO] Middleware:1439 - No code input for Bsp Dependency
2023-09-21 16:21:48,674 [INFO] CodeEngine:255 - oldGeneratedFile, C:\Users\DNK124\Desktop\Priyesh\STM32\FreeRTOS_Binary_Semaphore\MXTmpFiles\rtos_inc.tmp_save
2023-09-21 16:21:48,858 [INFO] CodeEngine:279 - Generated code: C:\Users\DNK124\Desktop\Priyesh\STM32\FreeRTOS_Binary_Semaphore\MXTmpFiles\rtos_inc.tmp
2023-09-21 16:21:48,879 [INFO] CodeEngine:255 - oldGeneratedFile, C:\Users\DNK124\Desktop\Priyesh\STM32\FreeRTOS_Binary_Semaphore\MXTmpFiles\rtos_vars.tmp_save
2023-09-21 16:21:49,034 [INFO] CodeEngine:279 - Generated code: C:\Users\DNK124\Desktop\Priyesh\STM32\FreeRTOS_Binary_Semaphore\MXTmpFiles\rtos_vars.tmp
2023-09-21 16:21:49,053 [INFO] CodeEngine:255 - oldGeneratedFile, C:\Users\DNK124\Desktop\Priyesh\STM32\FreeRTOS_Binary_Semaphore\MXTmpFiles\rtos_pfp.tmp_save
2023-09-21 16:21:49,214 [INFO] CodeEngine:279 - Generated code: C:\Users\DNK124\Desktop\Priyesh\STM32\FreeRTOS_Binary_Semaphore\MXTmpFiles\rtos_pfp.tmp
2023-09-21 16:21:49,249 [INFO] CodeEngine:255 - oldGeneratedFile, C:\Users\DNK124\Desktop\Priyesh\STM32\FreeRTOS_Binary_Semaphore\MXTmpFiles\rtos_obj_creat.tmp_save
2023-09-21 16:21:49,405 [INFO] CodeEngine:279 - Generated code: C:\Users\DNK124\Desktop\Priyesh\STM32\FreeRTOS_Binary_Semaphore\MXTmpFiles\rtos_obj_creat.tmp
2023-09-21 16:21:49,438 [INFO] CodeEngine:255 - oldGeneratedFile, C:\Users\DNK124\Desktop\Priyesh\STM32\FreeRTOS_Binary_Semaphore\MXTmpFiles\rtos_kernelStart.tmp_save
2023-09-21 16:21:49,599 [INFO] CodeEngine:279 - Generated code: C:\Users\DNK124\Desktop\Priyesh\STM32\FreeRTOS_Binary_Semaphore\MXTmpFiles\rtos_kernelStart.tmp
2023-09-21 16:21:49,636 [INFO] CodeEngine:255 - oldGeneratedFile, C:\Users\DNK124\Desktop\Priyesh\STM32\FreeRTOS_Binary_Semaphore\MXTmpFiles\rtos_default_thread.tmp_save
2023-09-21 16:21:49,813 [INFO] CodeEngine:279 - Generated code: C:\Users\DNK124\Desktop\Priyesh\STM32\FreeRTOS_Binary_Semaphore\MXTmpFiles\rtos_default_thread.tmp
2023-09-21 16:21:49,841 [INFO] CodeEngine:255 - oldGeneratedFile, C:\Users\DNK124\Desktop\Priyesh\STM32\FreeRTOS_Binary_Semaphore\MXTmpFiles\rtos_threads.tmp_save
2023-09-21 16:21:49,983 [INFO] CodeEngine:279 - Generated code: C:\Users\DNK124\Desktop\Priyesh\STM32\FreeRTOS_Binary_Semaphore\MXTmpFiles\rtos_threads.tmp
2023-09-21 16:21:50,007 [INFO] Middleware:1439 - No code input for Bsp Dependency
2023-09-21 16:21:50,026 [INFO] CodeEngine:255 - oldGeneratedFile, C:\Users\DNK124\Desktop\Priyesh\STM32\FreeRTOS_Binary_Semaphore\MXTmpFiles\rtos_inc.tmp_save
2023-09-21 16:21:50,196 [INFO] CodeEngine:279 - Generated code: C:\Users\DNK124\Desktop\Priyesh\STM32\FreeRTOS_Binary_Semaphore\MXTmpFiles\rtos_inc.tmp
2023-09-21 16:21:50,223 [INFO] CodeEngine:255 - oldGeneratedFile, C:\Users\DNK124\Desktop\Priyesh\STM32\FreeRTOS_Binary_Semaphore\MXTmpFiles\rtos_vars.tmp_save
2023-09-21 16:21:50,349 [INFO] CodeEngine:279 - Generated code: C:\Users\DNK124\Desktop\Priyesh\STM32\FreeRTOS_Binary_Semaphore\MXTmpFiles\rtos_vars.tmp
2023-09-21 16:21:50,361 [INFO] CodeEngine:255 - oldGeneratedFile, C:\Users\DNK124\Desktop\Priyesh\STM32\FreeRTOS_Binary_Semaphore\MXTmpFiles\rtos_pfp.tmp_save
2023-09-21 16:21:50,486 [INFO] CodeEngine:279 - Generated code: C:\Users\DNK124\Desktop\Priyesh\STM32\FreeRTOS_Binary_Semaphore\MXTmpFiles\rtos_pfp.tmp
2023-09-21 16:21:50,510 [INFO] CodeEngine:255 - oldGeneratedFile, C:\Users\DNK124\Desktop\Priyesh\STM32\FreeRTOS_Binary_Semaphore\MXTmpFiles\rtos_obj_creat.tmp_save
2023-09-21 16:21:50,702 [INFO] CodeEngine:279 - Generated code: C:\Users\DNK124\Desktop\Priyesh\STM32\FreeRTOS_Binary_Semaphore\MXTmpFiles\rtos_obj_creat.tmp
2023-09-21 16:21:50,714 [INFO] CodeEngine:255 - oldGeneratedFile, C:\Users\DNK124\Desktop\Priyesh\STM32\FreeRTOS_Binary_Semaphore\MXTmpFiles\rtos_kernelStart.tmp_save
2023-09-21 16:21:50,836 [INFO] CodeEngine:279 - Generated code: C:\Users\DNK124\Desktop\Priyesh\STM32\FreeRTOS_Binary_Semaphore\MXTmpFiles\rtos_kernelStart.tmp
2023-09-21 16:21:50,845 [INFO] CodeEngine:255 - oldGeneratedFile, C:\Users\DNK124\Desktop\Priyesh\STM32\FreeRTOS_Binary_Semaphore\MXTmpFiles\rtos_default_thread.tmp_save
2023-09-21 16:21:50,936 [INFO] CodeEngine:279 - Generated code: C:\Users\DNK124\Desktop\Priyesh\STM32\FreeRTOS_Binary_Semaphore\MXTmpFiles\rtos_default_thread.tmp
2023-09-21 16:21:50,945 [INFO] CodeEngine:255 - oldGeneratedFile, C:\Users\DNK124\Desktop\Priyesh\STM32\FreeRTOS_Binary_Semaphore\MXTmpFiles\rtos_threads.tmp_save
2023-09-21 16:21:51,034 [INFO] CodeEngine:279 - Generated code: C:\Users\DNK124\Desktop\Priyesh\STM32\FreeRTOS_Binary_Semaphore\MXTmpFiles\rtos_threads.tmp
2023-09-21 16:21:51,051 [INFO] CodeEngine:255 - oldGeneratedFile, C:\Users\DNK124\Desktop\Priyesh\STM32\FreeRTOS_Binary_Semaphore\Core\Inc\FreeRTOSConfig.h_save
2023-09-21 16:21:51,315 [INFO] CodeEngine:279 - Generated code: C:\Users\DNK124\Desktop\Priyesh\STM32\FreeRTOS_Binary_Semaphore\Core\Inc\FreeRTOSConfig.h
2023-09-21 16:21:51,341 [INFO] CodeEngine:255 - oldGeneratedFile, C:\Users\DNK124\Desktop\Priyesh\STM32\FreeRTOS_Binary_Semaphore\Core\Src\freertos.c_save
2023-09-21 16:21:51,673 [INFO] CodeEngine:279 - Generated code: C:\Users\DNK124\Desktop\Priyesh\STM32\FreeRTOS_Binary_Semaphore\Core\Src\freertos.c
2023-09-21 16:21:51,750 [INFO] CodeEngine:255 - oldGeneratedFile, C:\Users\DNK124\Desktop\Priyesh\STM32\FreeRTOS_Binary_Semaphore\Core\Src\stm32l0xx_it.c_save
2023-09-21 16:21:51,998 [INFO] CodeEngine:279 - Generated code: C:\Users\DNK124\Desktop\Priyesh\STM32\FreeRTOS_Binary_Semaphore\Core\Src\stm32l0xx_it.c
2023-09-21 16:21:52,024 [INFO] CodeEngine:255 - oldGeneratedFile, C:\Users\DNK124\Desktop\Priyesh\STM32\FreeRTOS_Binary_Semaphore\Core\Inc\stm32l0xx_it.h_save
2023-09-21 16:21:52,196 [INFO] CodeEngine:279 - Generated code: C:\Users\DNK124\Desktop\Priyesh\STM32\FreeRTOS_Binary_Semaphore\Core\Inc\stm32l0xx_it.h
2023-09-21 16:21:52,280 [INFO] CodeEngine:255 - oldGeneratedFile, C:\Users\DNK124\Desktop\Priyesh\STM32\FreeRTOS_Binary_Semaphore\Core\Src\stm32l0xx_hal_msp.c_save
2023-09-21 16:21:52,562 [INFO] CodeEngine:279 - Generated code: C:\Users\DNK124\Desktop\Priyesh\STM32\FreeRTOS_Binary_Semaphore\Core\Src\stm32l0xx_hal_msp.c
2023-09-21 16:21:52,586 [INFO] CodeEngine:255 - oldGeneratedFile, C:\Users\DNK124\Desktop\Priyesh\STM32\FreeRTOS_Binary_Semaphore\MXTmpFiles\system.tmp_save
2023-09-21 16:21:52,719 [INFO] CodeEngine:279 - Generated code: C:\Users\DNK124\Desktop\Priyesh\STM32\FreeRTOS_Binary_Semaphore\MXTmpFiles\system.tmp
2023-09-21 16:21:52,735 [INFO] CodeEngine:255 - oldGeneratedFile, C:\Users\DNK124\Desktop\Priyesh\STM32\FreeRTOS_Binary_Semaphore\Core\Src\stm32l0xx_hal_timebase_tim.c_save
2023-09-21 16:21:52,868 [INFO] CodeEngine:279 - Generated code: C:\Users\DNK124\Desktop\Priyesh\STM32\FreeRTOS_Binary_Semaphore\Core\Src\stm32l0xx_hal_timebase_tim.c
2023-09-21 16:21:52,905 [INFO] CodeEngine:311 - oldGeneratedFile, C:\Users\DNK124\Desktop\Priyesh\STM32\FreeRTOS_Binary_Semaphore\Core\Inc\stm32l0xx_hal_conf.h_save
2023-09-21 16:21:53,056 [INFO] CodeEngine:335 - Generated code: C:\Users\DNK124\Desktop\Priyesh\STM32\FreeRTOS_Binary_Semaphore\Core\Inc\stm32l0xx_hal_conf.h
2023-09-21 16:21:53,154 [INFO] CodeEngine:255 - oldGeneratedFile, C:\Users\DNK124\Desktop\Priyesh\STM32\FreeRTOS_Binary_Semaphore\Core\Inc\main.h_save
2023-09-21 16:21:53,341 [INFO] CodeEngine:279 - Generated code: C:\Users\DNK124\Desktop\Priyesh\STM32\FreeRTOS_Binary_Semaphore\Core\Inc\main.h
2023-09-21 16:21:53,381 [INFO] CodeEngine:255 - oldGeneratedFile, C:\Users\DNK124\Desktop\Priyesh\STM32\FreeRTOS_Binary_Semaphore\Core\Src\main.c_save
2023-09-21 16:21:53,712 [INFO] CodeEngine:279 - Generated code: C:\Users\DNK124\Desktop\Priyesh\STM32\FreeRTOS_Binary_Semaphore\Core\Src\main.c
2023-09-21 16:21:55,181 [INFO] ProjectBuilder:3064 - Time for Copy HAL[1] : 547mS.
2023-09-21 16:21:55,201 [INFO] ProjectBuilder:4404 - Project Generator version: 4.1.0
2023-09-21 16:21:55,693 [INFO] ConfigFileManager:1457 - The Die is : DIE417
2023-09-21 16:21:55,709 [INFO] ApiDbMcu:507 - Load IP Config File for FATFS
2023-09-21 16:21:55,751 [INFO] ApiDbMcu:507 - Load IP Config File for TOUCHSENSING
2023-09-21 16:21:55,777 [INFO] ApiDbMcu:507 - Load IP Config File for USB_DEVICE
2023-09-21 16:21:58,385 [INFO] LogOutputStream:77 - [STDOUT_REDIRECT] 
2023-09-21 16:22:05,857 [INFO] ProjectBuilder:4626 - Time for Generating toolchain IDE Files: 10655mS.
2023-09-21 16:22:05,859 [INFO] ProjectBuilder:2935 - Time for Copy CMSIS : 1mS.
2023-09-21 16:22:05,870 [INFO] ProjectBuilder:2935 - Time for Copy CMSIS : 1mS.
2023-09-21 16:54:08,295 [INFO] UtilMem:75 - End SaveConfig() Used Memory: 861678632 Bytes (1073741824)
2023-09-21 16:54:09,158 [INFO] UtilMem:75 - End SaveConfig() Used Memory: 638328184 Bytes (1073741824)
2023-09-21 16:54:12,162 [INFO] BlockDiagram:2759 - set Specific Code input for plugin: NVIC
2023-09-21 16:54:12,162 [INFO] BlockDiagram:2759 - set Specific Code input for plugin: FREERTOS
2023-09-21 16:54:12,162 [INFO] BlockDiagram:2759 - set Specific Code input for plugin: USART
2023-09-21 16:54:12,162 [INFO] BlockDiagram:2759 - set Specific Code input for plugin: SYS
2023-09-21 16:54:12,163 [INFO] BlockDiagram:2759 - set Specific Code input for plugin: GPIO
2023-09-21 16:54:12,163 [INFO] BlockDiagram:2759 - set Specific Code input for plugin: RCC
2023-09-21 16:54:12,165 [INFO] CodeGenerator:799 - code generatio: config db path: C:\ST\STM32CubeIDE_1.13.1\STM32CubeIDE\plugins\com.st.stm32cube.common.mx_6.9.1.202307191849\\db\
2023-09-21 16:54:12,413 [INFO] CodeEngine:255 - oldGeneratedFile, C:\Users\DNK124\Desktop\Priyesh\STM32\FreeRTOS_Binary_Semaphore\MXTmpFiles\license.tmp_save
2023-09-21 16:54:12,753 [INFO] CodeEngine:279 - Generated code: C:\Users\DNK124\Desktop\Priyesh\STM32\FreeRTOS_Binary_Semaphore\MXTmpFiles\license.tmp
2023-09-21 16:54:12,804 [INFO] CodeEngine:255 - oldGeneratedFile, C:\Users\DNK124\Desktop\Priyesh\STM32\FreeRTOS_Binary_Semaphore\MXTmpFiles\gpio.tmp_save
2023-09-21 16:54:13,072 [INFO] CodeEngine:279 - Generated code: C:\Users\DNK124\Desktop\Priyesh\STM32\FreeRTOS_Binary_Semaphore\MXTmpFiles\gpio.tmp
2023-09-21 16:54:13,249 [INFO] Middleware:1439 - No code input for Bsp Dependency
2023-09-21 16:54:13,263 [INFO] CodeEngine:255 - oldGeneratedFile, C:\Users\DNK124\Desktop\Priyesh\STM32\FreeRTOS_Binary_Semaphore\MXTmpFiles\rtos_inc.tmp_save
2023-09-21 16:54:13,476 [INFO] CodeEngine:279 - Generated code: C:\Users\DNK124\Desktop\Priyesh\STM32\FreeRTOS_Binary_Semaphore\MXTmpFiles\rtos_inc.tmp
2023-09-21 16:54:13,482 [INFO] CodeEngine:255 - oldGeneratedFile, C:\Users\DNK124\Desktop\Priyesh\STM32\FreeRTOS_Binary_Semaphore\MXTmpFiles\rtos_vars.tmp_save
2023-09-21 16:54:13,599 [INFO] CodeEngine:279 - Generated code: C:\Users\DNK124\Desktop\Priyesh\STM32\FreeRTOS_Binary_Semaphore\MXTmpFiles\rtos_vars.tmp
2023-09-21 16:54:13,606 [INFO] CodeEngine:255 - oldGeneratedFile, C:\Users\DNK124\Desktop\Priyesh\STM32\FreeRTOS_Binary_Semaphore\MXTmpFiles\rtos_pfp.tmp_save
2023-09-21 16:54:13,809 [INFO] CodeEngine:279 - Generated code: C:\Users\DNK124\Desktop\Priyesh\STM32\FreeRTOS_Binary_Semaphore\MXTmpFiles\rtos_pfp.tmp
2023-09-21 16:54:13,816 [INFO] CodeEngine:255 - oldGeneratedFile, C:\Users\DNK124\Desktop\Priyesh\STM32\FreeRTOS_Binary_Semaphore\MXTmpFiles\rtos_obj_creat.tmp_save
2023-09-21 16:54:13,931 [INFO] CodeEngine:279 - Generated code: C:\Users\DNK124\Desktop\Priyesh\STM32\FreeRTOS_Binary_Semaphore\MXTmpFiles\rtos_obj_creat.tmp
2023-09-21 16:54:13,937 [INFO] CodeEngine:255 - oldGeneratedFile, C:\Users\DNK124\Desktop\Priyesh\STM32\FreeRTOS_Binary_Semaphore\MXTmpFiles\rtos_kernelStart.tmp_save
2023-09-21 16:54:14,133 [INFO] CodeEngine:279 - Generated code: C:\Users\DNK124\Desktop\Priyesh\STM32\FreeRTOS_Binary_Semaphore\MXTmpFiles\rtos_kernelStart.tmp
2023-09-21 16:54:14,139 [INFO] CodeEngine:255 - oldGeneratedFile, C:\Users\DNK124\Desktop\Priyesh\STM32\FreeRTOS_Binary_Semaphore\MXTmpFiles\rtos_default_thread.tmp_save
2023-09-21 16:54:14,256 [INFO] CodeEngine:279 - Generated code: C:\Users\DNK124\Desktop\Priyesh\STM32\FreeRTOS_Binary_Semaphore\MXTmpFiles\rtos_default_thread.tmp
2023-09-21 16:54:14,262 [INFO] CodeEngine:255 - oldGeneratedFile, C:\Users\DNK124\Desktop\Priyesh\STM32\FreeRTOS_Binary_Semaphore\MXTmpFiles\rtos_threads.tmp_save
2023-09-21 16:54:14,373 [INFO] CodeEngine:279 - Generated code: C:\Users\DNK124\Desktop\Priyesh\STM32\FreeRTOS_Binary_Semaphore\MXTmpFiles\rtos_threads.tmp
2023-09-21 16:54:14,395 [INFO] Middleware:1439 - No code input for Bsp Dependency
2023-09-21 16:54:14,410 [INFO] CodeEngine:255 - oldGeneratedFile, C:\Users\DNK124\Desktop\Priyesh\STM32\FreeRTOS_Binary_Semaphore\MXTmpFiles\rtos_inc.tmp_save
2023-09-21 16:54:14,541 [INFO] CodeEngine:279 - Generated code: C:\Users\DNK124\Desktop\Priyesh\STM32\FreeRTOS_Binary_Semaphore\MXTmpFiles\rtos_inc.tmp
2023-09-21 16:54:14,548 [INFO] CodeEngine:255 - oldGeneratedFile, C:\Users\DNK124\Desktop\Priyesh\STM32\FreeRTOS_Binary_Semaphore\MXTmpFiles\rtos_vars.tmp_save
2023-09-21 16:54:14,630 [INFO] CodeEngine:279 - Generated code: C:\Users\DNK124\Desktop\Priyesh\STM32\FreeRTOS_Binary_Semaphore\MXTmpFiles\rtos_vars.tmp
2023-09-21 16:54:14,640 [INFO] CodeEngine:255 - oldGeneratedFile, C:\Users\DNK124\Desktop\Priyesh\STM32\FreeRTOS_Binary_Semaphore\MXTmpFiles\rtos_pfp.tmp_save
2023-09-21 16:54:14,720 [INFO] CodeEngine:279 - Generated code: C:\Users\DNK124\Desktop\Priyesh\STM32\FreeRTOS_Binary_Semaphore\MXTmpFiles\rtos_pfp.tmp
2023-09-21 16:54:14,736 [INFO] CodeEngine:255 - oldGeneratedFile, C:\Users\DNK124\Desktop\Priyesh\STM32\FreeRTOS_Binary_Semaphore\MXTmpFiles\rtos_obj_creat.tmp_save
2023-09-21 16:54:14,861 [INFO] CodeEngine:279 - Generated code: C:\Users\DNK124\Desktop\Priyesh\STM32\FreeRTOS_Binary_Semaphore\MXTmpFiles\rtos_obj_creat.tmp
2023-09-21 16:54:14,869 [INFO] CodeEngine:255 - oldGeneratedFile, C:\Users\DNK124\Desktop\Priyesh\STM32\FreeRTOS_Binary_Semaphore\MXTmpFiles\rtos_kernelStart.tmp_save
2023-09-21 16:54:14,981 [INFO] CodeEngine:279 - Generated code: C:\Users\DNK124\Desktop\Priyesh\STM32\FreeRTOS_Binary_Semaphore\MXTmpFiles\rtos_kernelStart.tmp
2023-09-21 16:54:14,992 [INFO] CodeEngine:255 - oldGeneratedFile, C:\Users\DNK124\Desktop\Priyesh\STM32\FreeRTOS_Binary_Semaphore\MXTmpFiles\rtos_default_thread.tmp_save
2023-09-21 16:54:15,099 [INFO] CodeEngine:279 - Generated code: C:\Users\DNK124\Desktop\Priyesh\STM32\FreeRTOS_Binary_Semaphore\MXTmpFiles\rtos_default_thread.tmp
2023-09-21 16:54:15,108 [INFO] CodeEngine:255 - oldGeneratedFile, C:\Users\DNK124\Desktop\Priyesh\STM32\FreeRTOS_Binary_Semaphore\MXTmpFiles\rtos_threads.tmp_save
2023-09-21 16:54:15,192 [INFO] CodeEngine:279 - Generated code: C:\Users\DNK124\Desktop\Priyesh\STM32\FreeRTOS_Binary_Semaphore\MXTmpFiles\rtos_threads.tmp
2023-09-21 16:54:15,211 [INFO] CodeEngine:255 - oldGeneratedFile, C:\Users\DNK124\Desktop\Priyesh\STM32\FreeRTOS_Binary_Semaphore\Core\Inc\FreeRTOSConfig.h_save
2023-09-21 16:54:15,338 [INFO] CodeEngine:279 - Generated code: C:\Users\DNK124\Desktop\Priyesh\STM32\FreeRTOS_Binary_Semaphore\Core\Inc\FreeRTOSConfig.h
2023-09-21 16:54:15,357 [INFO] CodeEngine:255 - oldGeneratedFile, C:\Users\DNK124\Desktop\Priyesh\STM32\FreeRTOS_Binary_Semaphore\Core\Src\freertos.c_save
2023-09-21 16:54:15,508 [INFO] CodeEngine:279 - Generated code: C:\Users\DNK124\Desktop\Priyesh\STM32\FreeRTOS_Binary_Semaphore\Core\Src\freertos.c
2023-09-21 16:54:15,543 [INFO] CodeEngine:255 - oldGeneratedFile, C:\Users\DNK124\Desktop\Priyesh\STM32\FreeRTOS_Binary_Semaphore\Core\Src\stm32l0xx_it.c_save
2023-09-21 16:54:15,941 [INFO] CodeEngine:279 - Generated code: C:\Users\DNK124\Desktop\Priyesh\STM32\FreeRTOS_Binary_Semaphore\Core\Src\stm32l0xx_it.c
2023-09-21 16:54:15,964 [INFO] CodeEngine:255 - oldGeneratedFile, C:\Users\DNK124\Desktop\Priyesh\STM32\FreeRTOS_Binary_Semaphore\Core\Inc\stm32l0xx_it.h_save
2023-09-21 16:54:16,357 [INFO] CodeEngine:279 - Generated code: C:\Users\DNK124\Desktop\Priyesh\STM32\FreeRTOS_Binary_Semaphore\Core\Inc\stm32l0xx_it.h
2023-09-21 16:54:16,394 [INFO] CodeEngine:255 - oldGeneratedFile, C:\Users\DNK124\Desktop\Priyesh\STM32\FreeRTOS_Binary_Semaphore\Core\Src\stm32l0xx_hal_msp.c_save
2023-09-21 16:54:16,712 [INFO] CodeEngine:279 - Generated code: C:\Users\DNK124\Desktop\Priyesh\STM32\FreeRTOS_Binary_Semaphore\Core\Src\stm32l0xx_hal_msp.c
2023-09-21 16:54:16,721 [INFO] CodeEngine:255 - oldGeneratedFile, C:\Users\DNK124\Desktop\Priyesh\STM32\FreeRTOS_Binary_Semaphore\MXTmpFiles\system.tmp_save
2023-09-21 16:54:16,852 [INFO] CodeEngine:279 - Generated code: C:\Users\DNK124\Desktop\Priyesh\STM32\FreeRTOS_Binary_Semaphore\MXTmpFiles\system.tmp
2023-09-21 16:54:16,875 [INFO] CodeEngine:255 - oldGeneratedFile, C:\Users\DNK124\Desktop\Priyesh\STM32\FreeRTOS_Binary_Semaphore\Core\Src\stm32l0xx_hal_timebase_tim.c_save
2023-09-21 16:54:17,054 [INFO] CodeEngine:279 - Generated code: C:\Users\DNK124\Desktop\Priyesh\STM32\FreeRTOS_Binary_Semaphore\Core\Src\stm32l0xx_hal_timebase_tim.c
2023-09-21 16:54:17,083 [INFO] CodeEngine:311 - oldGeneratedFile, C:\Users\DNK124\Desktop\Priyesh\STM32\FreeRTOS_Binary_Semaphore\Core\Inc\stm32l0xx_hal_conf.h_save
2023-09-21 16:54:17,238 [INFO] CodeEngine:335 - Generated code: C:\Users\DNK124\Desktop\Priyesh\STM32\FreeRTOS_Binary_Semaphore\Core\Inc\stm32l0xx_hal_conf.h
2023-09-21 16:54:17,324 [INFO] CodeEngine:255 - oldGeneratedFile, C:\Users\DNK124\Desktop\Priyesh\STM32\FreeRTOS_Binary_Semaphore\Core\Inc\main.h_save
2023-09-21 16:54:17,563 [INFO] CodeEngine:279 - Generated code: C:\Users\DNK124\Desktop\Priyesh\STM32\FreeRTOS_Binary_Semaphore\Core\Inc\main.h
2023-09-21 16:54:17,589 [INFO] CodeEngine:255 - oldGeneratedFile, C:\Users\DNK124\Desktop\Priyesh\STM32\FreeRTOS_Binary_Semaphore\Core\Src\main.c_save
2023-09-21 16:54:17,879 [INFO] CodeEngine:279 - Generated code: C:\Users\DNK124\Desktop\Priyesh\STM32\FreeRTOS_Binary_Semaphore\Core\Src\main.c
2023-09-21 16:54:18,755 [INFO] ProjectBuilder:3064 - Time for Copy HAL[1] : 299mS.
2023-09-21 16:54:18,762 [INFO] ProjectBuilder:4404 - Project Generator version: 4.1.0
2023-09-21 16:54:19,239 [INFO] ConfigFileManager:1457 - The Die is : DIE417
2023-09-21 16:54:23,290 [INFO] ProjectBuilder:4626 - Time for Generating toolchain IDE Files: 4528mS.
2023-09-21 16:54:23,295 [INFO] ProjectBuilder:2935 - Time for Copy CMSIS : 4mS.
2023-09-21 16:54:23,308 [INFO] ProjectBuilder:2935 - Time for Copy CMSIS : 1mS.
2023-09-21 16:59:24,653 [INFO] Gpio:273 - dependency for GPIO [RCC, SYS, USART1]
