2023-09-14 09:40:54,807 [INFO] Activator:176 - 


2023-09-14 09:40:54,817 [INFO] Activator:177 - !SESSION log4j initialized
2023-09-14 09:41:03,524 [INFO] LogOutputStream:77 - [STDOUT_REDIRECT] 
2023-09-14 09:41:05,319 [INFO] ApplicationProperties:184 - Using Application install path: C:\ST\STM32CubeIDE_1.13.1\STM32CubeIDE\plugins\com.st.stm32cube.common.mx_6.9.1.202307191849
2023-09-14 09:41:05,344 [INFO] DbMcusXml:78 - Set database path to: C:\ST\STM32CubeIDE_1.13.1\STM32CubeIDE\plugins\com.st.stm32cube.common.mx_6.9.1.202307191849\\db\/mcu/
2023-09-14 09:41:05,344 [INFO] ApiDb:274 - Set plugin database path to: C:\ST\STM32CubeIDE_1.13.1\STM32CubeIDE\plugins\com.st.stm32cube.common.mx_6.9.1.202307191849\\db\/plugins/boardmanager/
2023-09-14 09:41:05,345 [WARN] ApiDb:259 - Overriding images path with different value:  => C:\ST\STM32CubeIDE_1.13.1\STM32CubeIDE\plugins\com.st.stm32cube.common.mx_6.9.1.202307191849\\db\/plugins/mcufinder/images/
2023-09-14 09:41:05,359 [INFO] ApiDb:250 - Set database path to: C:\Users\DNK124\.stmcufinder\plugins\mcufinder//mcu/
2023-09-14 09:41:05,361 [INFO] DbMcusAds:125 - Set database path to: C:\Users\DNK124\.stmcufinder\plugins\mcufinder//mcu/
2023-09-14 09:41:05,364 [INFO] CrossReferenceDbSqlite:203 - Set database path to: C:\Users\DNK124\.stmcufinder\plugins\mcufinder//mcu/cs/
2023-09-14 09:41:05,535 [INFO] RulesReader:64 - Compatibility file has been processed (293 Rules)
2023-09-14 09:41:05,660 [INFO] DbMcusXml:78 - Set database path to: C:\ST\STM32CubeIDE_1.13.1\STM32CubeIDE\plugins\com.st.stm32cube.common.mx_6.9.1.202307191849\\db\/mcu/
2023-09-14 09:41:05,661 [INFO] ApiDb:274 - Set plugin database path to: C:\ST\STM32CubeIDE_1.13.1\STM32CubeIDE\plugins\com.st.stm32cube.common.mx_6.9.1.202307191849\\db\/plugins/boardmanager/
2023-09-14 09:41:05,661 [INFO] ApiDb:261 - Set plugin images path to: C:\ST\STM32CubeIDE_1.13.1\STM32CubeIDE\plugins\com.st.stm32cube.common.mx_6.9.1.202307191849\\db\/plugins/mcufinder/images/
2023-09-14 09:41:05,662 [WARN] DbFile:41 - Overriding database path with different value: C:\Users\DNK124\.stmcufinder\plugins\mcufinder/ => C:\Users\DNK124\.stmcufinder\plugins\mcufinder
2023-09-14 09:41:05,662 [INFO] ApiDb:250 - Set database path to: C:\Users\DNK124\.stmcufinder\plugins\mcufinder//mcu/
2023-09-14 09:41:05,662 [WARN] DbFile:41 - Overriding database path with different value: C:\Users\DNK124\.stmcufinder\plugins\mcufinder/ => C:\Users\DNK124\.stmcufinder\plugins\mcufinder
2023-09-14 09:41:05,662 [INFO] DbMcusAds:125 - Set database path to: C:\Users\DNK124\.stmcufinder\plugins\mcufinder//mcu/
2023-09-14 09:41:05,662 [WARN] DbFile:41 - Overriding database path with different value: C:\Users\DNK124\.stmcufinder\plugins\mcufinder/ => C:\Users\DNK124\.stmcufinder\plugins\mcufinder
2023-09-14 09:41:05,662 [WARN] DbFile:41 - Overriding database path with different value: C:\Users\DNK124\.stmcufinder\plugins\mcufinder/ => C:\Users\DNK124\.stmcufinder\plugins\mcufinder
2023-09-14 09:41:05,663 [INFO] CrossReferenceDbSqlite:203 - Set database path to: C:\Users\DNK124\.stmcufinder\plugins\mcufinder//mcu/cs/
2023-09-14 09:41:05,788 [INFO] MainPanel:262 - HeapMemory: 268435456
2023-09-14 09:41:05,920 [INFO] DbMcusXml:78 - Set database path to: C:\ST\STM32CubeIDE_1.13.1\STM32CubeIDE\plugins\com.st.stm32cube.common.mx_6.9.1.202307191849\\db\/mcu/
2023-09-14 09:41:05,921 [INFO] ApiDb:274 - Set plugin database path to: C:\ST\STM32CubeIDE_1.13.1\STM32CubeIDE\plugins\com.st.stm32cube.common.mx_6.9.1.202307191849\\db\/plugins/boardmanager/
2023-09-14 09:41:05,921 [INFO] ApiDb:261 - Set plugin images path to: C:\ST\STM32CubeIDE_1.13.1\STM32CubeIDE\plugins\com.st.stm32cube.common.mx_6.9.1.202307191849\\db\/plugins/mcufinder/images/
2023-09-14 09:41:05,922 [WARN] DbFile:41 - Overriding database path with different value: C:\Users\DNK124\.stmcufinder\plugins\mcufinder/ => C:\Users\DNK124\.stmcufinder\plugins\mcufinder
2023-09-14 09:41:05,922 [INFO] ApiDb:250 - Set database path to: C:\Users\DNK124\.stmcufinder\plugins\mcufinder//mcu/
2023-09-14 09:41:05,922 [WARN] DbFile:41 - Overriding database path with different value: C:\Users\DNK124\.stmcufinder\plugins\mcufinder/ => C:\Users\DNK124\.stmcufinder\plugins\mcufinder
2023-09-14 09:41:05,922 [INFO] DbMcusAds:125 - Set database path to: C:\Users\DNK124\.stmcufinder\plugins\mcufinder//mcu/
2023-09-14 09:41:05,922 [WARN] DbFile:41 - Overriding database path with different value: C:\Users\DNK124\.stmcufinder\plugins\mcufinder/ => C:\Users\DNK124\.stmcufinder\plugins\mcufinder
2023-09-14 09:41:05,922 [WARN] DbFile:41 - Overriding database path with different value: C:\Users\DNK124\.stmcufinder\plugins\mcufinder/ => C:\Users\DNK124\.stmcufinder\plugins\mcufinder
2023-09-14 09:41:05,923 [INFO] CrossReferenceDbSqlite:203 - Set database path to: C:\Users\DNK124\.stmcufinder\plugins\mcufinder//mcu/cs/
2023-09-14 09:41:05,950 [INFO] ApplicationProperties:184 - Using Application install path: C:\ST\STM32CubeIDE_1.13.1\STM32CubeIDE\plugins\com.st.stm32cube.common.mx_6.9.1.202307191849
2023-09-14 09:41:05,951 [INFO] PluginManage:196 - Search for loadable plugins [exclusion list=, ]
2023-09-14 09:41:05,953 [INFO] PluginManage:310 - Check plugin analytics
2023-09-14 09:41:06,223 [INFO] AnalyticsPlugin:253 - Accepted Software Licenses: 
2023-09-14 09:41:06,223 [INFO] AnalyticsPlugin:255 - Accepted CMSIS Pack Licenses: 
2023-09-14 09:41:06,224 [INFO] AnalyticsPlugin:257 - Accepted Firmware Licenses: FW.L4.1.18.0
2023-09-14 09:41:06,228 [INFO] PluginManage:359 - Loaded plugin analytics (category:tool,tabindex:-1)
2023-09-14 09:41:06,229 [INFO] PluginManage:310 - Check plugin cadmodel
2023-09-14 09:41:06,250 [INFO] CADModel:105 - Init CAD model plugin
2023-09-14 09:41:06,250 [INFO] PluginManage:359 - Loaded plugin cadmodel (category:power,tabindex:5)
2023-09-14 09:41:06,251 [INFO] PluginManage:310 - Check plugin clock
2023-09-14 09:41:06,284 [INFO] PluginManage:359 - Loaded plugin clock (category:base,tabindex:2)
2023-09-14 09:41:06,285 [INFO] PluginManage:310 - Check plugin ddr
2023-09-14 09:41:06,290 [INFO] PluginManage:359 - Loaded plugin ddr (category:tool,tabindex:6)
2023-09-14 09:41:06,290 [INFO] PluginManage:310 - Check plugin filemanager
2023-09-14 09:41:06,506 [INFO] PluginManage:359 - Loaded plugin filemanager (category:base,tabindex:10)
2023-09-14 09:41:06,507 [INFO] PluginManage:310 - Check plugin ipmanager
2023-09-14 09:41:06,519 [INFO] PluginManage:359 - Loaded plugin ipmanager (category:base,tabindex:5)
2023-09-14 09:41:06,519 [INFO] PluginManage:310 - Check plugin lpbam
2023-09-14 09:41:06,546 [INFO] PluginManage:359 - Loaded plugin lpbam (category:base,tabindex:0)
2023-09-14 09:41:06,546 [INFO] PluginManage:310 - Check plugin memorymap
2023-09-14 09:41:06,585 [INFO] PluginManage:359 - Loaded plugin memorymap (category:base,tabindex:4)
2023-09-14 09:41:06,586 [INFO] PluginManage:310 - Check plugin pinoutandconfiguration
2023-09-14 09:41:06,613 [INFO] PluginManage:359 - Loaded plugin pinoutandconfiguration (category:base,tabindex:1)
2023-09-14 09:41:06,613 [INFO] PluginManage:310 - Check plugin pinoutconfig
2023-09-14 09:41:06,752 [WARN] SupportedApi:132 - Cannot load RTOS API schema: s4s-elt-must-match.1: The content of 'definitions' must match (annotation?, (simpleType | complexType)?, (unique | key | keyref)*)). A problem was found starting at: attribute.
2023-09-14 09:41:06,960 [INFO] PluginManage:359 - Loaded plugin pinoutconfig (category:base,tabindex:0)
2023-09-14 09:41:06,960 [INFO] PluginManage:310 - Check plugin power
2023-09-14 09:41:06,993 [INFO] PluginManage:359 - Loaded plugin power (category:power,tabindex:4)
2023-09-14 09:41:06,993 [INFO] PluginManage:310 - Check plugin projectmanager
2023-09-14 09:41:07,019 [INFO] PluginManage:359 - Loaded plugin projectmanager (category:projectmanager,tabindex:3)
2023-09-14 09:41:07,020 [INFO] PluginManage:310 - Check plugin thirdparty
2023-09-14 09:41:07,469 [INFO] PluginManage:359 - Loaded plugin thirdparty (category:base,tabindex:-1)
2023-09-14 09:41:07,469 [WARN] IntegrityCheckThread:84 - waiting for thirdparty lock release [integrity check]
2023-09-14 09:41:07,469 [INFO] PluginManage:310 - Check plugin tools
2023-09-14 09:41:07,469 [INFO] IntegrityCheckThread:86 - entering critical section [integrity check]
2023-09-14 09:41:07,470 [INFO] ThirdPartyUpdaterWithRetryManager:70 - Updater plugin not ready yet. [1/15]
2023-09-14 09:41:07,513 [INFO] PluginManage:359 - Loaded plugin tools (category:base,tabindex:7)
2023-09-14 09:41:07,513 [INFO] PluginManage:310 - Check plugin tutovideos
2023-09-14 09:41:07,767 [INFO] PluginManage:359 - Loaded plugin tutovideos (category:base,tabindex:-1)
2023-09-14 09:41:07,767 [INFO] PluginManage:310 - Check plugin updater
2023-09-14 09:41:07,783 [INFO] PluginManage:359 - Loaded plugin updater (category:base,tabindex:12)
2023-09-14 09:41:07,783 [INFO] PluginManage:310 - Check plugin userauth
2023-09-14 09:41:07,791 [INFO] UserAuth:113 - Init User Auth plugin
2023-09-14 09:41:07,791 [INFO] PluginManage:359 - Loaded plugin userauth (category:base,tabindex:14)
2023-09-14 09:41:07,792 [INFO] PluginManage:283 - PluginManage : Loaded plugins [17]
2023-09-14 09:41:08,134 [INFO] PinOutPanel:1499 - setPackage(No Configuration,No Configuration)
2023-09-14 09:41:08,312 [INFO] CADModel:165 - CPN selected for project level
2023-09-14 09:41:08,312 [INFO] CADModel:114 - Register for checkConnection events
2023-09-14 09:41:08,346 [INFO] IPUIPlugin:80 - create IPUIPlugin
2023-09-14 09:41:08,346 [INFO] PluginManager:220 - loadIPPluginJar : add adc
2023-09-14 09:41:08,388 [INFO] IPUIPlugin:80 - create IPUIPlugin
2023-09-14 09:41:08,388 [INFO] PluginManager:220 - loadIPPluginJar : add aes
2023-09-14 09:41:08,436 [INFO] IPUIPlugin:80 - create IPUIPlugin
2023-09-14 09:41:08,436 [INFO] PluginManager:220 - loadIPPluginJar : add can
2023-09-14 09:41:08,461 [INFO] IPUIPlugin:80 - create IPUIPlugin
2023-09-14 09:41:08,461 [INFO] PluginManager:220 - loadIPPluginJar : add comp
2023-09-14 09:41:08,501 [INFO] IPUIPlugin:80 - create IPUIPlugin
2023-09-14 09:41:08,501 [INFO] PluginManager:220 - loadIPPluginJar : add cryp
2023-09-14 09:41:08,547 [INFO] IPUIPlugin:80 - create IPUIPlugin
2023-09-14 09:41:08,547 [INFO] PluginManager:220 - loadIPPluginJar : add dfsdm
2023-09-14 09:41:08,564 [INFO] IPUIPlugin:80 - create IPUIPlugin
2023-09-14 09:41:08,566 [INFO] PluginManager:220 - loadIPPluginJar : add dma
2023-09-14 09:41:08,621 [INFO] IPUIPlugin:80 - create IPUIPlugin
2023-09-14 09:41:08,621 [INFO] PluginManager:220 - loadIPPluginJar : add dma3
2023-09-14 09:41:08,645 [INFO] IPUIPlugin:80 - create IPUIPlugin
2023-09-14 09:41:08,645 [INFO] PluginManager:220 - loadIPPluginJar : add fatfs
2023-09-14 09:41:08,699 [INFO] IPUIPlugin:80 - create IPUIPlugin
2023-09-14 09:41:08,699 [INFO] PluginManager:220 - loadIPPluginJar : add fmc
2023-09-14 09:41:08,717 [INFO] IPUIPlugin:80 - create IPUIPlugin
2023-09-14 09:41:08,717 [INFO] PluginManager:220 - loadIPPluginJar : add freertos
2023-09-14 09:41:08,740 [INFO] IPUIPlugin:80 - create IPUIPlugin
2023-09-14 09:41:08,740 [INFO] PluginManager:220 - loadIPPluginJar : add genericplugin
2023-09-14 09:41:08,848 [INFO] IPUIPlugin:80 - create IPUIPlugin
2023-09-14 09:41:08,849 [INFO] PluginManager:220 - loadIPPluginJar : add gfxmmu
2023-09-14 09:41:09,004 [INFO] IPUIPlugin:80 - create IPUIPlugin
2023-09-14 09:41:09,005 [INFO] PluginManager:220 - loadIPPluginJar : add gic
2023-09-14 09:41:09,018 [INFO] IPUIPlugin:80 - create IPUIPlugin
2023-09-14 09:41:09,019 [INFO] PluginManager:220 - loadIPPluginJar : add gpio
2023-09-14 09:41:09,129 [INFO] IPUIPlugin:80 - create IPUIPlugin
2023-09-14 09:41:09,130 [INFO] PluginManager:220 - loadIPPluginJar : add gtzc
2023-09-14 09:41:09,167 [INFO] IPUIPlugin:80 - create IPUIPlugin
2023-09-14 09:41:09,167 [INFO] PluginManager:220 - loadIPPluginJar : add hash
2023-09-14 09:41:09,228 [INFO] IPUIPlugin:80 - create IPUIPlugin
2023-09-14 09:41:09,228 [INFO] PluginManager:220 - loadIPPluginJar : add i2c
2023-09-14 09:41:09,274 [INFO] IPUIPlugin:80 - create IPUIPlugin
2023-09-14 09:41:09,274 [INFO] PluginManager:220 - loadIPPluginJar : add i2s
2023-09-14 09:41:09,323 [INFO] IPUIPlugin:80 - create IPUIPlugin
2023-09-14 09:41:09,323 [INFO] PluginManager:220 - loadIPPluginJar : add i3c
2023-09-14 09:41:09,450 [INFO] IPUIPlugin:80 - create IPUIPlugin
2023-09-14 09:41:09,450 [INFO] PluginManager:220 - loadIPPluginJar : add ipddr
2023-09-14 09:41:09,560 [INFO] IPUIPlugin:80 - create IPUIPlugin
2023-09-14 09:41:09,560 [INFO] PluginManager:220 - loadIPPluginJar : add linkedlist
2023-09-14 09:41:09,602 [INFO] IPUIPlugin:80 - create IPUIPlugin
2023-09-14 09:41:09,602 [INFO] PluginManager:220 - loadIPPluginJar : add lorawan
2023-09-14 09:41:09,649 [INFO] IPUIPlugin:80 - create IPUIPlugin
2023-09-14 09:41:09,649 [INFO] PluginManager:220 - loadIPPluginJar : add ltdc
2023-09-14 09:41:09,667 [INFO] IPUIPlugin:80 - create IPUIPlugin
2023-09-14 09:41:09,667 [INFO] PluginManager:220 - loadIPPluginJar : add mdma
2023-09-14 09:41:09,683 [INFO] IPUIPlugin:80 - create IPUIPlugin
2023-09-14 09:41:09,683 [INFO] PluginManager:220 - loadIPPluginJar : add nvic
2023-09-14 09:41:09,747 [INFO] IPUIPlugin:80 - create IPUIPlugin
2023-09-14 09:41:09,747 [INFO] PluginManager:220 - loadIPPluginJar : add opamp
2023-09-14 09:41:09,820 [INFO] IPUIPlugin:80 - create IPUIPlugin
2023-09-14 09:41:09,820 [INFO] PluginManager:220 - loadIPPluginJar : add openamp
2023-09-14 09:41:09,871 [INFO] IPUIPlugin:80 - create IPUIPlugin
2023-09-14 09:41:09,871 [INFO] PluginManager:220 - loadIPPluginJar : add pdm2pcm
2023-09-14 09:41:09,890 [INFO] IPUIPlugin:80 - create IPUIPlugin
2023-09-14 09:41:09,893 [INFO] PluginManager:220 - loadIPPluginJar : add plateformsettings
2023-09-14 09:41:09,917 [INFO] IPUIPlugin:80 - create IPUIPlugin
2023-09-14 09:41:09,917 [INFO] PluginManager:220 - loadIPPluginJar : add quadspi
2023-09-14 09:41:09,933 [INFO] IPUIPlugin:80 - create IPUIPlugin
2023-09-14 09:41:09,933 [INFO] PluginManager:220 - loadIPPluginJar : add resmgrutility
2023-09-14 09:41:09,995 [INFO] IPUIPlugin:80 - create IPUIPlugin
2023-09-14 09:41:09,995 [INFO] PluginManager:220 - loadIPPluginJar : add sai
2023-09-14 09:41:10,042 [INFO] IPUIPlugin:80 - create IPUIPlugin
2023-09-14 09:41:10,042 [INFO] PluginManager:220 - loadIPPluginJar : add spi
2023-09-14 09:41:10,155 [INFO] IPUIPlugin:80 - create IPUIPlugin
2023-09-14 09:41:10,155 [INFO] PluginManager:220 - loadIPPluginJar : add stm32_wpan
2023-09-14 09:41:10,182 [INFO] IPUIPlugin:80 - create IPUIPlugin
2023-09-14 09:41:10,182 [INFO] PluginManager:220 - loadIPPluginJar : add tim
2023-09-14 09:41:10,248 [INFO] IPUIPlugin:80 - create IPUIPlugin
2023-09-14 09:41:10,248 [INFO] PluginManager:220 - loadIPPluginJar : add touchsensing
2023-09-14 09:41:10,274 [INFO] IPUIPlugin:80 - create IPUIPlugin
2023-09-14 09:41:10,274 [INFO] PluginManager:220 - loadIPPluginJar : add tracer_emb
2023-09-14 09:41:10,300 [INFO] IPUIPlugin:80 - create IPUIPlugin
2023-09-14 09:41:10,301 [INFO] PluginManager:220 - loadIPPluginJar : add ts
2023-09-14 09:41:10,325 [INFO] IPUIPlugin:80 - create IPUIPlugin
2023-09-14 09:41:10,325 [INFO] PluginManager:220 - loadIPPluginJar : add tsc
2023-09-14 09:41:10,350 [INFO] IPUIPlugin:80 - create IPUIPlugin
2023-09-14 09:41:10,350 [INFO] PluginManager:220 - loadIPPluginJar : add ucpd
2023-09-14 09:41:10,401 [INFO] IPUIPlugin:80 - create IPUIPlugin
2023-09-14 09:41:10,401 [INFO] PluginManager:220 - loadIPPluginJar : add usart
2023-09-14 09:41:10,451 [INFO] IPUIPlugin:80 - create IPUIPlugin
2023-09-14 09:41:10,452 [INFO] PluginManager:220 - loadIPPluginJar : add usbx
2023-09-14 09:41:10,471 [INFO] ThirdPartyUpdaterWithRetryManager:70 - Updater plugin not ready yet. [2/15]
2023-09-14 09:41:10,601 [INFO] CADModel:165 - CPN selected for project level
2023-09-14 09:41:10,601 [INFO] CADModel:114 - Register for checkConnection events
2023-09-14 09:41:10,602 [FATAL] Updater:308 - Updater called before beeing initialized
2023-09-14 09:41:10,602 [ERROR] CADModel:125 - Updater not yet initialized, retry later 
2023-09-14 09:41:10,818 [INFO] CADModel:165 - CPN selected for project level
2023-09-14 09:41:10,818 [INFO] CADModel:114 - Register for checkConnection events
2023-09-14 09:41:10,818 [FATAL] Updater:308 - Updater called before beeing initialized
2023-09-14 09:41:10,818 [ERROR] CADModel:125 - Updater not yet initialized, retry later 
2023-09-14 09:41:10,823 [FATAL] Updater:308 - Updater called before beeing initialized
2023-09-14 09:41:11,006 [FATAL] Updater:308 - Updater called before beeing initialized
2023-09-14 09:41:11,024 [INFO] DbMcusAds:53 - JSON generation date=Tue Mar 07 14:20:55 IST 2023 (1678179055335)
2023-09-14 09:41:11,024 [FATAL] Updater:308 - Updater called before beeing initialized
2023-09-14 09:41:11,086 [WARN] DetailPanel:346 - Failed to get advertising image, set to default
2023-09-14 09:41:11,225 [FATAL] Updater:308 - Updater called before beeing initialized
2023-09-14 09:41:11,228 [FATAL] Updater:308 - Updater called before beeing initialized
2023-09-14 09:41:11,229 [FATAL] Updater:308 - Updater called before beeing initialized
2023-09-14 09:41:11,229 [WARN] DetailPanel:346 - Failed to get advertising image, set to default
2023-09-14 09:41:11,230 [FATAL] Updater:308 - Updater called before beeing initialized
2023-09-14 09:41:11,321 [ERROR] Updater:1120 - MainUpdater not yet initialized. External WinMGr cannot be set.
2023-09-14 09:41:11,333 [INFO] Updater:1056 - Updater Version found : 6.9.1
2023-09-14 09:41:11,357 [INFO] ApplicationProperties:184 - Using Application install path: C:\ST\STM32CubeIDE_1.13.1\STM32CubeIDE\plugins\com.st.stm32cube.common.mx_6.9.1.202307191849
2023-09-14 09:41:11,715 [INFO] MainUpdater:2868 - connection check result : 10
2023-09-14 09:41:11,716 [INFO] MainUpdater:3562 - Updater definition file requires update
2023-09-14 09:41:11,717 [INFO] MainUpdater:285 - Updater Check For Update Now.
2023-09-14 09:41:11,718 [INFO] MicroXplorer:498 - Change Database Version : DB.6.0.91
2023-09-14 09:41:11,740 [INFO] McuFinderGlobals:63 - Set McuFinder mode to 2 (CubeIDE integrated)
2023-09-14 09:41:11,805 [INFO] ServerAccessManage:473 - Download File updaters.zip
2023-09-14 09:41:12,941 [INFO] FileExtend:240 - Unzip File : updaters.zip
2023-09-14 09:41:12,942 [INFO] FileExtend:255 - Standard Zip Deflate
2023-09-14 09:41:13,471 [WARN] MainUpdater:1189 - Updater busy. Cannot search thirdparties
2023-09-14 09:41:13,471 [INFO] ThirdPartyUpdaterWithRetryManager:96 - Updater plugin is busy. [1/15]
2023-09-14 09:41:13,503 [INFO] ServerAccessManage:473 - Download File PacksControlFlags.xml
2023-09-14 09:41:13,811 [INFO] ServerAccessManage:473 - Download File cubemx.pidx
2023-09-14 09:41:14,525 [INFO] ServerAccessManage:473 - Download File STMicroelectronics.FP-SNS-SMARTAG2.pdsc
2023-09-14 09:41:16,472 [WARN] MainUpdater:1189 - Updater busy. Cannot search thirdparties
2023-09-14 09:41:16,473 [INFO] ThirdPartyUpdaterWithRetryManager:96 - Updater plugin is busy. [2/15]
2023-09-14 09:41:17,923 [ERROR] ServerAccessManage:1096 - Problem, Http access forbiden
2023-09-14 09:41:17,924 [ERROR] ServerAccessManage:651 - Problem, Http access forbiden : RoweBots.I-CUBE-UNISONRTOS.pdsc.
2023-09-14 09:41:18,277 [WARN] PackLoader:240 - Cannot read IP mode file for STMicroelectronics.FP-SNS-SMARTAG2.1.2.0
2023-09-14 09:41:18,282 [INFO] PopulateThirdPartyThread:66 - Ending populate Thread
2023-09-14 09:41:18,286 [INFO] ThirdParty:1030 - CMSIS Pack Vendor :STMicroelectronics FP-SNS-SMARTAG2 1.2.0
2023-09-14 09:41:18,286 [INFO] LoadServerUpdatesThread:373 - End of LoadServerUpdate Thread
2023-09-14 09:41:18,546 [INFO] CheckServerUpdateThread:120 - End of CheckServer Thread
2023-09-14 09:41:18,548 [INFO] McuFinderGlobals:63 - Set McuFinder mode to 2 (CubeIDE integrated)
2023-09-14 09:41:18,600 [INFO] MainUpdater:2868 - connection check result : 10
2023-09-14 09:41:18,613 [INFO] MainUpdater:2868 - connection check result : 10
2023-09-14 09:41:18,834 [INFO] MicroXplorer:468 - Change Database Path : 
2023-09-14 09:41:18,834 [INFO] MicroXplorer:498 - Change Database Version : DB.6.0.91
2023-09-14 09:41:18,841 [WARN] ThirdParty:871 - waiting for thirdparty lock release [close project]
2023-09-14 09:41:19,823 [WARN] PackLoader:240 - Cannot read IP mode file for STMicroelectronics.X-CUBE-SMBUS.2.1.0
2023-09-14 09:41:19,894 [WARN] PackLoader:240 - Cannot read IP mode file for STMicroelectronics.X-CUBE-AZRTOS-F7.1.1.0
2023-09-14 09:41:19,931 [WARN] PackLoader:240 - Cannot read IP mode file for STMicroelectronics.FP-SNS-MOTENV1.4.3.2
2023-09-14 09:41:19,947 [WARN] PackLoader:240 - Cannot read IP mode file for STMicroelectronics.FP-SNS-FLIGHT1.5.0.2
2023-09-14 09:41:19,978 [WARN] PackLoader:240 - Cannot read IP mode file for STMicroelectronics.X-CUBE-DISPLAY.3.0.0
2023-09-14 09:41:20,014 [WARN] PackLoader:240 - Cannot read IP mode file for STMicroelectronics.X-CUBE-BLE1.7.0.0
2023-09-14 09:41:20,037 [WARN] PackLoader:240 - Cannot read IP mode file for emotas.I-CUBE-CANOPEN.1.3.0
2023-09-14 09:41:20,059 [WARN] PackLoader:240 - Cannot read IP mode file for STMicroelectronics.X-CUBE-TOUCHGFX.4.22.0
2023-09-14 09:41:20,068 [WARN] PackLoader:240 - Cannot read IP mode file for STMicroelectronics.FP-SNS-SMARTAG2.1.2.0
2023-09-14 09:41:20,102 [INFO] LogOutputStream:77 - [STDOUT_REDIRECT] 1 : Invalid condition id : UX_CORESTACK_Condition cause : null
2023-09-14 09:41:20,103 [INFO] LogOutputStream:77 - [STDOUT_REDIRECT] 1 : Invalid condition id : UX_CORESTACK_Condition cause : null
2023-09-14 09:41:20,106 [INFO] LogOutputStream:77 - [STDOUT_REDIRECT] 1 : Invalid condition id : UX_CORESTACK_Condition cause : null
2023-09-14 09:41:20,110 [INFO] LogOutputStream:77 - [STDOUT_REDIRECT] 1 : Invalid condition id : UX_CORESTACK_Condition cause : null
2023-09-14 09:41:20,113 [INFO] LogOutputStream:77 - [STDOUT_REDIRECT] 1 : Invalid condition id : UX_CORESTACK_Condition cause : null
2023-09-14 09:41:20,119 [WARN] PackLoader:240 - Cannot read IP mode file for STMicroelectronics.X-CUBE-AZRTOS-WL.2.0.0
2023-09-14 09:41:20,148 [WARN] PackLoader:240 - Cannot read IP mode file for WES.I-CUBE-Cesium.1.3.0
2023-09-14 09:41:20,168 [WARN] PackLoader:240 - Cannot read IP mode file for STMicroelectronics.X-CUBE-BLE2.3.3.0
2023-09-14 09:41:20,190 [WARN] PackLoader:240 - Cannot read IP mode file for STMicroelectronics.X-CUBE-ALGOBUILD.1.3.0
2023-09-14 09:41:20,237 [WARN] PackLoader:240 - Cannot read IP mode file for STMicroelectronics.X-CUBE-AZRTOS-G0.1.1.0
2023-09-14 09:41:20,264 [WARN] PackLoader:240 - Cannot read IP mode file for STMicroelectronics.X-CUBE-NFC4.3.0.0
2023-09-14 09:41:20,276 [WARN] PackLoader:240 - Cannot read IP mode file for STMicroelectronics.FP-ATR-SIGFOX1.3.2.0
2023-09-14 09:41:20,368 [WARN] PackLoader:240 - Cannot read IP mode file for SEGGER.I-CUBE-embOS.1.3.1
2023-09-14 09:41:20,473 [WARN] PackLoader:240 - Cannot read IP mode file for STMicroelectronics.X-CUBE-GNSS1.6.0.0
2023-09-14 09:41:20,530 [WARN] PackLoader:240 - Cannot read IP mode file for STMicroelectronics.X-CUBE-AZRTOS-F4.1.1.0
2023-09-14 09:41:20,559 [WARN] PackLoader:240 - Cannot read IP mode file for wolfSSL.I-CUBE-wolfSSL.5.6.3
2023-09-14 09:41:20,620 [WARN] PackLoader:240 - Cannot read IP mode file for STMicroelectronics.X-CUBE-AZRTOS-L5.2.0.0
2023-09-14 09:41:20,750 [WARN] PackLoader:240 - Cannot read IP mode file for STMicroelectronics.X-CUBE-MEMS1.9.6.0
2023-09-14 09:41:21,102 [WARN] PackLoader:240 - Cannot read IP mode file for STMicroelectronics.X-CUBE-BLEMGR.2.0.0
2023-09-14 09:41:21,161 [WARN] ConditionMgr:438 - getConditionDescription Invalid condition id : UX DEVICE CLASS RTOS Condition cause : null
2023-09-14 09:41:21,161 [WARN] ConditionMgr:438 - getConditionDescription Invalid condition id : UX DEVICE CLASS RTOS Condition cause : null
2023-09-14 09:41:21,168 [WARN] PackLoader:240 - Cannot read IP mode file for STMicroelectronics.X-CUBE-AZRTOS-H7.3.1.0
2023-09-14 09:41:21,170 [WARN] ConditionMgr:1039 - genDependencies : Invalid condition id : UX DEVICE CLASS RTOS Condition cause : null
2023-09-14 09:41:21,171 [WARN] ConditionMgr:1039 - genDependencies : Invalid condition id : UX DEVICE CLASS RTOS Condition cause : null
2023-09-14 09:41:21,173 [WARN] ConditionMgr:1039 - genDependencies : Invalid condition id : UX DEVICE CLASS RTOS Condition cause : null
2023-09-14 09:41:21,174 [WARN] ConditionMgr:1039 - genDependencies : Invalid condition id : UX DEVICE CLASS RTOS Condition cause : null
2023-09-14 09:41:21,175 [WARN] ConditionMgr:1039 - genDependencies : Invalid condition id : UX DEVICE CLASS RTOS Condition cause : null
2023-09-14 09:41:21,202 [WARN] PackLoader:240 - Cannot read IP mode file for STMicroelectronics.X-CUBE-NFC7.1.0.1
2023-09-14 09:41:21,234 [WARN] PackLoader:240 - Cannot read IP mode file for STMicroelectronics.X-CUBE-NFC6.3.0.0
2023-09-14 09:41:21,264 [WARN] PackLoader:240 - Cannot read IP mode file for STMicroelectronics.X-CUBE-EEPRMA1.4.1.0
2023-09-14 09:41:21,286 [WARN] PackLoader:240 - Cannot read IP mode file for STMicroelectronics.X-CUBE-AI.8.1.0
2023-09-14 09:41:21,344 [WARN] ConditionMgr:438 - getConditionDescription Invalid condition id : LAN8742 Phy interface Condition cause : null
2023-09-14 09:41:21,345 [WARN] PackLoader:240 - Cannot read IP mode file for STMicroelectronics.X-CUBE-AZRTOS-L4.2.0.0
2023-09-14 09:41:21,348 [WARN] ConditionMgr:1039 - genDependencies : Invalid condition id : LAN8742 Phy interface Condition cause : null
2023-09-14 09:41:21,348 [WARN] ConditionMgr:1039 - genDependencies : Invalid condition id : LAN8742 Phy interface Condition cause : null
2023-09-14 09:41:21,350 [WARN] ConditionMgr:1039 - genDependencies : Invalid condition id : LAN8742 Phy interface Condition cause : null
2023-09-14 09:41:21,379 [WARN] PackLoader:240 - Cannot read IP mode file for STMicroelectronics.X-CUBE-SFXS2LP1.4.0.0
2023-09-14 09:41:21,401 [WARN] PackLoader:240 - Cannot read IP mode file for STMicroelectronics.X-CUBE-ISPU.1.1.0
2023-09-14 09:41:21,446 [WARN] ConditionMgr:438 - getConditionDescription Invalid condition id : UX DEVICE CLASS RTOS Condition cause : null
2023-09-14 09:41:21,446 [WARN] ConditionMgr:438 - getConditionDescription Invalid condition id : UX DEVICE CLASS RTOS Condition cause : null
2023-09-14 09:41:21,450 [WARN] PackLoader:240 - Cannot read IP mode file for STMicroelectronics.X-CUBE-AZRTOS-WB.2.0.0
2023-09-14 09:41:21,452 [WARN] ConditionMgr:1039 - genDependencies : Invalid condition id : UX DEVICE CLASS RTOS Condition cause : null
2023-09-14 09:41:21,452 [WARN] ConditionMgr:1039 - genDependencies : Invalid condition id : UX DEVICE CLASS RTOS Condition cause : null
2023-09-14 09:41:21,453 [WARN] ConditionMgr:1039 - genDependencies : Invalid condition id : UX DEVICE CLASS RTOS Condition cause : null
2023-09-14 09:41:21,454 [WARN] ConditionMgr:1039 - genDependencies : Invalid condition id : UX DEVICE CLASS RTOS Condition cause : null
2023-09-14 09:41:21,454 [WARN] ConditionMgr:1039 - genDependencies : Invalid condition id : UX DEVICE CLASS RTOS Condition cause : null
2023-09-14 09:41:21,476 [WARN] PackLoader:240 - Cannot read IP mode file for STMicroelectronics.X-CUBE-FREERTOS.1.0.1
2023-09-14 09:41:21,511 [WARN] PackLoader:240 - Cannot read IP mode file for STMicroelectronics.X-CUBE-SUBG2.5.0.0
2023-09-14 09:41:21,554 [WARN] PackLoader:240 - Cannot read IP mode file for STMicroelectronics.X-CUBE-TOF1.3.3.1
2023-09-14 09:41:21,618 [WARN] PackLoader:240 - Cannot read IP mode file for STMicroelectronics.X-CUBE-AZRTOS-G4.2.0.0
2023-09-14 09:41:21,643 [WARN] PackLoader:240 - Cannot read IP mode file for STMicroelectronics.X-CUBE-FREERTOS.1.1.0
2023-09-14 09:41:21,666 [WARN] PackLoader:240 - Cannot read IP mode file for portGmbH.I-Cube-SoM-uGOAL.1.1.0
2023-09-14 09:41:21,687 [WARN] PackLoader:240 - Cannot read IP mode file for STMicroelectronics.X-CUBE-ALS.1.0.1
2023-09-14 09:41:21,696 [WARN] PackLoader:240 - Cannot read IP mode file for STMicroelectronics.FP-ATR-ASTRA1.2.0.0
2023-09-14 09:41:21,697 [INFO] ThirdParty:978 - Integrity check success = true
2023-09-14 09:41:21,697 [INFO] IntegrityCheckThread:100 - exiting critical section [integrity check]
2023-09-14 09:41:21,697 [INFO] IntegrityCheckThread:103 - End integrity checks thread
2023-09-14 09:41:21,697 [INFO] ThirdParty:873 - entering critical section [close project]
2023-09-14 09:41:21,699 [INFO] ThirdParty:883 - exiting critical section [close project]
2023-09-14 09:41:21,703 [INFO] PinOutPanel:1499 - setPackage(No Configuration,No Configuration)
2023-09-14 09:41:21,716 [INFO] UtilMem:75 - Begin LoadConfig() Used Memory: 237717240 Bytes (430964736)
2023-09-14 09:41:21,718 [INFO] MicroXplorer:468 - Change Database Path : 
2023-09-14 09:41:21,718 [INFO] MicroXplorer:498 - Change Database Version : DB.6.0.91
2023-09-14 09:41:21,718 [INFO] OpenFileManager:308 - Change cursor
2023-09-14 09:41:21,803 [INFO] Mcu:1946 - Initializing MCU STM32L053C(6-8)Tx STM32L053C8Tx STM32L053C8T6
2023-09-14 09:41:24,045 [INFO] Context:659 - Trying to add GPIOservice into a context  which must be forbidden
2023-09-14 09:41:25,025 [INFO] RtosManager:555 - Registered RTOS mode: class=CMSIS, group=RTOS, mode=CMSIS_V1, owner=FREERTOS
2023-09-14 09:41:25,025 [INFO] RtosManager:555 - Registered RTOS mode: class=CMSIS, group=RTOS2, mode=CMSIS_V2, owner=FREERTOS
2023-09-14 09:41:25,025 [INFO] RtosManager:555 - Registered RTOS mode: class=RTOS, group=Core, mode=CMSIS_V1, owner=FREERTOS
2023-09-14 09:41:25,026 [INFO] RtosManager:555 - Registered RTOS mode: class=RTOS, group=Core, mode=CMSIS_V2, owner=FREERTOS
2023-09-14 09:41:25,026 [WARN] ModelIntegratedComponent:184 - Missing modes for component STMicroelectronics:FreeRTOS:0.0.1:STMicroelectronics:RTOS:FreeRTOS:Core:::10.2.0:
2023-09-14 09:41:25,047 [WARN] ModelIntegratedComponent:63 - No mode defined for component null
2023-09-14 09:41:25,047 [WARN] ModelIntegratedComponent:63 - No mode defined for component null
2023-09-14 09:41:25,047 [WARN] ModelIntegratedComponent:63 - No mode defined for component null
2023-09-14 09:41:25,048 [WARN] ModelIntegratedComponent:63 - No mode defined for component null
2023-09-14 09:41:25,048 [WARN] ModelIntegratedComponent:63 - No mode defined for component null
2023-09-14 09:41:25,048 [WARN] ModelIntegratedComponent:63 - No mode defined for component null
2023-09-14 09:41:25,048 [WARN] ModelIntegratedComponent:63 - No mode defined for component null
2023-09-14 09:41:25,048 [WARN] ModelIntegratedComponent:63 - No mode defined for component null
2023-09-14 09:41:25,048 [WARN] ModelIntegratedComponent:63 - No mode defined for component null
2023-09-14 09:41:25,048 [WARN] ModelIntegratedComponent:63 - No mode defined for component null
2023-09-14 09:41:25,049 [WARN] ModelIntegratedComponent:63 - No mode defined for component null
2023-09-14 09:41:25,049 [WARN] ModelIntegratedComponent:63 - No mode defined for component null
2023-09-14 09:41:25,049 [WARN] ModelIntegratedComponent:63 - No mode defined for component null
2023-09-14 09:41:25,049 [WARN] ModelIntegratedComponent:63 - No mode defined for component null
2023-09-14 09:41:25,049 [WARN] ModelIntegratedComponent:63 - No mode defined for component null
2023-09-14 09:41:25,049 [WARN] ModelIntegratedComponent:63 - No mode defined for component null
2023-09-14 09:41:25,049 [WARN] ModelIntegratedComponent:63 - No mode defined for component null
2023-09-14 09:41:25,049 [WARN] ModelIntegratedComponent:63 - No mode defined for component null
2023-09-14 09:41:25,050 [WARN] ModelIntegratedComponent:63 - No mode defined for component null
2023-09-14 09:41:25,050 [WARN] ModelIntegratedComponent:63 - No mode defined for component null
2023-09-14 09:41:25,050 [WARN] ModelIntegratedComponent:63 - No mode defined for component null
2023-09-14 09:41:25,050 [WARN] ModelIntegratedComponent:63 - No mode defined for component null
2023-09-14 09:41:25,050 [WARN] ModelIntegratedComponent:63 - No mode defined for component null
2023-09-14 09:41:25,050 [WARN] ModelIntegratedComponent:63 - No mode defined for component null
2023-09-14 09:41:25,050 [WARN] ModelIntegratedComponent:63 - No mode defined for component null
2023-09-14 09:41:25,050 [WARN] ModelIntegratedComponent:63 - No mode defined for component null
2023-09-14 09:41:25,050 [WARN] ModelIntegratedComponent:63 - No mode defined for component null
2023-09-14 09:41:25,051 [WARN] ModelIntegratedComponent:63 - No mode defined for component null
2023-09-14 09:41:25,051 [WARN] ModelIntegratedComponent:63 - No mode defined for component null
2023-09-14 09:41:25,051 [WARN] ModelIntegratedComponent:63 - No mode defined for component null
2023-09-14 09:41:25,051 [WARN] ModelIntegratedComponent:63 - No mode defined for component null
2023-09-14 09:41:25,051 [WARN] ModelIntegratedComponent:63 - No mode defined for component null
2023-09-14 09:41:25,051 [WARN] ModelIntegratedComponent:63 - No mode defined for component null
2023-09-14 09:41:25,086 [INFO] ThirdPartyModel:298 - Start build external matchings
2023-09-14 09:41:25,541 [INFO] ThirdPartyModel:316 - End build external matchings
2023-09-14 09:41:25,566 [INFO] RtosManager:919 - Current active RTOS is FREERTOS [Cortex-M0+NS]
2023-09-14 09:41:25,979 [INFO] UtilMem:75 - End LoadConfig() Used Memory: 227514016 Bytes (430964736)
2023-09-14 09:41:26,154 [INFO] ApiDb:581 - Connected to CubeFinder SQLite database (C:\Users\DNK124\.stmcufinder\plugins\mcufinder\mcu\cube-finder-db.db)
2023-09-14 09:41:26,315 [INFO] ApiDb:668 - CubeFinder database Data Model version=2.1
2023-09-14 09:41:26,316 [INFO] ApiDb:669 - CubeFinder database Configuration version=3.0.37
2023-09-14 09:41:26,316 [INFO] ApiDb:670 - CubeFinder database generation date=2023-08-31 (1693470701)
2023-09-14 09:41:26,316 [INFO] ApiDb:671 - CubeFinder database FW Pack versions=[FP-ATR-ASTRA1_V2.0.0, FP-SNS-FLIGHT1_V5.0.1, FP-SNS-FLIGHT1_V5.0.2, FP-SNS-MOTENV1_V4.3.1, FP-SNS-MOTENV1_V4.3.2, STM32Cube_FW_C0_V1.1.0, STM32Cube_FW_F4_V1.27.1, STM32Cube_FW_F7_V1.17.0, STM32Cube_FW_G0_V1.6.1, STM32Cube_FW_G4_V1.5.1, STM32Cube_FW_H5_V0.5.1, STM32Cube_FW_H5_V1.1.1, STM32Cube_FW_H7_V1.11.0, STM32Cube_FW_L0_V1.12.2, STM32Cube_FW_L5_V1.5.0, STM32Cube_FW_U5_V1.3.0, STM32Cube_FW_U5_V1.3.0RC4, STM32Cube_FW_WBA_V1.0.0RC1, STM32Cube_FW_WBA_V1.1.0, STM32Cube_FW_WBA_V1.1.0RC1, STM32Cube_FW_WB_V1.15.0RC1, STM32Cube_FW_WB_V1.16.0, STM32Cube_FW_WB_V1.16.0RC2, STM32Cube_FW_WB_V1.17.0, STM32Cube_FW_WB_V1.17.2, STM32Cube_FW_WL_V1.3.0, X-CUBE-ALGOBUILD_V1.3.0, X-CUBE-ALS_V1.0.1, X-CUBE-AZRTOS-F4_V1.1.0, X-CUBE-AZRTOS-F7_V1.1.0, X-CUBE-AZRTOS-G0_V1.1.0, X-CUBE-AZRTOS-G4_V2.0.0, X-CUBE-AZRTOS-H7_V3.1.0, X-CUBE-AZRTOS-L4_V1.0.0, X-CUBE-AZRTOS-L4_V2.0.0, X-CUBE-AZRTOS-L5_V1.1.0, X-CUBE-AZRTOS-WB_V2.0.0, X-CUBE-AZRTOS-WL_V2.0.0, X-CUBE-BLE1_V7.0.0, X-CUBE-BLE2_V3.3.0, X-CUBE-BLEMGR_V2.0.0, X-CUBE-EEPRMA1_V4.1.0, X-CUBE-FREERTOS_V1.1.0, X-CUBE-GNSS1_V6.0.0, X-CUBE-MEMS1_V9.1.0, X-CUBE-MEMS1_V9.4.0, X-CUBE-MEMS1_V9.6.0, X-CUBE-NFC4_V3.0.0, X-CUBE-NFC7_V1.0.0, X-CUBE-SFXS2LP1_V4.0.0, X-CUBE-SUBG2_V5.0.0, X-CUBE-TOF1_V3.3.1]
2023-09-14 09:41:29,620 [INFO] ApiDb:240 - Found 323 in-development CPN: [B-G473E-ZEST1S, B-WB1M-WPAN1, B-WL5M-SUBG1, NUCLEO-C031C6, NUCLEO-H503RB, NUCLEO-H563ZI, NUCLEO-U545RE-Q, NUCLEO-U5A5ZJ-Q, NUCLEO-WBA52CG, STEVAL-PROTEUS1, STEVAL-SMARTAG2, STEVAL-STWINBX1, STM320518-EVAL, STM32C0116-DK, STM32C011D6Y3TR, STM32C011D6Y6TR, STM32C011F4P3, STM32C011F4P6, STM32C011F4U3, STM32C011F4U6TR, STM32C011F6P3, STM32C011F6P6, STM32C011F6U3, STM32C011F6U6TR, STM32C011J4M3, STM32C011J4M6, STM32C011J6M3, STM32C011J6M6, STM32C0316-DK, STM32C031C4T3, STM32C031C4T6, STM32C031C4U3, STM32C031C4U6, STM32C031C6T3, STM32C031C6T6, STM32C031C6U3, STM32C031C6U6, STM32C031F4P3, STM32C031F4P6, STM32C031F6P3, STM32C031F6P6, STM32C031G4U3, STM32C031G4U6, STM32C031G6U3, STM32C031G6U6, STM32C031K4T3, STM32C031K4T6, STM32C031K4U3, STM32C031K4U6, STM32C031K6T3, STM32C031K6T6, STM32C031K6U3, STM32C031K6U6, STM32G071K8TXN, STM32G071K8UXN, STM32G081GBU6N, STM32G081KBT6N, STM32G081KBUXN, STM32G0B1CCT6N, STM32G0B1KCT6, STM32G0B1NEY6TR, STM32G0B1RCT6N, STM32G0C1CCT6, STM32G0C1CCT6N, STM32G0C1CCU6N, STM32G0C1CET6N, STM32G0C1CEU6N, STM32G0C1KCT6, STM32G0C1NEY6TR, STM32G0C1RCI6N, STM32G0C1RCT6N, STM32G0C1REI6N, STM32G0C1RET6N, STM32G0C1VCI6, STM32G0C1VEI6, STM32G471CCT6, STM32G471CCU6, STM32G471CET3, STM32G471CET6, STM32G471CEU3, STM32G471CEU6, STM32G471MCT6, STM32G471MET3, STM32G471MET6, STM32G471MEY6TR, STM32G471QCT6, STM32G471QET3, STM32G471RCT6, STM32G471RET3, STM32G471RET6, STM32G471VCH6, STM32G471VCI6, STM32G471VCT6, STM32G471VEH3, STM32G471VEH6, STM32G471VEI3, STM32G471VEI6, STM32G471VET3, STM32G471VET6, STM32G474CCT6, STM32H503CBT6, STM32H503CBU6, STM32H503EBY6TR, STM32H503KBU6, STM32H503RBT6, STM32H562AGI6, STM32H562AII6, STM32H562IGK6, STM32H562IGT6, STM32H562IIK6, STM32H562IIT6, STM32H562RGT6, STM32H562RGV6, STM32H562RIT6, STM32H562RIV6, STM32H562VGT6, STM32H562VIT6, STM32H562ZGT6, STM32H562ZIT6, STM32H563AGI6, STM32H563AII3Q, STM32H563AII6, STM32H563IGK6, STM32H563IGT6, STM32H563IIK3Q, STM32H563IIK6, STM32H563IIT3Q, STM32H563IIT6, STM32H563MIY3QTR, STM32H563RGT6, STM32H563RGV6, STM32H563RIT6, STM32H563RIV6, STM32H563VGT6, STM32H563VIT3Q, STM32H563VIT6, STM32H563ZGT6, STM32H563ZIT3Q, STM32H563ZIT6, STM32H573AII3Q, STM32H573AII6, STM32H573I-DK, STM32H573IIK3Q, STM32H573IIK6, STM32H573IIT3Q, STM32H573IIT6, STM32H573MIY3QTR, STM32H573RIT6, STM32H573RIV6, STM32H573VIT3Q, STM32H573VIT6, STM32H573ZIT3Q, STM32H573ZIT6, STM32L4R5QGI6STR, STM32MP131AAE3, STM32MP131AAF3, STM32MP131AAG3, STM32MP131CAE3, STM32MP131CAF3, STM32MP131CAG3, STM32MP131DAE7, STM32MP131DAF7, STM32MP131DAG7, STM32MP131FAE7, STM32MP131FAF7, STM32MP131FAG7, STM32MP133AAE3, STM32MP133AAF3, STM32MP133AAG3, STM32MP133CAE3, STM32MP133CAF3, STM32MP133CAG3, STM32MP133DAE7, STM32MP133DAF7, STM32MP133DAG7, STM32MP133FAE7, STM32MP133FAF7, STM32MP133FAG7, STM32MP135AAE3, STM32MP135AAF3, STM32MP135AAG3, STM32MP135CAE3, STM32MP135CAF3, STM32MP135CAG3, STM32MP135DAE7, STM32MP135DAF7, STM32MP135DAG7, STM32MP135F-DK, STM32MP135FAE7, STM32MP135FAF7, STM32MP135FAF7T, STM32MP135FAF7U, STM32MP135FAG7, STM32U535CBT6, STM32U535CBT6Q, STM32U535CBU6, STM32U535CBU6Q, STM32U535CCT6, STM32U535CCT6Q, STM32U535CCU6, STM32U535CCU6Q, STM32U535CET6, STM32U535CET6Q, STM32U535CEU6, STM32U535CEU6Q, STM32U535JEY6QTR, STM32U535NCY6QTR, STM32U535NEY6QTR, STM32U535RBI6, STM32U535RBI6Q, STM32U535RBT6, STM32U535RBT6Q, STM32U535RCI6, STM32U535RCI6Q, STM32U535RCT6, STM32U535RCT6Q, STM32U535REI6, STM32U535REI6Q, STM32U535RET6, STM32U535RET6Q, STM32U535VCI6, STM32U535VCI6Q, STM32U535VCT6, STM32U535VCT6Q, STM32U535VEI6, STM32U535VEI6Q, STM32U535VET6, STM32U535VET6Q, STM32U545CET6, STM32U545CET6Q, STM32U545CEU6, STM32U545CEU6Q, STM32U545JEY6QTR, STM32U545NEY6QTR, STM32U545REI6, STM32U545REI6Q, STM32U545RET6, STM32U545RET6Q, STM32U545VEI6, STM32U545VEI6Q, STM32U545VET6, STM32U545VET6Q, STM32U595AIH6, STM32U595AIH6Q, STM32U595AJH6, STM32U595AJH6Q, STM32U595QII6, STM32U595QII6Q, STM32U595QJI6, STM32U595QJI6Q, STM32U595RIT6, STM32U595RIT6Q, STM32U595RJT6, STM32U595RJT6Q, STM32U595VIT6, STM32U595VIT6Q, STM32U595VJT6, STM32U595VJT6Q, STM32U595ZIT6, STM32U595ZIT6Q, STM32U595ZIY6QTR, STM32U595ZJT6, STM32U595ZJT6Q, STM32U595ZJY6QTR, STM32U599BJY6QTR, STM32U599NIH6Q, STM32U599NJH6Q, STM32U599VIT6Q, STM32U599VJT6, STM32U599VJT6Q, STM32U599ZIT6Q, STM32U599ZIY6QTR, STM32U599ZJT6Q, STM32U599ZJY6QTR, STM32U5A5AJH6, STM32U5A5AJH6Q, STM32U5A5QJI6, STM32U5A5QJI6Q, STM32U5A5RJT6, STM32U5A5RJT6Q, STM32U5A5VJT6, STM32U5A5VJT6Q, STM32U5A5ZJT6, STM32U5A5ZJT6Q, STM32U5A5ZJY6QTR, STM32U5A9BJY6QTR, STM32U5A9J-DK, STM32U5A9NJH6Q, STM32U5A9VJT6Q, STM32U5A9ZJT6Q, STM32U5A9ZJY6QTR, STM32U5F7VIT6, STM32U5F7VIT6Q, STM32U5F7VJT6, STM32U5F7VJT6Q, STM32U5F9BJY6QTR, STM32U5F9NJH6Q, STM32U5F9VIT6Q, STM32U5F9VJT6Q, STM32U5F9ZIJ6QTR, STM32U5F9ZIT6Q, STM32U5F9ZJJ6QTR, STM32U5F9ZJT6Q, STM32U5G7VJT6, STM32U5G7VJT6Q, STM32U5G9BJY6QTR, STM32U5G9J-DK1, STM32U5G9J-DK2, STM32U5G9NJH6Q, STM32U5G9VJT6Q, STM32U5G9ZJJ6QTR, STM32U5G9ZJT6Q, STM32WB1MMCH6, STM32WBA52CEU6, STM32WBA52CEU6T, STM32WBA52CGU6, STM32WBA52CGU6T, STM32WBA52KEU6, STM32WBA52KEU6T, STM32WBA52KGU6, STM32WBA52KGU6T, STM32WL5MOCH6, STM32WL5MOCH6TR]
2023-09-14 09:41:29,626 [INFO] DbMcus:217 - Found 3848 MCUs, 3848 are supported
2023-09-14 09:41:29,627 [INFO] ApiDb:423 - Load user favorites file C:\Users\DNK124/.stm32cubeide/favorites.mcus.txt: 0 item(s)
2023-09-14 09:41:29,628 [INFO] ApiDb:427 - User favorites MCUs=[]
2023-09-14 09:41:29,628 [INFO] DbMcus:223 - Set 0 / 0 favorites MCUs
2023-09-14 09:41:30,216 [WARN] ThirdParty:833 - waiting for thirdparty lock release [change project]
2023-09-14 09:41:30,217 [INFO] ThirdParty:835 - entering critical section [change project]
2023-09-14 09:41:30,217 [INFO] ThirdParty:1030 - CMSIS Pack Vendor :STMicroelectronics X-CUBE-ISPU 1.1.0
2023-09-14 09:41:30,217 [INFO] ThirdParty:1030 - CMSIS Pack Vendor :STMicroelectronics USBPD 4.1
2023-09-14 09:41:30,217 [INFO] ThirdParty:1030 - CMSIS Pack Vendor :STMicroelectronics X-CUBE-GNSS1 6.0.0
2023-09-14 09:41:30,217 [INFO] ThirdParty:1030 - CMSIS Pack Vendor :STMicroelectronics USB_HOST 2.0.0
2023-09-14 09:41:30,217 [INFO] ThirdParty:1030 - CMSIS Pack Vendor :STMicroelectronics X-CUBE-AZRTOS-F4 1.1.0
2023-09-14 09:41:30,217 [INFO] ThirdParty:1030 - CMSIS Pack Vendor :STMicroelectronics LIBJPEG 8.0.0
2023-09-14 09:41:30,217 [INFO] ThirdParty:1030 - CMSIS Pack Vendor :wolfSSL I-CUBE-wolfSSL 5.6.3
2023-09-14 09:41:30,217 [INFO] ThirdParty:1030 - CMSIS Pack Vendor :STMicroelectronics X-CUBE-SMBUS 2.1.0
2023-09-14 09:41:30,217 [INFO] ThirdParty:1030 - CMSIS Pack Vendor :STMicroelectronics USB_DEVICE 3.0.0
2023-09-14 09:41:30,217 [INFO] ThirdParty:1030 - CMSIS Pack Vendor :STMicroelectronics X-CUBE-AZRTOS-WB 2.0.0
2023-09-14 09:41:30,217 [INFO] ThirdParty:1030 - CMSIS Pack Vendor :STMicroelectronics X-CUBE-FREERTOS 1.0.1
2023-09-14 09:41:30,218 [INFO] ThirdParty:1030 - CMSIS Pack Vendor :STMicroelectronics X-CUBE-AZRTOS-F7 1.1.0
2023-09-14 09:41:30,218 [INFO] ThirdParty:1030 - CMSIS Pack Vendor :STMicroelectronics X-CUBE-AZRTOS-L5 2.0.0
2023-09-14 09:41:30,218 [INFO] ThirdParty:1030 - CMSIS Pack Vendor :STMicroelectronics USB_DEVICE 2.0.0
2023-09-14 09:41:30,218 [INFO] ThirdParty:1030 - CMSIS Pack Vendor :STMicroelectronics X-CUBE-MEMS1 9.6.0
2023-09-14 09:41:30,218 [INFO] ThirdParty:1030 - CMSIS Pack Vendor :STMicroelectronics FP-SNS-MOTENV1 4.3.2
2023-09-14 09:41:30,218 [INFO] ThirdParty:1030 - CMSIS Pack Vendor :STMicroelectronics X-CUBE-ALGOBUILD 1.3.0
2023-09-14 09:41:30,218 [INFO] ThirdParty:1030 - CMSIS Pack Vendor :STMicroelectronics FreeRTOS 0.0.1
2023-09-14 09:41:30,218 [INFO] ThirdParty:1030 - CMSIS Pack Vendor :STMicroelectronics X-CUBE-AZRTOS-G0 1.1.0
2023-09-14 09:41:30,218 [INFO] ThirdParty:1030 - CMSIS Pack Vendor :STMicroelectronics X-CUBE-BLEMGR 2.0.0
2023-09-14 09:41:30,218 [INFO] ThirdParty:1030 - CMSIS Pack Vendor :STMicroelectronics X-CUBE-NFC4 3.0.0
2023-09-14 09:41:30,218 [INFO] ThirdParty:1030 - CMSIS Pack Vendor :STMicroelectronics X-CUBE-SUBG2 5.0.0
2023-09-14 09:41:30,218 [INFO] ThirdParty:1030 - CMSIS Pack Vendor :STMicroelectronics STM32_WPAN 1.0.0
2023-09-14 09:41:30,218 [INFO] ThirdParty:1030 - CMSIS Pack Vendor :STMicroelectronics lwIP 2.0.3
2023-09-14 09:41:30,218 [INFO] ThirdParty:1030 - CMSIS Pack Vendor :STMicroelectronics FP-SNS-FLIGHT1 5.0.2
2023-09-14 09:41:30,218 [INFO] ThirdParty:1030 - CMSIS Pack Vendor :STMicroelectronics USB_HOST 1.0.0
2023-09-14 09:41:30,219 [INFO] ThirdParty:1030 - CMSIS Pack Vendor :STMicroelectronics X-CUBE-TOF1 3.3.1
2023-09-14 09:41:30,219 [INFO] ThirdParty:1030 - CMSIS Pack Vendor :STMicroelectronics X-CUBE-AZRTOS-G4 2.0.0
2023-09-14 09:41:30,219 [INFO] ThirdParty:1030 - CMSIS Pack Vendor :STMicroelectronics PDM2PCM 3.1.0
2023-09-14 09:41:30,219 [INFO] ThirdParty:1030 - CMSIS Pack Vendor :STMicroelectronics X-CUBE-AZRTOS-H7 3.1.0
2023-09-14 09:41:30,219 [INFO] ThirdParty:1030 - CMSIS Pack Vendor :STMicroelectronics PDM2PCM 3.3.0
2023-09-14 09:41:30,219 [INFO] ThirdParty:1030 - CMSIS Pack Vendor :STMicroelectronics X-CUBE-DISPLAY 3.0.0
2023-09-14 09:41:30,219 [INFO] ThirdParty:1030 - CMSIS Pack Vendor :STMicroelectronics X-CUBE-BLE1 7.0.0
2023-09-14 09:41:30,219 [INFO] ThirdParty:1030 - CMSIS Pack Vendor :STMicroelectronics FP-ATR-SIGFOX1 3.2.0
2023-09-14 09:41:30,219 [INFO] ThirdParty:1030 - CMSIS Pack Vendor :STMicroelectronics HAL Drivers 0.0.0
2023-09-14 09:41:30,219 [INFO] ThirdParty:1030 - CMSIS Pack Vendor :STMicroelectronics MBEDTLS 2.16.2
2023-09-14 09:41:30,219 [INFO] ThirdParty:1030 - CMSIS Pack Vendor :emotas I-CUBE-CANOPEN 1.3.0
2023-09-14 09:41:30,219 [INFO] ThirdParty:1030 - CMSIS Pack Vendor :STMicroelectronics X-CUBE-FREERTOS 1.1.0
2023-09-14 09:41:30,219 [INFO] ThirdParty:1030 - CMSIS Pack Vendor :STMicroelectronics X-CUBE-TOUCHGFX 4.22.0
2023-09-14 09:41:30,220 [INFO] ThirdParty:1030 - CMSIS Pack Vendor :STMicroelectronics X-CUBE-NFC7 1.0.1
2023-09-14 09:41:30,220 [INFO] ThirdParty:1030 - CMSIS Pack Vendor :STMicroelectronics MBEDTLS 2.14.1
2023-09-14 09:41:30,220 [INFO] ThirdParty:1030 - CMSIS Pack Vendor :STMicroelectronics X-CUBE-NFC6 3.0.0
2023-09-14 09:41:30,220 [INFO] ThirdParty:1030 - CMSIS Pack Vendor :STMicroelectronics X-CUBE-EEPRMA1 4.1.0
2023-09-14 09:41:30,220 [INFO] ThirdParty:1030 - CMSIS Pack Vendor :portGmbH I-Cube-SoM-uGOAL 1.1.0
2023-09-14 09:41:30,220 [INFO] ThirdParty:1030 - CMSIS Pack Vendor :STMicroelectronics X-CUBE-ALS 1.0.1
2023-09-14 09:41:30,220 [INFO] ThirdParty:1030 - CMSIS Pack Vendor :STMicroelectronics ThreadX 1.0.0
2023-09-14 09:41:30,220 [INFO] ThirdParty:1030 - CMSIS Pack Vendor :STMicroelectronics FP-SNS-SMARTAG2 1.2.0
2023-09-14 09:41:30,220 [INFO] ThirdParty:1030 - CMSIS Pack Vendor :STMicroelectronics X-CUBE-AZRTOS-WL 2.0.0
2023-09-14 09:41:30,221 [INFO] ThirdParty:1030 - CMSIS Pack Vendor :SEGGER I-CUBE-embOS 1.3.1
2023-09-14 09:41:30,221 [INFO] ThirdParty:1030 - CMSIS Pack Vendor :STMicroelectronics USB_DEVICE 1.0.0
2023-09-14 09:41:30,221 [INFO] ThirdParty:1030 - CMSIS Pack Vendor :STMicroelectronics X-CUBE-AI 8.1.0
2023-09-14 09:41:30,221 [INFO] ThirdParty:1030 - CMSIS Pack Vendor :STMicroelectronics X-CUBE-AZRTOS-L4 2.0.0
2023-09-14 09:41:30,221 [INFO] ThirdParty:1030 - CMSIS Pack Vendor :STMicroelectronics ThreadX 0.0.2
2023-09-14 09:41:30,221 [INFO] ThirdParty:1030 - CMSIS Pack Vendor :WES I-CUBE-Cesium 1.3.0
2023-09-14 09:41:30,221 [INFO] ThirdParty:1030 - CMSIS Pack Vendor :STMicroelectronics FP-ATR-ASTRA1 2.0.0
2023-09-14 09:41:30,221 [INFO] ThirdParty:1030 - CMSIS Pack Vendor :STMicroelectronics lwIP 2.1.2
2023-09-14 09:41:30,221 [INFO] ThirdParty:1030 - CMSIS Pack Vendor :STMicroelectronics X-CUBE-SFXS2LP1 4.0.0
2023-09-14 09:41:30,221 [INFO] ThirdParty:1030 - CMSIS Pack Vendor :STMicroelectronics X-CUBE-BLE2 3.3.0
2023-09-14 09:41:30,222 [INFO] ThirdParty:1030 - CMSIS Pack Vendor :STMicroelectronics PDM2PCM 3.2.0
2023-09-14 09:41:30,222 [INFO] ThirdParty:841 - exiting critical section [change project]
2023-09-14 09:41:30,903 [INFO] PinOutPanel:1499 - setPackage(No Configuration,No Configuration)
2023-09-14 09:41:30,906 [INFO] PinOutPanel:1499 - setPackage(STM32L053C8Tx,LQFP48)
2023-09-14 09:41:31,939 [INFO] UtilMem:75 - Before build in PCC Used Memory: 212884472 Bytes (430964736)
2023-09-14 09:41:34,422 [INFO] UtilMem:75 - After build in PCC Used Memory: 351014992 Bytes (430964736)
2023-09-14 09:41:34,697 [INFO] ApiDbMcu:507 - Load IP Config File for FREERTOS
2023-09-14 09:41:34,749 [INFO] IPUIPlugin:80 - create IPUIPlugin
2023-09-14 09:41:34,749 [INFO] IPUIPlugin:80 - create IPUIPlugin
2023-09-14 09:41:34,749 [INFO] IPUIPlugin:80 - create IPUIPlugin
2023-09-14 09:41:34,750 [INFO] IPUIPlugin:80 - create IPUIPlugin
2023-09-14 09:41:34,750 [INFO] IPUIPlugin:80 - create IPUIPlugin
2023-09-14 09:41:34,750 [INFO] IPUIPlugin:80 - create IPUIPlugin
2023-09-14 09:41:34,750 [INFO] IPUIPlugin:80 - create IPUIPlugin
2023-09-14 09:41:34,750 [INFO] IPUIPlugin:80 - create IPUIPlugin
2023-09-14 09:41:34,751 [INFO] IPUIPlugin:80 - create IPUIPlugin
2023-09-14 09:41:34,751 [INFO] IPUIPlugin:80 - create IPUIPlugin
2023-09-14 09:41:34,751 [INFO] IPUIPlugin:80 - create IPUIPlugin
2023-09-14 09:41:34,780 [INFO] IPUIPlugin:80 - create IPUIPlugin
2023-09-14 09:41:34,780 [INFO] IPUIPlugin:80 - create IPUIPlugin
2023-09-14 09:41:34,781 [INFO] IPUIPlugin:80 - create IPUIPlugin
2023-09-14 09:41:34,781 [INFO] IPUIPlugin:80 - create IPUIPlugin
2023-09-14 09:41:34,782 [INFO] IPUIPlugin:80 - create IPUIPlugin
2023-09-14 09:41:34,782 [INFO] IPUIPlugin:80 - create IPUIPlugin
2023-09-14 09:41:34,783 [INFO] IPUIPlugin:80 - create IPUIPlugin
2023-09-14 09:41:34,783 [INFO] IPUIPlugin:80 - create IPUIPlugin
2023-09-14 09:41:34,783 [INFO] IPUIPlugin:80 - create IPUIPlugin
2023-09-14 09:41:34,784 [INFO] IPUIPlugin:80 - create IPUIPlugin
2023-09-14 09:41:34,784 [INFO] IPUIPlugin:80 - create IPUIPlugin
2023-09-14 09:41:34,785 [INFO] IPUIPlugin:80 - create IPUIPlugin
2023-09-14 09:41:34,785 [INFO] IPUIPlugin:80 - create IPUIPlugin
2023-09-14 09:41:34,785 [INFO] IPUIPlugin:80 - create IPUIPlugin
2023-09-14 09:41:34,786 [INFO] IPUIPlugin:80 - create IPUIPlugin
2023-09-14 09:41:34,786 [INFO] IPUIPlugin:80 - create IPUIPlugin
2023-09-14 09:41:34,787 [INFO] IPUIPlugin:80 - create IPUIPlugin
2023-09-14 09:41:34,788 [INFO] IPUIPlugin:80 - create IPUIPlugin
2023-09-14 09:41:34,788 [INFO] IPUIPlugin:80 - create IPUIPlugin
2023-09-14 09:41:34,789 [INFO] IPUIPlugin:80 - create IPUIPlugin
2023-09-14 09:41:34,790 [INFO] IPUIPlugin:80 - create IPUIPlugin
2023-09-14 09:41:34,791 [INFO] IPUIPlugin:80 - create IPUIPlugin
2023-09-14 09:41:34,791 [INFO] IPUIPlugin:80 - create IPUIPlugin
2023-09-14 09:41:34,900 [WARN] FreeRTOS:1023 - Null or empty value: should not occur! (nothing added to the table)
2023-09-14 09:41:35,264 [ERROR] LogOutputStream:75 - [STDERR_REDIRECT] SLF4J: Failed to load class "org.slf4j.impl.StaticLoggerBinder".
2023-09-14 09:41:35,265 [ERROR] LogOutputStream:75 - [STDERR_REDIRECT] SLF4J: Defaulting to no-operation (NOP) logger implementation
2023-09-14 09:41:35,269 [ERROR] LogOutputStream:75 - [STDERR_REDIRECT] SLF4J: See http://www.slf4j.org/codes.html#StaticLoggerBinder for further details.
2023-09-14 09:41:35,415 [INFO] CADModel:165 - CPN selected for project levelSTM32L053C8T6
2023-09-14 09:41:35,416 [INFO] CADModel:114 - Register for checkConnection events
2023-09-14 09:41:35,447 [INFO] RtosManager:697 - Active RTOS found at IOC load: FREERTOS [Cortex-M0+NS]
2023-09-14 09:41:35,534 [INFO] OpenFileManager:328 - Restore cursor
2023-09-14 09:41:45,976 [ERROR] RtosPanel:558 - Can not restore the selected Tab for FREERTOS(A reason can be that the tab is no more available.)
2023-09-14 17:27:14,295 [INFO] TasksAndQueuesTab:757 - Dynamic
2023-09-14 17:27:14,314 [WARN] TasksAndQueuesTab:763 - 128 128
2023-09-14 17:27:14,317 [WARN] TasksAndQueuesTab:775 - max value is: 768.0
2023-09-14 17:27:14,317 [INFO] TasksAndQueuesTab:757 - Dynamic
2023-09-14 17:27:14,318 [WARN] TasksAndQueuesTab:763 - 128 128
2023-09-14 17:27:14,318 [WARN] TasksAndQueuesTab:775 - max value is: 768.0
2023-09-14 17:27:17,590 [INFO] EditThreadDialog:704 - RAM SIZE (in KB): 8
2023-09-14 17:27:17,591 [INFO] EditThreadDialog:706 - RAM SIZE (in words): 2048
2023-09-14 17:27:28,134 [INFO] TasksAndQueuesTab:757 - Dynamic
2023-09-14 17:27:28,134 [WARN] TasksAndQueuesTab:763 - 128 128
2023-09-14 17:27:28,134 [WARN] TasksAndQueuesTab:775 - max value is: 768.0
2023-09-14 17:27:28,135 [INFO] TasksAndQueuesTab:757 - Dynamic
2023-09-14 17:27:28,135 [WARN] TasksAndQueuesTab:763 - 128 128
2023-09-14 17:27:28,135 [WARN] TasksAndQueuesTab:775 - max value is: 768.0
2023-09-14 17:27:30,027 [INFO] EditThreadDialog:704 - RAM SIZE (in KB): 8
2023-09-14 17:27:30,027 [INFO] EditThreadDialog:706 - RAM SIZE (in words): 2048
2023-09-14 17:27:43,335 [INFO] TasksAndQueuesTab:757 - Dynamic
2023-09-14 17:27:43,335 [WARN] TasksAndQueuesTab:763 - 128 128
2023-09-14 17:27:43,336 [WARN] TasksAndQueuesTab:775 - max value is: 768.0
2023-09-14 17:27:43,336 [INFO] TasksAndQueuesTab:757 - Dynamic
2023-09-14 17:27:43,336 [WARN] TasksAndQueuesTab:763 - 128 128
2023-09-14 17:27:43,336 [WARN] TasksAndQueuesTab:775 - max value is: 768.0
2023-09-14 17:27:45,148 [INFO] EditThreadDialog:704 - RAM SIZE (in KB): 8
2023-09-14 17:27:45,148 [INFO] EditThreadDialog:706 - RAM SIZE (in words): 2048
2023-09-14 17:28:00,719 [INFO] TasksAndQueuesTab:757 - Dynamic
2023-09-14 17:28:00,720 [WARN] TasksAndQueuesTab:763 - 128 128
2023-09-14 17:28:00,720 [WARN] TasksAndQueuesTab:775 - max value is: 768.0
2023-09-14 17:28:00,720 [INFO] TasksAndQueuesTab:757 - Dynamic
2023-09-14 17:28:00,721 [WARN] TasksAndQueuesTab:763 - 128 128
2023-09-14 17:28:00,721 [WARN] TasksAndQueuesTab:775 - max value is: 768.0
2023-09-14 17:28:00,721 [INFO] TasksAndQueuesTab:757 - Dynamic
2023-09-14 17:28:00,721 [WARN] TasksAndQueuesTab:763 - 128 128
2023-09-14 17:28:00,722 [WARN] TasksAndQueuesTab:775 - max value is: 768.0
2023-09-14 17:28:37,338 [INFO] EditThreadDialog:704 - RAM SIZE (in KB): 8
2023-09-14 17:28:37,338 [INFO] EditThreadDialog:706 - RAM SIZE (in words): 2048
2023-09-14 17:29:49,057 [INFO] TasksAndQueuesTab:757 - Dynamic
2023-09-14 17:29:49,057 [WARN] TasksAndQueuesTab:763 - 128 128
2023-09-14 17:29:49,057 [WARN] TasksAndQueuesTab:775 - max value is: 768.0
2023-09-14 17:29:49,057 [INFO] TasksAndQueuesTab:757 - Dynamic
2023-09-14 17:29:49,058 [WARN] TasksAndQueuesTab:763 - 128 128
2023-09-14 17:29:49,058 [WARN] TasksAndQueuesTab:775 - max value is: 768.0
2023-09-14 17:29:49,058 [INFO] TasksAndQueuesTab:757 - Dynamic
2023-09-14 17:29:49,058 [WARN] TasksAndQueuesTab:763 - 128 128
2023-09-14 17:29:49,058 [WARN] TasksAndQueuesTab:775 - max value is: 768.0
2023-09-14 17:30:01,865 [INFO] EditThreadDialog:704 - RAM SIZE (in KB): 8
2023-09-14 17:30:01,865 [INFO] EditThreadDialog:706 - RAM SIZE (in words): 2048
2023-09-14 17:30:32,934 [INFO] TasksAndQueuesTab:757 - Dynamic
2023-09-14 17:30:32,934 [WARN] TasksAndQueuesTab:763 - 128 128
2023-09-14 17:30:32,935 [WARN] TasksAndQueuesTab:775 - max value is: 768.0
2023-09-14 17:30:32,935 [INFO] TasksAndQueuesTab:757 - Dynamic
2023-09-14 17:30:32,935 [WARN] TasksAndQueuesTab:763 - 128 128
2023-09-14 17:30:32,935 [WARN] TasksAndQueuesTab:775 - max value is: 768.0
2023-09-14 17:30:32,935 [INFO] TasksAndQueuesTab:757 - Dynamic
2023-09-14 17:30:32,936 [WARN] TasksAndQueuesTab:763 - 128 128
2023-09-14 17:30:32,936 [WARN] TasksAndQueuesTab:775 - max value is: 768.0
2023-09-14 17:30:36,257 [INFO] EditThreadDialog:704 - RAM SIZE (in KB): 8
2023-09-14 17:30:36,257 [INFO] EditThreadDialog:706 - RAM SIZE (in words): 2048
2023-09-14 17:31:09,621 [INFO] TasksAndQueuesTab:757 - Dynamic
2023-09-14 17:31:09,621 [WARN] TasksAndQueuesTab:763 - 128 128
2023-09-14 17:31:09,622 [WARN] TasksAndQueuesTab:775 - max value is: 768.0
2023-09-14 17:31:09,622 [INFO] TasksAndQueuesTab:757 - Dynamic
2023-09-14 17:31:09,622 [WARN] TasksAndQueuesTab:763 - 128 128
2023-09-14 17:31:09,622 [WARN] TasksAndQueuesTab:775 - max value is: 768.0
2023-09-14 17:31:09,622 [INFO] TasksAndQueuesTab:757 - Dynamic
2023-09-14 17:31:09,623 [WARN] TasksAndQueuesTab:763 - 128 128
2023-09-14 17:31:09,623 [WARN] TasksAndQueuesTab:775 - max value is: 768.0
2023-09-14 17:31:59,541 [INFO] TasksAndQueuesTab:757 - Dynamic
2023-09-14 17:31:59,541 [WARN] TasksAndQueuesTab:763 - 128 128
2023-09-14 17:31:59,543 [WARN] TasksAndQueuesTab:775 - max value is: 768.0
2023-09-14 17:31:59,544 [INFO] TasksAndQueuesTab:757 - Dynamic
2023-09-14 17:31:59,544 [WARN] TasksAndQueuesTab:763 - 128 128
2023-09-14 17:31:59,545 [WARN] TasksAndQueuesTab:775 - max value is: 768.0
2023-09-14 17:31:59,545 [INFO] TasksAndQueuesTab:757 - Dynamic
2023-09-14 17:31:59,545 [WARN] TasksAndQueuesTab:763 - 128 128
2023-09-14 17:31:59,545 [WARN] TasksAndQueuesTab:775 - max value is: 768.0
2023-09-14 17:32:31,018 [INFO] TasksAndQueuesTab:757 - Dynamic
2023-09-14 17:32:31,019 [WARN] TasksAndQueuesTab:763 - 128 128
2023-09-14 17:32:31,019 [WARN] TasksAndQueuesTab:775 - max value is: 768.0
2023-09-14 17:32:31,019 [INFO] TasksAndQueuesTab:757 - Dynamic
2023-09-14 17:32:31,019 [WARN] TasksAndQueuesTab:763 - 128 128
2023-09-14 17:32:31,019 [WARN] TasksAndQueuesTab:775 - max value is: 768.0
2023-09-14 17:32:31,019 [INFO] TasksAndQueuesTab:757 - Dynamic
2023-09-14 17:32:31,019 [WARN] TasksAndQueuesTab:763 - 128 128
2023-09-14 17:32:31,020 [WARN] TasksAndQueuesTab:775 - max value is: 768.0
2023-09-14 17:32:55,603 [INFO] UtilMem:75 - End SaveConfig() Used Memory: 216414488 Bytes (468713472)
2023-09-14 17:32:59,680 [INFO] UtilMem:75 - End SaveConfig() Used Memory: 230615888 Bytes (468713472)
2023-09-14 17:33:54,827 [INFO] UtilMem:75 - End SaveConfig() Used Memory: 202601560 Bytes (468713472)
2023-09-14 17:33:56,005 [INFO] UtilMem:75 - End SaveConfig() Used Memory: 269933440 Bytes (468713472)
2023-09-14 17:33:56,571 [INFO] BlockDiagram:2759 - set Specific Code input for plugin: NVIC
2023-09-14 17:33:56,571 [INFO] BlockDiagram:2759 - set Specific Code input for plugin: FREERTOS
2023-09-14 17:33:56,571 [INFO] BlockDiagram:2759 - set Specific Code input for plugin: SYS
2023-09-14 17:33:56,572 [INFO] BlockDiagram:2759 - set Specific Code input for plugin: GPIO
2023-09-14 17:33:56,572 [INFO] BlockDiagram:2759 - set Specific Code input for plugin: RCC
2023-09-14 17:33:56,574 [INFO] CodeGenerator:799 - code generatio: config db path: C:\ST\STM32CubeIDE_1.13.1\STM32CubeIDE\plugins\com.st.stm32cube.common.mx_6.9.1.202307191849\\db\
2023-09-14 17:33:57,214 [INFO] CodeEngine:255 - oldGeneratedFile, C:\Users\DNK124\Desktop\Priyesh\STM32\FreeRTOS_Test\MXTmpFiles\license.tmp_save
2023-09-14 17:33:58,161 [INFO] CodeEngine:279 - Generated code: C:\Users\DNK124\Desktop\Priyesh\STM32\FreeRTOS_Test\MXTmpFiles\license.tmp
2023-09-14 17:33:58,270 [INFO] CodeEngine:255 - oldGeneratedFile, C:\Users\DNK124\Desktop\Priyesh\STM32\FreeRTOS_Test\MXTmpFiles\gpio.tmp_save
2023-09-14 17:33:58,562 [INFO] CodeEngine:279 - Generated code: C:\Users\DNK124\Desktop\Priyesh\STM32\FreeRTOS_Test\MXTmpFiles\gpio.tmp
2023-09-14 17:33:58,714 [INFO] Middleware:1439 - No code input for Bsp Dependency
2023-09-14 17:33:58,741 [INFO] CodeEngine:255 - oldGeneratedFile, C:\Users\DNK124\Desktop\Priyesh\STM32\FreeRTOS_Test\MXTmpFiles\rtos_inc.tmp_save
2023-09-14 17:33:59,049 [INFO] CodeEngine:279 - Generated code: C:\Users\DNK124\Desktop\Priyesh\STM32\FreeRTOS_Test\MXTmpFiles\rtos_inc.tmp
2023-09-14 17:33:59,072 [INFO] CodeEngine:255 - oldGeneratedFile, C:\Users\DNK124\Desktop\Priyesh\STM32\FreeRTOS_Test\MXTmpFiles\rtos_kernelInit.tmp_save
2023-09-14 17:33:59,256 [INFO] CodeEngine:279 - Generated code: C:\Users\DNK124\Desktop\Priyesh\STM32\FreeRTOS_Test\MXTmpFiles\rtos_kernelInit.tmp
2023-09-14 17:33:59,277 [INFO] CodeEngine:255 - oldGeneratedFile, C:\Users\DNK124\Desktop\Priyesh\STM32\FreeRTOS_Test\MXTmpFiles\rtos_kernelStart.tmp_save
2023-09-14 17:33:59,444 [INFO] CodeEngine:279 - Generated code: C:\Users\DNK124\Desktop\Priyesh\STM32\FreeRTOS_Test\MXTmpFiles\rtos_kernelStart.tmp
2023-09-14 17:33:59,464 [INFO] CodeEngine:255 - oldGeneratedFile, C:\Users\DNK124\Desktop\Priyesh\STM32\FreeRTOS_Test\MXTmpFiles\rtos_typedefs.tmp_save
2023-09-14 17:33:59,581 [INFO] CodeEngine:279 - Generated code: C:\Users\DNK124\Desktop\Priyesh\STM32\FreeRTOS_Test\MXTmpFiles\rtos_typedefs.tmp
2023-09-14 17:33:59,602 [INFO] CodeEngine:255 - oldGeneratedFile, C:\Users\DNK124\Desktop\Priyesh\STM32\FreeRTOS_Test\MXTmpFiles\rtos_vars.tmp_save
2023-09-14 17:33:59,801 [INFO] CodeEngine:279 - Generated code: C:\Users\DNK124\Desktop\Priyesh\STM32\FreeRTOS_Test\MXTmpFiles\rtos_vars.tmp
2023-09-14 17:33:59,820 [INFO] CodeEngine:255 - oldGeneratedFile, C:\Users\DNK124\Desktop\Priyesh\STM32\FreeRTOS_Test\MXTmpFiles\rtos_pfp.tmp_save
2023-09-14 17:33:59,964 [INFO] CodeEngine:279 - Generated code: C:\Users\DNK124\Desktop\Priyesh\STM32\FreeRTOS_Test\MXTmpFiles\rtos_pfp.tmp
2023-09-14 17:33:59,986 [INFO] CodeEngine:255 - oldGeneratedFile, C:\Users\DNK124\Desktop\Priyesh\STM32\FreeRTOS_Test\MXTmpFiles\rtos_obj_creat.tmp_save
2023-09-14 17:34:00,170 [INFO] CodeEngine:279 - Generated code: C:\Users\DNK124\Desktop\Priyesh\STM32\FreeRTOS_Test\MXTmpFiles\rtos_obj_creat.tmp
2023-09-14 17:34:00,193 [INFO] CodeEngine:255 - oldGeneratedFile, C:\Users\DNK124\Desktop\Priyesh\STM32\FreeRTOS_Test\MXTmpFiles\rtos_default_thread.tmp_save
2023-09-14 17:34:00,319 [INFO] CodeEngine:279 - Generated code: C:\Users\DNK124\Desktop\Priyesh\STM32\FreeRTOS_Test\MXTmpFiles\rtos_default_thread.tmp
2023-09-14 17:34:00,339 [INFO] CodeEngine:255 - oldGeneratedFile, C:\Users\DNK124\Desktop\Priyesh\STM32\FreeRTOS_Test\MXTmpFiles\rtos_threads.tmp_save
2023-09-14 17:34:00,464 [INFO] CodeEngine:279 - Generated code: C:\Users\DNK124\Desktop\Priyesh\STM32\FreeRTOS_Test\MXTmpFiles\rtos_threads.tmp
2023-09-14 17:34:00,487 [INFO] Middleware:1439 - No code input for Bsp Dependency
2023-09-14 17:34:00,506 [INFO] CodeEngine:255 - oldGeneratedFile, C:\Users\DNK124\Desktop\Priyesh\STM32\FreeRTOS_Test\MXTmpFiles\rtos_inc.tmp_save
2023-09-14 17:34:00,645 [INFO] CodeEngine:279 - Generated code: C:\Users\DNK124\Desktop\Priyesh\STM32\FreeRTOS_Test\MXTmpFiles\rtos_inc.tmp
2023-09-14 17:34:00,654 [INFO] CodeEngine:255 - oldGeneratedFile, C:\Users\DNK124\Desktop\Priyesh\STM32\FreeRTOS_Test\MXTmpFiles\rtos_kernelInit.tmp_save
2023-09-14 17:34:00,739 [INFO] CodeEngine:279 - Generated code: C:\Users\DNK124\Desktop\Priyesh\STM32\FreeRTOS_Test\MXTmpFiles\rtos_kernelInit.tmp
2023-09-14 17:34:00,749 [INFO] CodeEngine:255 - oldGeneratedFile, C:\Users\DNK124\Desktop\Priyesh\STM32\FreeRTOS_Test\MXTmpFiles\rtos_kernelStart.tmp_save
2023-09-14 17:34:00,828 [INFO] CodeEngine:279 - Generated code: C:\Users\DNK124\Desktop\Priyesh\STM32\FreeRTOS_Test\MXTmpFiles\rtos_kernelStart.tmp
2023-09-14 17:34:00,838 [INFO] CodeEngine:255 - oldGeneratedFile, C:\Users\DNK124\Desktop\Priyesh\STM32\FreeRTOS_Test\MXTmpFiles\rtos_typedefs.tmp_save
2023-09-14 17:34:00,925 [INFO] CodeEngine:279 - Generated code: C:\Users\DNK124\Desktop\Priyesh\STM32\FreeRTOS_Test\MXTmpFiles\rtos_typedefs.tmp
2023-09-14 17:34:00,943 [INFO] CodeEngine:255 - oldGeneratedFile, C:\Users\DNK124\Desktop\Priyesh\STM32\FreeRTOS_Test\MXTmpFiles\rtos_vars.tmp_save
2023-09-14 17:34:01,035 [INFO] CodeEngine:279 - Generated code: C:\Users\DNK124\Desktop\Priyesh\STM32\FreeRTOS_Test\MXTmpFiles\rtos_vars.tmp
2023-09-14 17:34:01,053 [INFO] CodeEngine:255 - oldGeneratedFile, C:\Users\DNK124\Desktop\Priyesh\STM32\FreeRTOS_Test\MXTmpFiles\rtos_pfp.tmp_save
2023-09-14 17:34:01,161 [INFO] CodeEngine:279 - Generated code: C:\Users\DNK124\Desktop\Priyesh\STM32\FreeRTOS_Test\MXTmpFiles\rtos_pfp.tmp
2023-09-14 17:34:01,182 [INFO] CodeEngine:255 - oldGeneratedFile, C:\Users\DNK124\Desktop\Priyesh\STM32\FreeRTOS_Test\MXTmpFiles\rtos_obj_creat.tmp_save
2023-09-14 17:34:01,329 [INFO] CodeEngine:279 - Generated code: C:\Users\DNK124\Desktop\Priyesh\STM32\FreeRTOS_Test\MXTmpFiles\rtos_obj_creat.tmp
2023-09-14 17:34:01,341 [INFO] CodeEngine:255 - oldGeneratedFile, C:\Users\DNK124\Desktop\Priyesh\STM32\FreeRTOS_Test\MXTmpFiles\rtos_default_thread.tmp_save
2023-09-14 17:34:01,527 [INFO] CodeEngine:279 - Generated code: C:\Users\DNK124\Desktop\Priyesh\STM32\FreeRTOS_Test\MXTmpFiles\rtos_default_thread.tmp
2023-09-14 17:34:01,538 [INFO] CodeEngine:255 - oldGeneratedFile, C:\Users\DNK124\Desktop\Priyesh\STM32\FreeRTOS_Test\MXTmpFiles\rtos_threads.tmp_save
2023-09-14 17:34:01,708 [INFO] CodeEngine:279 - Generated code: C:\Users\DNK124\Desktop\Priyesh\STM32\FreeRTOS_Test\MXTmpFiles\rtos_threads.tmp
2023-09-14 17:34:01,755 [INFO] CodeEngine:255 - oldGeneratedFile, C:\Users\DNK124\Desktop\Priyesh\STM32\FreeRTOS_Test\Core\Inc\FreeRTOSConfig.h_save
2023-09-14 17:34:01,941 [INFO] CodeEngine:279 - Generated code: C:\Users\DNK124\Desktop\Priyesh\STM32\FreeRTOS_Test\Core\Inc\FreeRTOSConfig.h
2023-09-14 17:34:01,984 [INFO] CodeEngine:255 - oldGeneratedFile, C:\Users\DNK124\Desktop\Priyesh\STM32\FreeRTOS_Test\Core\Src\freertos.c_save
2023-09-14 17:34:02,196 [INFO] CodeEngine:279 - Generated code: C:\Users\DNK124\Desktop\Priyesh\STM32\FreeRTOS_Test\Core\Src\freertos.c
2023-09-14 17:34:02,249 [INFO] CodeEngine:255 - oldGeneratedFile, C:\Users\DNK124\Desktop\Priyesh\STM32\FreeRTOS_Test\Core\Src\stm32l0xx_it.c_save
2023-09-14 17:34:02,540 [INFO] CodeEngine:279 - Generated code: C:\Users\DNK124\Desktop\Priyesh\STM32\FreeRTOS_Test\Core\Src\stm32l0xx_it.c
2023-09-14 17:34:02,563 [INFO] CodeEngine:255 - oldGeneratedFile, C:\Users\DNK124\Desktop\Priyesh\STM32\FreeRTOS_Test\Core\Inc\stm32l0xx_it.h_save
2023-09-14 17:34:02,758 [INFO] CodeEngine:279 - Generated code: C:\Users\DNK124\Desktop\Priyesh\STM32\FreeRTOS_Test\Core\Inc\stm32l0xx_it.h
2023-09-14 17:34:02,840 [INFO] CodeEngine:255 - oldGeneratedFile, C:\Users\DNK124\Desktop\Priyesh\STM32\FreeRTOS_Test\Core\Src\stm32l0xx_hal_msp.c_save
2023-09-14 17:34:03,106 [INFO] CodeEngine:279 - Generated code: C:\Users\DNK124\Desktop\Priyesh\STM32\FreeRTOS_Test\Core\Src\stm32l0xx_hal_msp.c
2023-09-14 17:34:03,127 [INFO] CodeEngine:255 - oldGeneratedFile, C:\Users\DNK124\Desktop\Priyesh\STM32\FreeRTOS_Test\MXTmpFiles\system.tmp_save
2023-09-14 17:34:03,285 [INFO] CodeEngine:279 - Generated code: C:\Users\DNK124\Desktop\Priyesh\STM32\FreeRTOS_Test\MXTmpFiles\system.tmp
2023-09-14 17:34:03,318 [INFO] CodeEngine:255 - oldGeneratedFile, C:\Users\DNK124\Desktop\Priyesh\STM32\FreeRTOS_Test\Core\Src\stm32l0xx_hal_timebase_tim.c_save
2023-09-14 17:34:03,468 [INFO] CodeEngine:279 - Generated code: C:\Users\DNK124\Desktop\Priyesh\STM32\FreeRTOS_Test\Core\Src\stm32l0xx_hal_timebase_tim.c
2023-09-14 17:34:03,517 [INFO] CodeEngine:311 - oldGeneratedFile, C:\Users\DNK124\Desktop\Priyesh\STM32\FreeRTOS_Test\Core\Inc\stm32l0xx_hal_conf.h_save
2023-09-14 17:34:03,695 [INFO] CodeEngine:335 - Generated code: C:\Users\DNK124\Desktop\Priyesh\STM32\FreeRTOS_Test\Core\Inc\stm32l0xx_hal_conf.h
2023-09-14 17:34:03,784 [INFO] CodeEngine:255 - oldGeneratedFile, C:\Users\DNK124\Desktop\Priyesh\STM32\FreeRTOS_Test\Core\Inc\main.h_save
2023-09-14 17:34:04,027 [INFO] CodeEngine:279 - Generated code: C:\Users\DNK124\Desktop\Priyesh\STM32\FreeRTOS_Test\Core\Inc\main.h
2023-09-14 17:34:04,072 [INFO] CodeEngine:255 - oldGeneratedFile, C:\Users\DNK124\Desktop\Priyesh\STM32\FreeRTOS_Test\Core\Src\main.c_save
2023-09-14 17:34:04,541 [INFO] CodeEngine:279 - Generated code: C:\Users\DNK124\Desktop\Priyesh\STM32\FreeRTOS_Test\Core\Src\main.c
2023-09-14 17:34:05,949 [INFO] ProjectBuilder:3064 - Time for Copy HAL[1] : 408mS.
2023-09-14 17:34:05,961 [INFO] ProjectBuilder:4404 - Project Generator version: 4.1.0
2023-09-14 17:34:06,453 [INFO] ConfigFileManager:1457 - The Die is : DIE417
2023-09-14 17:34:06,468 [INFO] ApiDbMcu:507 - Load IP Config File for FATFS
2023-09-14 17:34:06,508 [INFO] ApiDbMcu:507 - Load IP Config File for TOUCHSENSING
2023-09-14 17:34:06,531 [INFO] ApiDbMcu:507 - Load IP Config File for USB_DEVICE
2023-09-14 17:34:08,639 [INFO] LogOutputStream:77 - [STDOUT_REDIRECT] 
2023-09-14 17:34:13,620 [INFO] ProjectBuilder:4626 - Time for Generating toolchain IDE Files: 7658mS.
2023-09-14 17:34:13,622 [INFO] ProjectBuilder:2935 - Time for Copy CMSIS : 2mS.
2023-09-14 17:34:13,634 [INFO] ProjectBuilder:2935 - Time for Copy CMSIS : 0mS.
2023-09-14 17:41:07,685 [INFO] TasksAndQueuesTab:757 - Dynamic
2023-09-14 17:41:07,685 [WARN] TasksAndQueuesTab:763 - 128 128
2023-09-14 17:41:07,685 [WARN] TasksAndQueuesTab:775 - max value is: 768.0
2023-09-14 17:41:07,685 [INFO] TasksAndQueuesTab:757 - Dynamic
2023-09-14 17:41:07,685 [WARN] TasksAndQueuesTab:763 - 128 128
2023-09-14 17:41:07,685 [WARN] TasksAndQueuesTab:775 - max value is: 768.0
2023-09-14 17:41:07,685 [INFO] TasksAndQueuesTab:757 - Dynamic
2023-09-14 17:41:07,685 [WARN] TasksAndQueuesTab:763 - 128 128
2023-09-14 17:41:07,685 [WARN] TasksAndQueuesTab:775 - max value is: 768.0
2023-09-14 17:41:11,778 [INFO] EditThreadDialog:704 - RAM SIZE (in KB): 8
2023-09-14 17:41:11,778 [INFO] EditThreadDialog:706 - RAM SIZE (in words): 2048
2023-09-14 17:41:23,221 [INFO] TasksAndQueuesTab:757 - Dynamic
2023-09-14 17:41:23,221 [WARN] TasksAndQueuesTab:763 - 128 128
2023-09-14 17:41:23,221 [WARN] TasksAndQueuesTab:775 - max value is: 768.0
2023-09-14 17:41:23,221 [INFO] TasksAndQueuesTab:757 - Dynamic
2023-09-14 17:41:23,222 [WARN] TasksAndQueuesTab:763 - 128 128
2023-09-14 17:41:23,222 [WARN] TasksAndQueuesTab:775 - max value is: 768.0
2023-09-14 17:41:23,222 [INFO] TasksAndQueuesTab:757 - Dynamic
2023-09-14 17:41:23,222 [WARN] TasksAndQueuesTab:763 - 128 128
2023-09-14 17:41:23,222 [WARN] TasksAndQueuesTab:775 - max value is: 768.0
2023-09-14 17:41:25,720 [INFO] UtilMem:75 - End SaveConfig() Used Memory: 322526696 Bytes (763363328)
2023-09-14 17:41:26,867 [INFO] UtilMem:75 - End SaveConfig() Used Memory: 383862280 Bytes (763363328)
2023-09-14 17:41:27,428 [INFO] BlockDiagram:2759 - set Specific Code input for plugin: NVIC
2023-09-14 17:41:27,428 [INFO] BlockDiagram:2759 - set Specific Code input for plugin: FREERTOS
2023-09-14 17:41:27,428 [INFO] BlockDiagram:2759 - set Specific Code input for plugin: SYS
2023-09-14 17:41:27,429 [INFO] BlockDiagram:2759 - set Specific Code input for plugin: GPIO
2023-09-14 17:41:27,429 [INFO] BlockDiagram:2759 - set Specific Code input for plugin: RCC
2023-09-14 17:41:27,430 [INFO] CodeGenerator:799 - code generatio: config db path: C:\ST\STM32CubeIDE_1.13.1\STM32CubeIDE\plugins\com.st.stm32cube.common.mx_6.9.1.202307191849\\db\
2023-09-14 17:41:27,698 [INFO] CodeEngine:255 - oldGeneratedFile, C:\Users\DNK124\Desktop\Priyesh\STM32\FreeRTOS_Test\MXTmpFiles\license.tmp_save
2023-09-14 17:41:27,896 [INFO] CodeEngine:279 - Generated code: C:\Users\DNK124\Desktop\Priyesh\STM32\FreeRTOS_Test\MXTmpFiles\license.tmp
2023-09-14 17:41:27,923 [INFO] CodeEngine:255 - oldGeneratedFile, C:\Users\DNK124\Desktop\Priyesh\STM32\FreeRTOS_Test\MXTmpFiles\gpio.tmp_save
2023-09-14 17:41:28,189 [INFO] CodeEngine:279 - Generated code: C:\Users\DNK124\Desktop\Priyesh\STM32\FreeRTOS_Test\MXTmpFiles\gpio.tmp
2023-09-14 17:41:28,264 [INFO] Middleware:1439 - No code input for Bsp Dependency
2023-09-14 17:41:28,277 [INFO] CodeEngine:255 - oldGeneratedFile, C:\Users\DNK124\Desktop\Priyesh\STM32\FreeRTOS_Test\MXTmpFiles\rtos_inc.tmp_save
2023-09-14 17:41:28,452 [INFO] CodeEngine:279 - Generated code: C:\Users\DNK124\Desktop\Priyesh\STM32\FreeRTOS_Test\MXTmpFiles\rtos_inc.tmp
2023-09-14 17:41:28,459 [INFO] CodeEngine:255 - oldGeneratedFile, C:\Users\DNK124\Desktop\Priyesh\STM32\FreeRTOS_Test\MXTmpFiles\rtos_kernelInit.tmp_save
2023-09-14 17:41:28,579 [INFO] CodeEngine:279 - Generated code: C:\Users\DNK124\Desktop\Priyesh\STM32\FreeRTOS_Test\MXTmpFiles\rtos_kernelInit.tmp
2023-09-14 17:41:28,588 [INFO] CodeEngine:255 - oldGeneratedFile, C:\Users\DNK124\Desktop\Priyesh\STM32\FreeRTOS_Test\MXTmpFiles\rtos_kernelStart.tmp_save
2023-09-14 17:41:28,689 [INFO] CodeEngine:279 - Generated code: C:\Users\DNK124\Desktop\Priyesh\STM32\FreeRTOS_Test\MXTmpFiles\rtos_kernelStart.tmp
2023-09-14 17:41:28,695 [INFO] CodeEngine:255 - oldGeneratedFile, C:\Users\DNK124\Desktop\Priyesh\STM32\FreeRTOS_Test\MXTmpFiles\rtos_typedefs.tmp_save
2023-09-14 17:41:28,786 [INFO] CodeEngine:279 - Generated code: C:\Users\DNK124\Desktop\Priyesh\STM32\FreeRTOS_Test\MXTmpFiles\rtos_typedefs.tmp
2023-09-14 17:41:28,792 [INFO] CodeEngine:255 - oldGeneratedFile, C:\Users\DNK124\Desktop\Priyesh\STM32\FreeRTOS_Test\MXTmpFiles\rtos_vars.tmp_save
2023-09-14 17:41:28,925 [INFO] CodeEngine:279 - Generated code: C:\Users\DNK124\Desktop\Priyesh\STM32\FreeRTOS_Test\MXTmpFiles\rtos_vars.tmp
2023-09-14 17:41:28,930 [INFO] CodeEngine:255 - oldGeneratedFile, C:\Users\DNK124\Desktop\Priyesh\STM32\FreeRTOS_Test\MXTmpFiles\rtos_pfp.tmp_save
2023-09-14 17:41:29,028 [INFO] CodeEngine:279 - Generated code: C:\Users\DNK124\Desktop\Priyesh\STM32\FreeRTOS_Test\MXTmpFiles\rtos_pfp.tmp
2023-09-14 17:41:29,036 [INFO] CodeEngine:255 - oldGeneratedFile, C:\Users\DNK124\Desktop\Priyesh\STM32\FreeRTOS_Test\MXTmpFiles\rtos_obj_creat.tmp_save
2023-09-14 17:41:29,143 [INFO] CodeEngine:279 - Generated code: C:\Users\DNK124\Desktop\Priyesh\STM32\FreeRTOS_Test\MXTmpFiles\rtos_obj_creat.tmp
2023-09-14 17:41:29,150 [INFO] CodeEngine:255 - oldGeneratedFile, C:\Users\DNK124\Desktop\Priyesh\STM32\FreeRTOS_Test\MXTmpFiles\rtos_default_thread.tmp_save
2023-09-14 17:41:29,249 [INFO] CodeEngine:279 - Generated code: C:\Users\DNK124\Desktop\Priyesh\STM32\FreeRTOS_Test\MXTmpFiles\rtos_default_thread.tmp
2023-09-14 17:41:29,254 [INFO] CodeEngine:255 - oldGeneratedFile, C:\Users\DNK124\Desktop\Priyesh\STM32\FreeRTOS_Test\MXTmpFiles\rtos_threads.tmp_save
2023-09-14 17:41:29,515 [INFO] CodeEngine:279 - Generated code: C:\Users\DNK124\Desktop\Priyesh\STM32\FreeRTOS_Test\MXTmpFiles\rtos_threads.tmp
2023-09-14 17:41:29,543 [INFO] Middleware:1439 - No code input for Bsp Dependency
2023-09-14 17:41:29,574 [INFO] CodeEngine:255 - oldGeneratedFile, C:\Users\DNK124\Desktop\Priyesh\STM32\FreeRTOS_Test\MXTmpFiles\rtos_inc.tmp_save
2023-09-14 17:41:29,726 [INFO] CodeEngine:279 - Generated code: C:\Users\DNK124\Desktop\Priyesh\STM32\FreeRTOS_Test\MXTmpFiles\rtos_inc.tmp
2023-09-14 17:41:29,736 [INFO] CodeEngine:255 - oldGeneratedFile, C:\Users\DNK124\Desktop\Priyesh\STM32\FreeRTOS_Test\MXTmpFiles\rtos_kernelInit.tmp_save
2023-09-14 17:41:29,823 [INFO] CodeEngine:279 - Generated code: C:\Users\DNK124\Desktop\Priyesh\STM32\FreeRTOS_Test\MXTmpFiles\rtos_kernelInit.tmp
2023-09-14 17:41:29,832 [INFO] CodeEngine:255 - oldGeneratedFile, C:\Users\DNK124\Desktop\Priyesh\STM32\FreeRTOS_Test\MXTmpFiles\rtos_kernelStart.tmp_save
2023-09-14 17:41:29,914 [INFO] CodeEngine:279 - Generated code: C:\Users\DNK124\Desktop\Priyesh\STM32\FreeRTOS_Test\MXTmpFiles\rtos_kernelStart.tmp
2023-09-14 17:41:29,923 [INFO] CodeEngine:255 - oldGeneratedFile, C:\Users\DNK124\Desktop\Priyesh\STM32\FreeRTOS_Test\MXTmpFiles\rtos_typedefs.tmp_save
2023-09-14 17:41:30,012 [INFO] CodeEngine:279 - Generated code: C:\Users\DNK124\Desktop\Priyesh\STM32\FreeRTOS_Test\MXTmpFiles\rtos_typedefs.tmp
2023-09-14 17:41:30,032 [INFO] CodeEngine:255 - oldGeneratedFile, C:\Users\DNK124\Desktop\Priyesh\STM32\FreeRTOS_Test\MXTmpFiles\rtos_vars.tmp_save
2023-09-14 17:41:30,152 [INFO] CodeEngine:279 - Generated code: C:\Users\DNK124\Desktop\Priyesh\STM32\FreeRTOS_Test\MXTmpFiles\rtos_vars.tmp
2023-09-14 17:41:30,169 [INFO] CodeEngine:255 - oldGeneratedFile, C:\Users\DNK124\Desktop\Priyesh\STM32\FreeRTOS_Test\MXTmpFiles\rtos_pfp.tmp_save
2023-09-14 17:41:30,269 [INFO] CodeEngine:279 - Generated code: C:\Users\DNK124\Desktop\Priyesh\STM32\FreeRTOS_Test\MXTmpFiles\rtos_pfp.tmp
2023-09-14 17:41:30,285 [INFO] CodeEngine:255 - oldGeneratedFile, C:\Users\DNK124\Desktop\Priyesh\STM32\FreeRTOS_Test\MXTmpFiles\rtos_obj_creat.tmp_save
2023-09-14 17:41:30,377 [INFO] CodeEngine:279 - Generated code: C:\Users\DNK124\Desktop\Priyesh\STM32\FreeRTOS_Test\MXTmpFiles\rtos_obj_creat.tmp
2023-09-14 17:41:30,387 [INFO] CodeEngine:255 - oldGeneratedFile, C:\Users\DNK124\Desktop\Priyesh\STM32\FreeRTOS_Test\MXTmpFiles\rtos_default_thread.tmp_save
2023-09-14 17:41:30,485 [INFO] CodeEngine:279 - Generated code: C:\Users\DNK124\Desktop\Priyesh\STM32\FreeRTOS_Test\MXTmpFiles\rtos_default_thread.tmp
2023-09-14 17:41:30,494 [INFO] CodeEngine:255 - oldGeneratedFile, C:\Users\DNK124\Desktop\Priyesh\STM32\FreeRTOS_Test\MXTmpFiles\rtos_threads.tmp_save
2023-09-14 17:41:30,583 [INFO] CodeEngine:279 - Generated code: C:\Users\DNK124\Desktop\Priyesh\STM32\FreeRTOS_Test\MXTmpFiles\rtos_threads.tmp
2023-09-14 17:41:30,602 [INFO] CodeEngine:255 - oldGeneratedFile, C:\Users\DNK124\Desktop\Priyesh\STM32\FreeRTOS_Test\Core\Inc\FreeRTOSConfig.h_save
2023-09-14 17:41:30,713 [INFO] CodeEngine:279 - Generated code: C:\Users\DNK124\Desktop\Priyesh\STM32\FreeRTOS_Test\Core\Inc\FreeRTOSConfig.h
2023-09-14 17:41:30,733 [INFO] CodeEngine:255 - oldGeneratedFile, C:\Users\DNK124\Desktop\Priyesh\STM32\FreeRTOS_Test\Core\Src\freertos.c_save
2023-09-14 17:41:30,835 [INFO] CodeEngine:279 - Generated code: C:\Users\DNK124\Desktop\Priyesh\STM32\FreeRTOS_Test\Core\Src\freertos.c
2023-09-14 17:41:30,866 [INFO] CodeEngine:255 - oldGeneratedFile, C:\Users\DNK124\Desktop\Priyesh\STM32\FreeRTOS_Test\Core\Src\stm32l0xx_it.c_save
2023-09-14 17:41:30,887 [ERROR] ConfigurationRetriever:142 - IOException on connection: Connect timed out
2023-09-14 17:41:31,011 [INFO] CodeEngine:279 - Generated code: C:\Users\DNK124\Desktop\Priyesh\STM32\FreeRTOS_Test\Core\Src\stm32l0xx_it.c
2023-09-14 17:41:31,032 [INFO] CodeEngine:255 - oldGeneratedFile, C:\Users\DNK124\Desktop\Priyesh\STM32\FreeRTOS_Test\Core\Inc\stm32l0xx_it.h_save
2023-09-14 17:41:31,140 [INFO] CodeEngine:279 - Generated code: C:\Users\DNK124\Desktop\Priyesh\STM32\FreeRTOS_Test\Core\Inc\stm32l0xx_it.h
2023-09-14 17:41:31,177 [INFO] CodeEngine:255 - oldGeneratedFile, C:\Users\DNK124\Desktop\Priyesh\STM32\FreeRTOS_Test\Core\Src\stm32l0xx_hal_msp.c_save
2023-09-14 17:41:31,330 [INFO] CodeEngine:279 - Generated code: C:\Users\DNK124\Desktop\Priyesh\STM32\FreeRTOS_Test\Core\Src\stm32l0xx_hal_msp.c
2023-09-14 17:41:31,337 [INFO] CodeEngine:255 - oldGeneratedFile, C:\Users\DNK124\Desktop\Priyesh\STM32\FreeRTOS_Test\MXTmpFiles\system.tmp_save
2023-09-14 17:41:31,431 [INFO] CodeEngine:279 - Generated code: C:\Users\DNK124\Desktop\Priyesh\STM32\FreeRTOS_Test\MXTmpFiles\system.tmp
2023-09-14 17:41:31,448 [INFO] CodeEngine:255 - oldGeneratedFile, C:\Users\DNK124\Desktop\Priyesh\STM32\FreeRTOS_Test\Core\Src\stm32l0xx_hal_timebase_tim.c_save
2023-09-14 17:41:31,596 [INFO] CodeEngine:279 - Generated code: C:\Users\DNK124\Desktop\Priyesh\STM32\FreeRTOS_Test\Core\Src\stm32l0xx_hal_timebase_tim.c
2023-09-14 17:41:31,630 [INFO] CodeEngine:311 - oldGeneratedFile, C:\Users\DNK124\Desktop\Priyesh\STM32\FreeRTOS_Test\Core\Inc\stm32l0xx_hal_conf.h_save
2023-09-14 17:41:31,810 [INFO] CodeEngine:335 - Generated code: C:\Users\DNK124\Desktop\Priyesh\STM32\FreeRTOS_Test\Core\Inc\stm32l0xx_hal_conf.h
2023-09-14 17:41:31,883 [INFO] CodeEngine:255 - oldGeneratedFile, C:\Users\DNK124\Desktop\Priyesh\STM32\FreeRTOS_Test\Core\Inc\main.h_save
2023-09-14 17:41:32,037 [INFO] CodeEngine:279 - Generated code: C:\Users\DNK124\Desktop\Priyesh\STM32\FreeRTOS_Test\Core\Inc\main.h
2023-09-14 17:41:32,055 [INFO] CodeEngine:255 - oldGeneratedFile, C:\Users\DNK124\Desktop\Priyesh\STM32\FreeRTOS_Test\Core\Src\main.c_save
2023-09-14 17:41:32,249 [INFO] CodeEngine:279 - Generated code: C:\Users\DNK124\Desktop\Priyesh\STM32\FreeRTOS_Test\Core\Src\main.c
2023-09-14 17:41:33,197 [INFO] ProjectBuilder:3064 - Time for Copy HAL[1] : 315mS.
2023-09-14 17:41:33,206 [INFO] ProjectBuilder:4404 - Project Generator version: 4.1.0
2023-09-14 17:41:33,451 [INFO] ConfigFileManager:1457 - The Die is : DIE417
2023-09-14 17:41:35,889 [ERROR] ConfigurationRetriever:142 - IOException on connection: Connect timed out
2023-09-14 17:41:36,829 [INFO] ProjectBuilder:4626 - Time for Generating toolchain IDE Files: 3622mS.
2023-09-14 17:41:36,830 [INFO] ProjectBuilder:2935 - Time for Copy CMSIS : 1mS.
2023-09-14 17:41:36,841 [INFO] ProjectBuilder:2935 - Time for Copy CMSIS : 0mS.
2023-09-14 17:41:40,890 [ERROR] ConfigurationRetriever:142 - IOException on connection: Connect timed out
2023-09-14 17:43:53,159 [INFO] TasksAndQueuesTab:757 - Dynamic
2023-09-14 17:43:53,159 [WARN] TasksAndQueuesTab:763 - 128 128
2023-09-14 17:43:53,159 [WARN] TasksAndQueuesTab:775 - max value is: 768.0
2023-09-14 17:43:53,159 [INFO] TasksAndQueuesTab:757 - Dynamic
2023-09-14 17:43:53,160 [WARN] TasksAndQueuesTab:763 - 128 128
2023-09-14 17:43:53,160 [WARN] TasksAndQueuesTab:775 - max value is: 768.0
2023-09-14 17:43:53,160 [INFO] TasksAndQueuesTab:757 - Dynamic
2023-09-14 17:43:53,160 [WARN] TasksAndQueuesTab:763 - 128 128
2023-09-14 17:43:53,160 [WARN] TasksAndQueuesTab:775 - max value is: 768.0
2023-09-14 17:44:52,891 [INFO] UtilMem:75 - End SaveConfig() Used Memory: 348199440 Bytes (930086912)
2023-09-14 17:44:53,573 [INFO] UtilMem:75 - End SaveConfig() Used Memory: 379121704 Bytes (930086912)
2023-09-14 17:44:53,977 [INFO] BlockDiagram:2759 - set Specific Code input for plugin: NVIC
2023-09-14 17:44:53,977 [INFO] BlockDiagram:2759 - set Specific Code input for plugin: FREERTOS
2023-09-14 17:44:53,977 [INFO] BlockDiagram:2759 - set Specific Code input for plugin: SYS
2023-09-14 17:44:53,979 [INFO] BlockDiagram:2759 - set Specific Code input for plugin: GPIO
2023-09-14 17:44:53,979 [INFO] BlockDiagram:2759 - set Specific Code input for plugin: RCC
2023-09-14 17:44:53,981 [INFO] CodeGenerator:799 - code generatio: config db path: C:\ST\STM32CubeIDE_1.13.1\STM32CubeIDE\plugins\com.st.stm32cube.common.mx_6.9.1.202307191849\\db\
2023-09-14 17:44:54,177 [INFO] CodeEngine:255 - oldGeneratedFile, C:\Users\DNK124\Desktop\Priyesh\STM32\FreeRTOS_Test\MXTmpFiles\license.tmp_save
2023-09-14 17:44:54,358 [INFO] CodeEngine:279 - Generated code: C:\Users\DNK124\Desktop\Priyesh\STM32\FreeRTOS_Test\MXTmpFiles\license.tmp
2023-09-14 17:44:54,383 [INFO] CodeEngine:255 - oldGeneratedFile, C:\Users\DNK124\Desktop\Priyesh\STM32\FreeRTOS_Test\MXTmpFiles\gpio.tmp_save
2023-09-14 17:44:54,582 [INFO] CodeEngine:279 - Generated code: C:\Users\DNK124\Desktop\Priyesh\STM32\FreeRTOS_Test\MXTmpFiles\gpio.tmp
2023-09-14 17:44:54,632 [INFO] Middleware:1439 - No code input for Bsp Dependency
2023-09-14 17:44:54,644 [INFO] CodeEngine:255 - oldGeneratedFile, C:\Users\DNK124\Desktop\Priyesh\STM32\FreeRTOS_Test\MXTmpFiles\rtos_inc.tmp_save
2023-09-14 17:44:54,816 [INFO] CodeEngine:279 - Generated code: C:\Users\DNK124\Desktop\Priyesh\STM32\FreeRTOS_Test\MXTmpFiles\rtos_inc.tmp
2023-09-14 17:44:54,824 [INFO] CodeEngine:255 - oldGeneratedFile, C:\Users\DNK124\Desktop\Priyesh\STM32\FreeRTOS_Test\MXTmpFiles\rtos_kernelInit.tmp_save
2023-09-14 17:44:54,971 [INFO] CodeEngine:279 - Generated code: C:\Users\DNK124\Desktop\Priyesh\STM32\FreeRTOS_Test\MXTmpFiles\rtos_kernelInit.tmp
2023-09-14 17:44:54,977 [INFO] CodeEngine:255 - oldGeneratedFile, C:\Users\DNK124\Desktop\Priyesh\STM32\FreeRTOS_Test\MXTmpFiles\rtos_kernelStart.tmp_save
2023-09-14 17:44:55,090 [INFO] CodeEngine:279 - Generated code: C:\Users\DNK124\Desktop\Priyesh\STM32\FreeRTOS_Test\MXTmpFiles\rtos_kernelStart.tmp
2023-09-14 17:44:55,095 [INFO] CodeEngine:255 - oldGeneratedFile, C:\Users\DNK124\Desktop\Priyesh\STM32\FreeRTOS_Test\MXTmpFiles\rtos_typedefs.tmp_save
2023-09-14 17:44:55,348 [INFO] CodeEngine:279 - Generated code: C:\Users\DNK124\Desktop\Priyesh\STM32\FreeRTOS_Test\MXTmpFiles\rtos_typedefs.tmp
2023-09-14 17:44:55,353 [INFO] CodeEngine:255 - oldGeneratedFile, C:\Users\DNK124\Desktop\Priyesh\STM32\FreeRTOS_Test\MXTmpFiles\rtos_vars.tmp_save
2023-09-14 17:44:55,441 [INFO] CodeEngine:279 - Generated code: C:\Users\DNK124\Desktop\Priyesh\STM32\FreeRTOS_Test\MXTmpFiles\rtos_vars.tmp
2023-09-14 17:44:55,447 [INFO] CodeEngine:255 - oldGeneratedFile, C:\Users\DNK124\Desktop\Priyesh\STM32\FreeRTOS_Test\MXTmpFiles\rtos_pfp.tmp_save
2023-09-14 17:44:55,547 [INFO] CodeEngine:279 - Generated code: C:\Users\DNK124\Desktop\Priyesh\STM32\FreeRTOS_Test\MXTmpFiles\rtos_pfp.tmp
2023-09-14 17:44:55,553 [INFO] CodeEngine:255 - oldGeneratedFile, C:\Users\DNK124\Desktop\Priyesh\STM32\FreeRTOS_Test\MXTmpFiles\rtos_obj_creat.tmp_save
2023-09-14 17:44:55,655 [INFO] CodeEngine:279 - Generated code: C:\Users\DNK124\Desktop\Priyesh\STM32\FreeRTOS_Test\MXTmpFiles\rtos_obj_creat.tmp
2023-09-14 17:44:55,662 [INFO] CodeEngine:255 - oldGeneratedFile, C:\Users\DNK124\Desktop\Priyesh\STM32\FreeRTOS_Test\MXTmpFiles\rtos_default_thread.tmp_save
2023-09-14 17:44:55,756 [INFO] CodeEngine:279 - Generated code: C:\Users\DNK124\Desktop\Priyesh\STM32\FreeRTOS_Test\MXTmpFiles\rtos_default_thread.tmp
2023-09-14 17:44:55,762 [INFO] CodeEngine:255 - oldGeneratedFile, C:\Users\DNK124\Desktop\Priyesh\STM32\FreeRTOS_Test\MXTmpFiles\rtos_threads.tmp_save
2023-09-14 17:44:55,840 [INFO] CodeEngine:279 - Generated code: C:\Users\DNK124\Desktop\Priyesh\STM32\FreeRTOS_Test\MXTmpFiles\rtos_threads.tmp
2023-09-14 17:44:55,850 [INFO] Middleware:1439 - No code input for Bsp Dependency
2023-09-14 17:44:55,866 [INFO] CodeEngine:255 - oldGeneratedFile, C:\Users\DNK124\Desktop\Priyesh\STM32\FreeRTOS_Test\MXTmpFiles\rtos_inc.tmp_save
2023-09-14 17:44:56,003 [INFO] CodeEngine:279 - Generated code: C:\Users\DNK124\Desktop\Priyesh\STM32\FreeRTOS_Test\MXTmpFiles\rtos_inc.tmp
2023-09-14 17:44:56,012 [INFO] CodeEngine:255 - oldGeneratedFile, C:\Users\DNK124\Desktop\Priyesh\STM32\FreeRTOS_Test\MXTmpFiles\rtos_kernelInit.tmp_save
2023-09-14 17:44:56,093 [INFO] CodeEngine:279 - Generated code: C:\Users\DNK124\Desktop\Priyesh\STM32\FreeRTOS_Test\MXTmpFiles\rtos_kernelInit.tmp
2023-09-14 17:44:56,100 [INFO] CodeEngine:255 - oldGeneratedFile, C:\Users\DNK124\Desktop\Priyesh\STM32\FreeRTOS_Test\MXTmpFiles\rtos_kernelStart.tmp_save
2023-09-14 17:44:56,177 [INFO] CodeEngine:279 - Generated code: C:\Users\DNK124\Desktop\Priyesh\STM32\FreeRTOS_Test\MXTmpFiles\rtos_kernelStart.tmp
2023-09-14 17:44:56,184 [INFO] CodeEngine:255 - oldGeneratedFile, C:\Users\DNK124\Desktop\Priyesh\STM32\FreeRTOS_Test\MXTmpFiles\rtos_typedefs.tmp_save
2023-09-14 17:44:56,259 [INFO] CodeEngine:279 - Generated code: C:\Users\DNK124\Desktop\Priyesh\STM32\FreeRTOS_Test\MXTmpFiles\rtos_typedefs.tmp
2023-09-14 17:44:56,274 [INFO] CodeEngine:255 - oldGeneratedFile, C:\Users\DNK124\Desktop\Priyesh\STM32\FreeRTOS_Test\MXTmpFiles\rtos_vars.tmp_save
2023-09-14 17:44:56,360 [INFO] CodeEngine:279 - Generated code: C:\Users\DNK124\Desktop\Priyesh\STM32\FreeRTOS_Test\MXTmpFiles\rtos_vars.tmp
2023-09-14 17:44:56,375 [INFO] CodeEngine:255 - oldGeneratedFile, C:\Users\DNK124\Desktop\Priyesh\STM32\FreeRTOS_Test\MXTmpFiles\rtos_pfp.tmp_save
2023-09-14 17:44:56,450 [INFO] CodeEngine:279 - Generated code: C:\Users\DNK124\Desktop\Priyesh\STM32\FreeRTOS_Test\MXTmpFiles\rtos_pfp.tmp
2023-09-14 17:44:56,465 [INFO] CodeEngine:255 - oldGeneratedFile, C:\Users\DNK124\Desktop\Priyesh\STM32\FreeRTOS_Test\MXTmpFiles\rtos_obj_creat.tmp_save
2023-09-14 17:44:56,550 [INFO] CodeEngine:279 - Generated code: C:\Users\DNK124\Desktop\Priyesh\STM32\FreeRTOS_Test\MXTmpFiles\rtos_obj_creat.tmp
2023-09-14 17:44:56,559 [INFO] CodeEngine:255 - oldGeneratedFile, C:\Users\DNK124\Desktop\Priyesh\STM32\FreeRTOS_Test\MXTmpFiles\rtos_default_thread.tmp_save
2023-09-14 17:44:56,682 [INFO] CodeEngine:279 - Generated code: C:\Users\DNK124\Desktop\Priyesh\STM32\FreeRTOS_Test\MXTmpFiles\rtos_default_thread.tmp
2023-09-14 17:44:56,689 [INFO] CodeEngine:255 - oldGeneratedFile, C:\Users\DNK124\Desktop\Priyesh\STM32\FreeRTOS_Test\MXTmpFiles\rtos_threads.tmp_save
2023-09-14 17:44:56,791 [INFO] CodeEngine:279 - Generated code: C:\Users\DNK124\Desktop\Priyesh\STM32\FreeRTOS_Test\MXTmpFiles\rtos_threads.tmp
2023-09-14 17:44:56,809 [INFO] CodeEngine:255 - oldGeneratedFile, C:\Users\DNK124\Desktop\Priyesh\STM32\FreeRTOS_Test\Core\Inc\FreeRTOSConfig.h_save
2023-09-14 17:44:56,940 [INFO] CodeEngine:279 - Generated code: C:\Users\DNK124\Desktop\Priyesh\STM32\FreeRTOS_Test\Core\Inc\FreeRTOSConfig.h
2023-09-14 17:44:56,958 [INFO] CodeEngine:255 - oldGeneratedFile, C:\Users\DNK124\Desktop\Priyesh\STM32\FreeRTOS_Test\Core\Src\freertos.c_save
2023-09-14 17:44:57,086 [INFO] CodeEngine:279 - Generated code: C:\Users\DNK124\Desktop\Priyesh\STM32\FreeRTOS_Test\Core\Src\freertos.c
2023-09-14 17:44:57,118 [INFO] CodeEngine:255 - oldGeneratedFile, C:\Users\DNK124\Desktop\Priyesh\STM32\FreeRTOS_Test\Core\Src\stm32l0xx_it.c_save
2023-09-14 17:44:57,274 [INFO] CodeEngine:279 - Generated code: C:\Users\DNK124\Desktop\Priyesh\STM32\FreeRTOS_Test\Core\Src\stm32l0xx_it.c
2023-09-14 17:44:57,282 [INFO] CodeEngine:255 - oldGeneratedFile, C:\Users\DNK124\Desktop\Priyesh\STM32\FreeRTOS_Test\Core\Inc\stm32l0xx_it.h_save
2023-09-14 17:44:57,376 [INFO] CodeEngine:279 - Generated code: C:\Users\DNK124\Desktop\Priyesh\STM32\FreeRTOS_Test\Core\Inc\stm32l0xx_it.h
2023-09-14 17:44:57,407 [INFO] CodeEngine:255 - oldGeneratedFile, C:\Users\DNK124\Desktop\Priyesh\STM32\FreeRTOS_Test\Core\Src\stm32l0xx_hal_msp.c_save
2023-09-14 17:44:57,569 [INFO] CodeEngine:279 - Generated code: C:\Users\DNK124\Desktop\Priyesh\STM32\FreeRTOS_Test\Core\Src\stm32l0xx_hal_msp.c
2023-09-14 17:44:57,577 [INFO] CodeEngine:255 - oldGeneratedFile, C:\Users\DNK124\Desktop\Priyesh\STM32\FreeRTOS_Test\MXTmpFiles\system.tmp_save
2023-09-14 17:44:57,661 [INFO] CodeEngine:279 - Generated code: C:\Users\DNK124\Desktop\Priyesh\STM32\FreeRTOS_Test\MXTmpFiles\system.tmp
2023-09-14 17:44:57,677 [INFO] CodeEngine:255 - oldGeneratedFile, C:\Users\DNK124\Desktop\Priyesh\STM32\FreeRTOS_Test\Core\Src\stm32l0xx_hal_timebase_tim.c_save
2023-09-14 17:44:57,771 [INFO] CodeEngine:279 - Generated code: C:\Users\DNK124\Desktop\Priyesh\STM32\FreeRTOS_Test\Core\Src\stm32l0xx_hal_timebase_tim.c
2023-09-14 17:44:57,798 [INFO] CodeEngine:311 - oldGeneratedFile, C:\Users\DNK124\Desktop\Priyesh\STM32\FreeRTOS_Test\Core\Inc\stm32l0xx_hal_conf.h_save
2023-09-14 17:44:57,934 [INFO] CodeEngine:335 - Generated code: C:\Users\DNK124\Desktop\Priyesh\STM32\FreeRTOS_Test\Core\Inc\stm32l0xx_hal_conf.h
2023-09-14 17:44:57,991 [INFO] CodeEngine:255 - oldGeneratedFile, C:\Users\DNK124\Desktop\Priyesh\STM32\FreeRTOS_Test\Core\Inc\main.h_save
2023-09-14 17:44:58,109 [INFO] CodeEngine:279 - Generated code: C:\Users\DNK124\Desktop\Priyesh\STM32\FreeRTOS_Test\Core\Inc\main.h
2023-09-14 17:44:58,135 [INFO] CodeEngine:255 - oldGeneratedFile, C:\Users\DNK124\Desktop\Priyesh\STM32\FreeRTOS_Test\Core\Src\main.c_save
2023-09-14 17:44:58,333 [INFO] CodeEngine:279 - Generated code: C:\Users\DNK124\Desktop\Priyesh\STM32\FreeRTOS_Test\Core\Src\main.c
2023-09-14 17:44:59,193 [INFO] ProjectBuilder:3064 - Time for Copy HAL[1] : 288mS.
2023-09-14 17:44:59,201 [INFO] ProjectBuilder:4404 - Project Generator version: 4.1.0
2023-09-14 17:44:59,476 [INFO] ConfigFileManager:1457 - The Die is : DIE417
2023-09-14 17:45:02,316 [INFO] ProjectBuilder:4626 - Time for Generating toolchain IDE Files: 3115mS.
2023-09-14 17:45:02,317 [INFO] ProjectBuilder:2935 - Time for Copy CMSIS : 0mS.
2023-09-14 17:45:02,328 [INFO] ProjectBuilder:2935 - Time for Copy CMSIS : 0mS.
