2023-09-08 14:06:02,881 [INFO] Activator:176 - 


2023-09-08 14:06:02,890 [INFO] Activator:177 - !SESSION log4j initialized
2023-09-08 14:06:08,485 [INFO] LogOutputStream:77 - [STDOUT_REDIRECT] 
2023-09-08 14:06:12,710 [INFO] ApplicationProperties:184 - Using Application install path: C:\ST\STM32CubeIDE_1.13.1\STM32CubeIDE\plugins\com.st.stm32cube.common.mx_6.9.1.202307191849
2023-09-08 14:06:12,743 [INFO] DbMcusXml:78 - Set database path to: C:\ST\STM32CubeIDE_1.13.1\STM32CubeIDE\plugins\com.st.stm32cube.common.mx_6.9.1.202307191849\\db\/mcu/
2023-09-08 14:06:12,743 [INFO] ApiDb:274 - Set plugin database path to: C:\ST\STM32CubeIDE_1.13.1\STM32CubeIDE\plugins\com.st.stm32cube.common.mx_6.9.1.202307191849\\db\/plugins/boardmanager/
2023-09-08 14:06:12,744 [WARN] ApiDb:259 - Overriding images path with different value:  => C:\ST\STM32CubeIDE_1.13.1\STM32CubeIDE\plugins\com.st.stm32cube.common.mx_6.9.1.202307191849\\db\/plugins/mcufinder/images/
2023-09-08 14:06:12,761 [INFO] ApiDb:250 - Set database path to: C:\Users\DNK124\.stmcufinder\plugins\mcufinder//mcu/
2023-09-08 14:06:12,763 [INFO] DbMcusAds:125 - Set database path to: C:\Users\DNK124\.stmcufinder\plugins\mcufinder//mcu/
2023-09-08 14:06:12,765 [INFO] CrossReferenceDbSqlite:203 - Set database path to: C:\Users\DNK124\.stmcufinder\plugins\mcufinder//mcu/cs/
2023-09-08 14:06:12,942 [INFO] RulesReader:64 - Compatibility file has been processed (293 Rules)
2023-09-08 14:06:13,068 [INFO] DbMcusXml:78 - Set database path to: C:\ST\STM32CubeIDE_1.13.1\STM32CubeIDE\plugins\com.st.stm32cube.common.mx_6.9.1.202307191849\\db\/mcu/
2023-09-08 14:06:13,068 [INFO] ApiDb:274 - Set plugin database path to: C:\ST\STM32CubeIDE_1.13.1\STM32CubeIDE\plugins\com.st.stm32cube.common.mx_6.9.1.202307191849\\db\/plugins/boardmanager/
2023-09-08 14:06:13,068 [INFO] ApiDb:261 - Set plugin images path to: C:\ST\STM32CubeIDE_1.13.1\STM32CubeIDE\plugins\com.st.stm32cube.common.mx_6.9.1.202307191849\\db\/plugins/mcufinder/images/
2023-09-08 14:06:13,069 [WARN] DbFile:41 - Overriding database path with different value: C:\Users\DNK124\.stmcufinder\plugins\mcufinder/ => C:\Users\DNK124\.stmcufinder\plugins\mcufinder
2023-09-08 14:06:13,069 [INFO] ApiDb:250 - Set database path to: C:\Users\DNK124\.stmcufinder\plugins\mcufinder//mcu/
2023-09-08 14:06:13,069 [WARN] DbFile:41 - Overriding database path with different value: C:\Users\DNK124\.stmcufinder\plugins\mcufinder/ => C:\Users\DNK124\.stmcufinder\plugins\mcufinder
2023-09-08 14:06:13,070 [INFO] DbMcusAds:125 - Set database path to: C:\Users\DNK124\.stmcufinder\plugins\mcufinder//mcu/
2023-09-08 14:06:13,070 [WARN] DbFile:41 - Overriding database path with different value: C:\Users\DNK124\.stmcufinder\plugins\mcufinder/ => C:\Users\DNK124\.stmcufinder\plugins\mcufinder
2023-09-08 14:06:13,070 [WARN] DbFile:41 - Overriding database path with different value: C:\Users\DNK124\.stmcufinder\plugins\mcufinder/ => C:\Users\DNK124\.stmcufinder\plugins\mcufinder
2023-09-08 14:06:13,070 [INFO] CrossReferenceDbSqlite:203 - Set database path to: C:\Users\DNK124\.stmcufinder\plugins\mcufinder//mcu/cs/
2023-09-08 14:06:13,200 [INFO] MainPanel:262 - HeapMemory: 268435456
2023-09-08 14:06:13,335 [INFO] DbMcusXml:78 - Set database path to: C:\ST\STM32CubeIDE_1.13.1\STM32CubeIDE\plugins\com.st.stm32cube.common.mx_6.9.1.202307191849\\db\/mcu/
2023-09-08 14:06:13,335 [INFO] ApiDb:274 - Set plugin database path to: C:\ST\STM32CubeIDE_1.13.1\STM32CubeIDE\plugins\com.st.stm32cube.common.mx_6.9.1.202307191849\\db\/plugins/boardmanager/
2023-09-08 14:06:13,336 [INFO] ApiDb:261 - Set plugin images path to: C:\ST\STM32CubeIDE_1.13.1\STM32CubeIDE\plugins\com.st.stm32cube.common.mx_6.9.1.202307191849\\db\/plugins/mcufinder/images/
2023-09-08 14:06:13,337 [WARN] DbFile:41 - Overriding database path with different value: C:\Users\DNK124\.stmcufinder\plugins\mcufinder/ => C:\Users\DNK124\.stmcufinder\plugins\mcufinder
2023-09-08 14:06:13,337 [INFO] ApiDb:250 - Set database path to: C:\Users\DNK124\.stmcufinder\plugins\mcufinder//mcu/
2023-09-08 14:06:13,337 [WARN] DbFile:41 - Overriding database path with different value: C:\Users\DNK124\.stmcufinder\plugins\mcufinder/ => C:\Users\DNK124\.stmcufinder\plugins\mcufinder
2023-09-08 14:06:13,337 [INFO] DbMcusAds:125 - Set database path to: C:\Users\DNK124\.stmcufinder\plugins\mcufinder//mcu/
2023-09-08 14:06:13,337 [WARN] DbFile:41 - Overriding database path with different value: C:\Users\DNK124\.stmcufinder\plugins\mcufinder/ => C:\Users\DNK124\.stmcufinder\plugins\mcufinder
2023-09-08 14:06:13,338 [WARN] DbFile:41 - Overriding database path with different value: C:\Users\DNK124\.stmcufinder\plugins\mcufinder/ => C:\Users\DNK124\.stmcufinder\plugins\mcufinder
2023-09-08 14:06:13,338 [INFO] CrossReferenceDbSqlite:203 - Set database path to: C:\Users\DNK124\.stmcufinder\plugins\mcufinder//mcu/cs/
2023-09-08 14:06:13,363 [INFO] ApplicationProperties:184 - Using Application install path: C:\ST\STM32CubeIDE_1.13.1\STM32CubeIDE\plugins\com.st.stm32cube.common.mx_6.9.1.202307191849
2023-09-08 14:06:13,365 [INFO] PluginManage:196 - Search for loadable plugins [exclusion list=, ]
2023-09-08 14:06:13,367 [INFO] PluginManage:310 - Check plugin analytics
2023-09-08 14:06:13,700 [INFO] AnalyticsPlugin:253 - Accepted Software Licenses: 
2023-09-08 14:06:13,700 [INFO] AnalyticsPlugin:255 - Accepted CMSIS Pack Licenses: 
2023-09-08 14:06:13,701 [INFO] AnalyticsPlugin:257 - Accepted Firmware Licenses: FW.L4.1.18.0
2023-09-08 14:06:13,709 [INFO] PluginManage:359 - Loaded plugin analytics (category:tool,tabindex:-1)
2023-09-08 14:06:13,709 [INFO] PluginManage:310 - Check plugin cadmodel
2023-09-08 14:06:13,739 [INFO] CADModel:105 - Init CAD model plugin
2023-09-08 14:06:13,740 [INFO] PluginManage:359 - Loaded plugin cadmodel (category:power,tabindex:5)
2023-09-08 14:06:13,741 [INFO] PluginManage:310 - Check plugin clock
2023-09-08 14:06:13,779 [INFO] PluginManage:359 - Loaded plugin clock (category:base,tabindex:2)
2023-09-08 14:06:13,779 [INFO] PluginManage:310 - Check plugin ddr
2023-09-08 14:06:13,783 [INFO] PluginManage:359 - Loaded plugin ddr (category:tool,tabindex:6)
2023-09-08 14:06:13,784 [INFO] PluginManage:310 - Check plugin filemanager
2023-09-08 14:06:14,021 [INFO] PluginManage:359 - Loaded plugin filemanager (category:base,tabindex:10)
2023-09-08 14:06:14,021 [INFO] PluginManage:310 - Check plugin ipmanager
2023-09-08 14:06:14,037 [INFO] PluginManage:359 - Loaded plugin ipmanager (category:base,tabindex:5)
2023-09-08 14:06:14,037 [INFO] PluginManage:310 - Check plugin lpbam
2023-09-08 14:06:14,059 [INFO] PluginManage:359 - Loaded plugin lpbam (category:base,tabindex:0)
2023-09-08 14:06:14,060 [INFO] PluginManage:310 - Check plugin memorymap
2023-09-08 14:06:14,091 [INFO] PluginManage:359 - Loaded plugin memorymap (category:base,tabindex:4)
2023-09-08 14:06:14,091 [INFO] PluginManage:310 - Check plugin pinoutandconfiguration
2023-09-08 14:06:14,117 [INFO] PluginManage:359 - Loaded plugin pinoutandconfiguration (category:base,tabindex:1)
2023-09-08 14:06:14,117 [INFO] PluginManage:310 - Check plugin pinoutconfig
2023-09-08 14:06:14,259 [WARN] SupportedApi:132 - Cannot load RTOS API schema: s4s-elt-must-match.1: The content of 'definitions' must match (annotation?, (simpleType | complexType)?, (unique | key | keyref)*)). A problem was found starting at: attribute.
2023-09-08 14:06:14,484 [INFO] PluginManage:359 - Loaded plugin pinoutconfig (category:base,tabindex:0)
2023-09-08 14:06:14,484 [INFO] PluginManage:310 - Check plugin power
2023-09-08 14:06:14,531 [INFO] PluginManage:359 - Loaded plugin power (category:power,tabindex:4)
2023-09-08 14:06:14,532 [INFO] PluginManage:310 - Check plugin projectmanager
2023-09-08 14:06:14,566 [INFO] PluginManage:359 - Loaded plugin projectmanager (category:projectmanager,tabindex:3)
2023-09-08 14:06:14,567 [INFO] PluginManage:310 - Check plugin thirdparty
2023-09-08 14:06:14,999 [INFO] PluginManage:359 - Loaded plugin thirdparty (category:base,tabindex:-1)
2023-09-08 14:06:14,999 [INFO] PluginManage:310 - Check plugin tools
2023-09-08 14:06:14,999 [WARN] IntegrityCheckThread:84 - waiting for thirdparty lock release [integrity check]
2023-09-08 14:06:15,000 [INFO] IntegrityCheckThread:86 - entering critical section [integrity check]
2023-09-08 14:06:15,000 [INFO] ThirdPartyUpdaterWithRetryManager:70 - Updater plugin not ready yet. [1/15]
2023-09-08 14:06:15,041 [INFO] PluginManage:359 - Loaded plugin tools (category:base,tabindex:7)
2023-09-08 14:06:15,041 [INFO] PluginManage:310 - Check plugin tutovideos
2023-09-08 14:06:15,350 [INFO] PluginManage:359 - Loaded plugin tutovideos (category:base,tabindex:-1)
2023-09-08 14:06:15,351 [INFO] PluginManage:310 - Check plugin updater
2023-09-08 14:06:15,371 [INFO] PluginManage:359 - Loaded plugin updater (category:base,tabindex:12)
2023-09-08 14:06:15,372 [INFO] PluginManage:310 - Check plugin userauth
2023-09-08 14:06:15,381 [INFO] UserAuth:113 - Init User Auth plugin
2023-09-08 14:06:15,382 [INFO] PluginManage:359 - Loaded plugin userauth (category:base,tabindex:14)
2023-09-08 14:06:15,383 [INFO] PluginManage:283 - PluginManage : Loaded plugins [17]
2023-09-08 14:06:15,746 [INFO] PinOutPanel:1499 - setPackage(No Configuration,No Configuration)
2023-09-08 14:06:15,913 [INFO] CADModel:165 - CPN selected for project level
2023-09-08 14:06:15,914 [INFO] CADModel:114 - Register for checkConnection events
2023-09-08 14:06:15,952 [INFO] IPUIPlugin:80 - create IPUIPlugin
2023-09-08 14:06:15,952 [INFO] PluginManager:220 - loadIPPluginJar : add adc
2023-09-08 14:06:16,028 [INFO] IPUIPlugin:80 - create IPUIPlugin
2023-09-08 14:06:16,028 [INFO] PluginManager:220 - loadIPPluginJar : add aes
2023-09-08 14:06:16,105 [INFO] IPUIPlugin:80 - create IPUIPlugin
2023-09-08 14:06:16,105 [INFO] PluginManager:220 - loadIPPluginJar : add can
2023-09-08 14:06:16,137 [INFO] IPUIPlugin:80 - create IPUIPlugin
2023-09-08 14:06:16,138 [INFO] PluginManager:220 - loadIPPluginJar : add comp
2023-09-08 14:06:16,185 [INFO] IPUIPlugin:80 - create IPUIPlugin
2023-09-08 14:06:16,185 [INFO] PluginManager:220 - loadIPPluginJar : add cryp
2023-09-08 14:06:16,231 [INFO] IPUIPlugin:80 - create IPUIPlugin
2023-09-08 14:06:16,231 [INFO] PluginManager:220 - loadIPPluginJar : add dfsdm
2023-09-08 14:06:16,256 [INFO] IPUIPlugin:80 - create IPUIPlugin
2023-09-08 14:06:16,257 [INFO] PluginManager:220 - loadIPPluginJar : add dma
2023-09-08 14:06:16,320 [INFO] IPUIPlugin:80 - create IPUIPlugin
2023-09-08 14:06:16,321 [INFO] PluginManager:220 - loadIPPluginJar : add dma3
2023-09-08 14:06:16,349 [INFO] IPUIPlugin:80 - create IPUIPlugin
2023-09-08 14:06:16,350 [INFO] PluginManager:220 - loadIPPluginJar : add fatfs
2023-09-08 14:06:16,409 [INFO] IPUIPlugin:80 - create IPUIPlugin
2023-09-08 14:06:16,409 [INFO] PluginManager:220 - loadIPPluginJar : add fmc
2023-09-08 14:06:16,430 [INFO] IPUIPlugin:80 - create IPUIPlugin
2023-09-08 14:06:16,430 [INFO] PluginManager:220 - loadIPPluginJar : add freertos
2023-09-08 14:06:16,455 [INFO] IPUIPlugin:80 - create IPUIPlugin
2023-09-08 14:06:16,455 [INFO] PluginManager:220 - loadIPPluginJar : add genericplugin
2023-09-08 14:06:16,573 [INFO] IPUIPlugin:80 - create IPUIPlugin
2023-09-08 14:06:16,573 [INFO] PluginManager:220 - loadIPPluginJar : add gfxmmu
2023-09-08 14:06:16,739 [INFO] IPUIPlugin:80 - create IPUIPlugin
2023-09-08 14:06:16,739 [INFO] PluginManager:220 - loadIPPluginJar : add gic
2023-09-08 14:06:16,756 [INFO] IPUIPlugin:80 - create IPUIPlugin
2023-09-08 14:06:16,756 [INFO] PluginManager:220 - loadIPPluginJar : add gpio
2023-09-08 14:06:16,871 [INFO] IPUIPlugin:80 - create IPUIPlugin
2023-09-08 14:06:16,871 [INFO] PluginManager:220 - loadIPPluginJar : add gtzc
2023-09-08 14:06:16,914 [INFO] IPUIPlugin:80 - create IPUIPlugin
2023-09-08 14:06:16,914 [INFO] PluginManager:220 - loadIPPluginJar : add hash
2023-09-08 14:06:16,979 [INFO] IPUIPlugin:80 - create IPUIPlugin
2023-09-08 14:06:16,979 [INFO] PluginManager:220 - loadIPPluginJar : add i2c
2023-09-08 14:06:17,028 [INFO] IPUIPlugin:80 - create IPUIPlugin
2023-09-08 14:06:17,028 [INFO] PluginManager:220 - loadIPPluginJar : add i2s
2023-09-08 14:06:17,080 [INFO] IPUIPlugin:80 - create IPUIPlugin
2023-09-08 14:06:17,080 [INFO] PluginManager:220 - loadIPPluginJar : add i3c
2023-09-08 14:06:17,219 [INFO] IPUIPlugin:80 - create IPUIPlugin
2023-09-08 14:06:17,220 [INFO] PluginManager:220 - loadIPPluginJar : add ipddr
2023-09-08 14:06:17,334 [INFO] IPUIPlugin:80 - create IPUIPlugin
2023-09-08 14:06:17,335 [INFO] PluginManager:220 - loadIPPluginJar : add linkedlist
2023-09-08 14:06:17,376 [INFO] IPUIPlugin:80 - create IPUIPlugin
2023-09-08 14:06:17,376 [INFO] PluginManager:220 - loadIPPluginJar : add lorawan
2023-09-08 14:06:17,420 [INFO] IPUIPlugin:80 - create IPUIPlugin
2023-09-08 14:06:17,420 [INFO] PluginManager:220 - loadIPPluginJar : add ltdc
2023-09-08 14:06:17,438 [INFO] IPUIPlugin:80 - create IPUIPlugin
2023-09-08 14:06:17,438 [INFO] PluginManager:220 - loadIPPluginJar : add mdma
2023-09-08 14:06:17,452 [INFO] IPUIPlugin:80 - create IPUIPlugin
2023-09-08 14:06:17,453 [INFO] PluginManager:220 - loadIPPluginJar : add nvic
2023-09-08 14:06:17,495 [INFO] IPUIPlugin:80 - create IPUIPlugin
2023-09-08 14:06:17,495 [INFO] PluginManager:220 - loadIPPluginJar : add opamp
2023-09-08 14:06:17,566 [INFO] IPUIPlugin:80 - create IPUIPlugin
2023-09-08 14:06:17,567 [INFO] PluginManager:220 - loadIPPluginJar : add openamp
2023-09-08 14:06:17,619 [INFO] IPUIPlugin:80 - create IPUIPlugin
2023-09-08 14:06:17,619 [INFO] PluginManager:220 - loadIPPluginJar : add pdm2pcm
2023-09-08 14:06:17,636 [INFO] IPUIPlugin:80 - create IPUIPlugin
2023-09-08 14:06:17,639 [INFO] PluginManager:220 - loadIPPluginJar : add plateformsettings
2023-09-08 14:06:17,664 [INFO] IPUIPlugin:80 - create IPUIPlugin
2023-09-08 14:06:17,665 [INFO] PluginManager:220 - loadIPPluginJar : add quadspi
2023-09-08 14:06:17,680 [INFO] IPUIPlugin:80 - create IPUIPlugin
2023-09-08 14:06:17,681 [INFO] PluginManager:220 - loadIPPluginJar : add resmgrutility
2023-09-08 14:06:17,739 [INFO] IPUIPlugin:80 - create IPUIPlugin
2023-09-08 14:06:17,739 [INFO] PluginManager:220 - loadIPPluginJar : add sai
2023-09-08 14:06:17,784 [INFO] IPUIPlugin:80 - create IPUIPlugin
2023-09-08 14:06:17,784 [INFO] PluginManager:220 - loadIPPluginJar : add spi
2023-09-08 14:06:17,853 [INFO] IPUIPlugin:80 - create IPUIPlugin
2023-09-08 14:06:17,854 [INFO] PluginManager:220 - loadIPPluginJar : add stm32_wpan
2023-09-08 14:06:17,883 [INFO] IPUIPlugin:80 - create IPUIPlugin
2023-09-08 14:06:17,883 [INFO] PluginManager:220 - loadIPPluginJar : add tim
2023-09-08 14:06:17,950 [INFO] IPUIPlugin:80 - create IPUIPlugin
2023-09-08 14:06:17,950 [INFO] PluginManager:220 - loadIPPluginJar : add touchsensing
2023-09-08 14:06:17,978 [INFO] IPUIPlugin:80 - create IPUIPlugin
2023-09-08 14:06:17,978 [INFO] PluginManager:220 - loadIPPluginJar : add tracer_emb
2023-09-08 14:06:18,001 [INFO] ThirdPartyUpdaterWithRetryManager:70 - Updater plugin not ready yet. [2/15]
2023-09-08 14:06:18,005 [INFO] IPUIPlugin:80 - create IPUIPlugin
2023-09-08 14:06:18,006 [INFO] PluginManager:220 - loadIPPluginJar : add ts
2023-09-08 14:06:18,030 [INFO] IPUIPlugin:80 - create IPUIPlugin
2023-09-08 14:06:18,031 [INFO] PluginManager:220 - loadIPPluginJar : add tsc
2023-09-08 14:06:18,057 [INFO] IPUIPlugin:80 - create IPUIPlugin
2023-09-08 14:06:18,057 [INFO] PluginManager:220 - loadIPPluginJar : add ucpd
2023-09-08 14:06:18,110 [INFO] IPUIPlugin:80 - create IPUIPlugin
2023-09-08 14:06:18,110 [INFO] PluginManager:220 - loadIPPluginJar : add usart
2023-09-08 14:06:18,170 [INFO] IPUIPlugin:80 - create IPUIPlugin
2023-09-08 14:06:18,170 [INFO] PluginManager:220 - loadIPPluginJar : add usbx
2023-09-08 14:06:18,323 [INFO] CADModel:165 - CPN selected for project level
2023-09-08 14:06:18,323 [INFO] CADModel:114 - Register for checkConnection events
2023-09-08 14:06:18,324 [FATAL] Updater:308 - Updater called before beeing initialized
2023-09-08 14:06:18,324 [ERROR] CADModel:125 - Updater not yet initialized, retry later 
2023-09-08 14:06:18,529 [INFO] CADModel:165 - CPN selected for project level
2023-09-08 14:06:18,529 [INFO] CADModel:114 - Register for checkConnection events
2023-09-08 14:06:18,529 [FATAL] Updater:308 - Updater called before beeing initialized
2023-09-08 14:06:18,529 [ERROR] CADModel:125 - Updater not yet initialized, retry later 
2023-09-08 14:06:18,533 [FATAL] Updater:308 - Updater called before beeing initialized
2023-09-08 14:06:18,714 [FATAL] Updater:308 - Updater called before beeing initialized
2023-09-08 14:06:18,734 [INFO] DbMcusAds:53 - JSON generation date=Tue Mar 07 14:20:55 IST 2023 (1678179055114)
2023-09-08 14:06:18,734 [FATAL] Updater:308 - Updater called before beeing initialized
2023-09-08 14:06:18,793 [WARN] DetailPanel:346 - Failed to get advertising image, set to default
2023-09-08 14:06:18,930 [FATAL] Updater:308 - Updater called before beeing initialized
2023-09-08 14:06:18,933 [FATAL] Updater:308 - Updater called before beeing initialized
2023-09-08 14:06:18,933 [FATAL] Updater:308 - Updater called before beeing initialized
2023-09-08 14:06:18,934 [WARN] DetailPanel:346 - Failed to get advertising image, set to default
2023-09-08 14:06:18,935 [FATAL] Updater:308 - Updater called before beeing initialized
2023-09-08 14:06:19,021 [ERROR] Updater:1120 - MainUpdater not yet initialized. External WinMGr cannot be set.
2023-09-08 14:06:19,034 [INFO] Updater:1056 - Updater Version found : 6.9.1
2023-09-08 14:06:19,054 [INFO] ApplicationProperties:184 - Using Application install path: C:\ST\STM32CubeIDE_1.13.1\STM32CubeIDE\plugins\com.st.stm32cube.common.mx_6.9.1.202307191849
2023-09-08 14:06:19,309 [INFO] MainUpdater:2868 - connection check result : 10
2023-09-08 14:06:19,310 [INFO] MainUpdater:3562 - Updater definition file requires update
2023-09-08 14:06:19,313 [INFO] MainUpdater:285 - Updater Check For Update Now.
2023-09-08 14:06:19,313 [INFO] MicroXplorer:498 - Change Database Version : DB.6.0.91
2023-09-08 14:06:19,338 [INFO] McuFinderGlobals:63 - Set McuFinder mode to 2 (CubeIDE integrated)
2023-09-08 14:06:19,396 [INFO] ServerAccessManage:473 - Download File updaters.zip
2023-09-08 14:06:20,561 [INFO] FileExtend:240 - Unzip File : updaters.zip
2023-09-08 14:06:20,561 [INFO] FileExtend:255 - Standard Zip Deflate
2023-09-08 14:06:21,009 [WARN] MainUpdater:1189 - Updater busy. Cannot search thirdparties
2023-09-08 14:06:21,010 [INFO] ThirdPartyUpdaterWithRetryManager:96 - Updater plugin is busy. [1/15]
2023-09-08 14:06:21,381 [INFO] ServerAccessManage:473 - Download File PacksControlFlags.xml
2023-09-08 14:06:21,687 [INFO] ServerAccessManage:473 - Download File cubemx.pidx
2023-09-08 14:06:23,937 [INFO] ServerAccessManage:473 - Download File STMicroelectronics.X-CUBE-NFC6.pdsc
2023-09-08 14:06:24,012 [WARN] MainUpdater:1189 - Updater busy. Cannot search thirdparties
2023-09-08 14:06:24,012 [INFO] ThirdPartyUpdaterWithRetryManager:96 - Updater plugin is busy. [2/15]
2023-09-08 14:06:26,122 [ERROR] ServerAccessManage:1096 - Problem, Http access forbiden
2023-09-08 14:06:26,123 [ERROR] ServerAccessManage:651 - Problem, Http access forbiden : RoweBots.I-CUBE-UNISONRTOS.pdsc.
2023-09-08 14:06:26,417 [WARN] PackLoader:240 - Cannot read IP mode file for STMicroelectronics.X-CUBE-NFC6.3.0.0
2023-09-08 14:06:26,437 [INFO] PopulateThirdPartyThread:66 - Ending populate Thread
2023-09-08 14:06:26,442 [INFO] ThirdParty:1030 - CMSIS Pack Vendor :STMicroelectronics X-CUBE-NFC6 3.0.0
2023-09-08 14:06:26,442 [INFO] LoadServerUpdatesThread:373 - End of LoadServerUpdate Thread
2023-09-08 14:06:26,588 [INFO] CheckServerUpdateThread:120 - End of CheckServer Thread
2023-09-08 14:06:27,310 [WARN] PackLoader:240 - Cannot read IP mode file for STMicroelectronics.X-CUBE-SMBUS.2.1.0
2023-09-08 14:06:27,394 [WARN] PackLoader:240 - Cannot read IP mode file for STMicroelectronics.X-CUBE-AZRTOS-F7.1.1.0
2023-09-08 14:06:27,436 [WARN] PackLoader:240 - Cannot read IP mode file for STMicroelectronics.FP-SNS-MOTENV1.4.3.2
2023-09-08 14:06:27,452 [WARN] PackLoader:240 - Cannot read IP mode file for STMicroelectronics.FP-SNS-FLIGHT1.5.0.2
2023-09-08 14:06:27,485 [WARN] PackLoader:240 - Cannot read IP mode file for STMicroelectronics.X-CUBE-DISPLAY.3.0.0
2023-09-08 14:06:27,530 [WARN] PackLoader:240 - Cannot read IP mode file for STMicroelectronics.X-CUBE-BLE1.7.0.0
2023-09-08 14:06:27,557 [WARN] PackLoader:240 - Cannot read IP mode file for emotas.I-CUBE-CANOPEN.1.3.0
2023-09-08 14:06:27,582 [WARN] PackLoader:240 - Cannot read IP mode file for STMicroelectronics.X-CUBE-TOUCHGFX.4.22.0
2023-09-08 14:06:27,624 [INFO] LogOutputStream:77 - [STDOUT_REDIRECT] 1 : Invalid condition id : UX_CORESTACK_Condition cause : null
2023-09-08 14:06:27,625 [INFO] LogOutputStream:77 - [STDOUT_REDIRECT] 1 : Invalid condition id : UX_CORESTACK_Condition cause : null
2023-09-08 14:06:27,629 [INFO] LogOutputStream:77 - [STDOUT_REDIRECT] 1 : Invalid condition id : UX_CORESTACK_Condition cause : null
2023-09-08 14:06:27,632 [INFO] LogOutputStream:77 - [STDOUT_REDIRECT] 1 : Invalid condition id : UX_CORESTACK_Condition cause : null
2023-09-08 14:06:27,635 [INFO] LogOutputStream:77 - [STDOUT_REDIRECT] 1 : Invalid condition id : UX_CORESTACK_Condition cause : null
2023-09-08 14:06:27,647 [WARN] PackLoader:240 - Cannot read IP mode file for STMicroelectronics.X-CUBE-AZRTOS-WL.2.0.0
2023-09-08 14:06:27,685 [WARN] PackLoader:240 - Cannot read IP mode file for WES.I-CUBE-Cesium.1.3.0
2023-09-08 14:06:27,708 [WARN] PackLoader:240 - Cannot read IP mode file for STMicroelectronics.X-CUBE-BLE2.3.3.0
2023-09-08 14:06:27,738 [WARN] PackLoader:240 - Cannot read IP mode file for STMicroelectronics.X-CUBE-ALGOBUILD.1.3.0
2023-09-08 14:06:27,804 [WARN] PackLoader:240 - Cannot read IP mode file for STMicroelectronics.X-CUBE-AZRTOS-G0.1.1.0
2023-09-08 14:06:27,841 [WARN] PackLoader:240 - Cannot read IP mode file for STMicroelectronics.X-CUBE-NFC4.3.0.0
2023-09-08 14:06:27,867 [WARN] PackLoader:240 - Cannot read IP mode file for STMicroelectronics.FP-ATR-SIGFOX1.3.2.0
2023-09-08 14:06:27,984 [WARN] PackLoader:240 - Cannot read IP mode file for SEGGER.I-CUBE-embOS.1.3.1
2023-09-08 14:06:28,121 [WARN] PackLoader:240 - Cannot read IP mode file for STMicroelectronics.X-CUBE-GNSS1.6.0.0
2023-09-08 14:06:28,190 [WARN] PackLoader:240 - Cannot read IP mode file for STMicroelectronics.X-CUBE-AZRTOS-F4.1.1.0
2023-09-08 14:06:28,221 [WARN] PackLoader:240 - Cannot read IP mode file for wolfSSL.I-CUBE-wolfSSL.5.6.3
2023-09-08 14:06:28,276 [WARN] PackLoader:240 - Cannot read IP mode file for STMicroelectronics.X-CUBE-AZRTOS-L5.2.0.0
2023-09-08 14:06:28,398 [WARN] PackLoader:240 - Cannot read IP mode file for STMicroelectronics.X-CUBE-MEMS1.9.6.0
2023-09-08 14:06:28,807 [WARN] PackLoader:240 - Cannot read IP mode file for STMicroelectronics.X-CUBE-BLEMGR.2.0.0
2023-09-08 14:06:28,956 [WARN] ConditionMgr:438 - getConditionDescription Invalid condition id : UX DEVICE CLASS RTOS Condition cause : null
2023-09-08 14:06:28,956 [WARN] ConditionMgr:438 - getConditionDescription Invalid condition id : UX DEVICE CLASS RTOS Condition cause : null
2023-09-08 14:06:29,042 [WARN] PackLoader:240 - Cannot read IP mode file for STMicroelectronics.X-CUBE-AZRTOS-H7.3.1.0
2023-09-08 14:06:29,045 [WARN] ConditionMgr:1039 - genDependencies : Invalid condition id : UX DEVICE CLASS RTOS Condition cause : null
2023-09-08 14:06:29,046 [WARN] ConditionMgr:1039 - genDependencies : Invalid condition id : UX DEVICE CLASS RTOS Condition cause : null
2023-09-08 14:06:29,048 [WARN] ConditionMgr:1039 - genDependencies : Invalid condition id : UX DEVICE CLASS RTOS Condition cause : null
2023-09-08 14:06:29,055 [WARN] ConditionMgr:1039 - genDependencies : Invalid condition id : UX DEVICE CLASS RTOS Condition cause : null
2023-09-08 14:06:29,056 [WARN] ConditionMgr:1039 - genDependencies : Invalid condition id : UX DEVICE CLASS RTOS Condition cause : null
2023-09-08 14:06:29,105 [WARN] PackLoader:240 - Cannot read IP mode file for STMicroelectronics.X-CUBE-NFC7.1.0.1
2023-09-08 14:06:29,132 [WARN] PackLoader:240 - Cannot read IP mode file for STMicroelectronics.X-CUBE-NFC6.3.0.0
2023-09-08 14:06:29,269 [WARN] PackLoader:240 - Cannot read IP mode file for STMicroelectronics.X-CUBE-EEPRMA1.4.1.0
2023-09-08 14:06:29,308 [WARN] PackLoader:240 - Cannot read IP mode file for STMicroelectronics.X-CUBE-AI.8.1.0
2023-09-08 14:06:29,395 [WARN] ConditionMgr:438 - getConditionDescription Invalid condition id : LAN8742 Phy interface Condition cause : null
2023-09-08 14:06:29,397 [WARN] PackLoader:240 - Cannot read IP mode file for STMicroelectronics.X-CUBE-AZRTOS-L4.2.0.0
2023-09-08 14:06:29,399 [WARN] ConditionMgr:1039 - genDependencies : Invalid condition id : LAN8742 Phy interface Condition cause : null
2023-09-08 14:06:29,408 [WARN] ConditionMgr:1039 - genDependencies : Invalid condition id : LAN8742 Phy interface Condition cause : null
2023-09-08 14:06:29,413 [WARN] ConditionMgr:1039 - genDependencies : Invalid condition id : LAN8742 Phy interface Condition cause : null
2023-09-08 14:06:29,459 [WARN] PackLoader:240 - Cannot read IP mode file for STMicroelectronics.X-CUBE-SFXS2LP1.4.0.0
2023-09-08 14:06:29,521 [WARN] PackLoader:240 - Cannot read IP mode file for STMicroelectronics.X-CUBE-ISPU.1.1.0
2023-09-08 14:06:29,603 [WARN] ConditionMgr:438 - getConditionDescription Invalid condition id : UX DEVICE CLASS RTOS Condition cause : null
2023-09-08 14:06:29,603 [WARN] ConditionMgr:438 - getConditionDescription Invalid condition id : UX DEVICE CLASS RTOS Condition cause : null
2023-09-08 14:06:29,611 [WARN] PackLoader:240 - Cannot read IP mode file for STMicroelectronics.X-CUBE-AZRTOS-WB.2.0.0
2023-09-08 14:06:29,612 [WARN] ConditionMgr:1039 - genDependencies : Invalid condition id : UX DEVICE CLASS RTOS Condition cause : null
2023-09-08 14:06:29,624 [WARN] ConditionMgr:1039 - genDependencies : Invalid condition id : UX DEVICE CLASS RTOS Condition cause : null
2023-09-08 14:06:29,626 [WARN] ConditionMgr:1039 - genDependencies : Invalid condition id : UX DEVICE CLASS RTOS Condition cause : null
2023-09-08 14:06:29,627 [WARN] ConditionMgr:1039 - genDependencies : Invalid condition id : UX DEVICE CLASS RTOS Condition cause : null
2023-09-08 14:06:29,627 [WARN] ConditionMgr:1039 - genDependencies : Invalid condition id : UX DEVICE CLASS RTOS Condition cause : null
2023-09-08 14:06:29,688 [WARN] PackLoader:240 - Cannot read IP mode file for STMicroelectronics.X-CUBE-FREERTOS.1.0.1
2023-09-08 14:06:29,730 [WARN] PackLoader:240 - Cannot read IP mode file for STMicroelectronics.X-CUBE-SUBG2.5.0.0
2023-09-08 14:06:29,837 [WARN] PackLoader:240 - Cannot read IP mode file for STMicroelectronics.X-CUBE-TOF1.3.3.1
2023-09-08 14:06:29,947 [WARN] PackLoader:240 - Cannot read IP mode file for STMicroelectronics.X-CUBE-AZRTOS-G4.2.0.0
2023-09-08 14:06:29,976 [WARN] PackLoader:240 - Cannot read IP mode file for STMicroelectronics.X-CUBE-FREERTOS.1.1.0
2023-09-08 14:06:30,032 [WARN] PackLoader:240 - Cannot read IP mode file for portGmbH.I-Cube-SoM-uGOAL.1.1.0
2023-09-08 14:06:30,082 [WARN] PackLoader:240 - Cannot read IP mode file for STMicroelectronics.X-CUBE-ALS.1.0.1
2023-09-08 14:06:30,126 [WARN] PackLoader:240 - Cannot read IP mode file for STMicroelectronics.FP-ATR-ASTRA1.2.0.0
2023-09-08 14:06:30,132 [INFO] ThirdParty:978 - Integrity check success = true
2023-09-08 14:06:30,132 [INFO] IntegrityCheckThread:100 - exiting critical section [integrity check]
2023-09-08 14:06:30,133 [INFO] IntegrityCheckThread:103 - End integrity checks thread
2023-09-08 14:06:41,900 [ERROR] LogOutputStream:75 - [STDERR_REDIRECT] SLF4J: Failed to load class "org.slf4j.impl.StaticLoggerBinder".
2023-09-08 14:06:41,900 [ERROR] LogOutputStream:75 - [STDERR_REDIRECT] SLF4J: Defaulting to no-operation (NOP) logger implementation
2023-09-08 14:06:41,903 [ERROR] LogOutputStream:75 - [STDERR_REDIRECT] SLF4J: See http://www.slf4j.org/codes.html#StaticLoggerBinder for further details.
2023-09-08 18:11:33,350 [INFO] Activator:176 - 


2023-09-08 18:11:33,354 [INFO] Activator:177 - !SESSION log4j initialized
2023-09-08 18:11:40,005 [INFO] LogOutputStream:77 - [STDOUT_REDIRECT] 
2023-09-08 18:11:44,324 [INFO] ApplicationProperties:184 - Using Application install path: C:\ST\STM32CubeIDE_1.13.1\STM32CubeIDE\plugins\com.st.stm32cube.common.mx_6.9.1.202307191849
2023-09-08 18:11:44,360 [INFO] DbMcusXml:78 - Set database path to: C:\ST\STM32CubeIDE_1.13.1\STM32CubeIDE\plugins\com.st.stm32cube.common.mx_6.9.1.202307191849\\db\/mcu/
2023-09-08 18:11:44,360 [INFO] ApiDb:274 - Set plugin database path to: C:\ST\STM32CubeIDE_1.13.1\STM32CubeIDE\plugins\com.st.stm32cube.common.mx_6.9.1.202307191849\\db\/plugins/boardmanager/
2023-09-08 18:11:44,361 [WARN] ApiDb:259 - Overriding images path with different value:  => C:\ST\STM32CubeIDE_1.13.1\STM32CubeIDE\plugins\com.st.stm32cube.common.mx_6.9.1.202307191849\\db\/plugins/mcufinder/images/
2023-09-08 18:11:44,387 [INFO] ApiDb:250 - Set database path to: C:\Users\DNK124\.stmcufinder\plugins\mcufinder//mcu/
2023-09-08 18:11:44,389 [INFO] DbMcusAds:125 - Set database path to: C:\Users\DNK124\.stmcufinder\plugins\mcufinder//mcu/
2023-09-08 18:11:44,393 [INFO] CrossReferenceDbSqlite:203 - Set database path to: C:\Users\DNK124\.stmcufinder\plugins\mcufinder//mcu/cs/
2023-09-08 18:11:44,590 [INFO] RulesReader:64 - Compatibility file has been processed (293 Rules)
2023-09-08 18:11:44,740 [INFO] DbMcusXml:78 - Set database path to: C:\ST\STM32CubeIDE_1.13.1\STM32CubeIDE\plugins\com.st.stm32cube.common.mx_6.9.1.202307191849\\db\/mcu/
2023-09-08 18:11:44,741 [INFO] ApiDb:274 - Set plugin database path to: C:\ST\STM32CubeIDE_1.13.1\STM32CubeIDE\plugins\com.st.stm32cube.common.mx_6.9.1.202307191849\\db\/plugins/boardmanager/
2023-09-08 18:11:44,742 [INFO] ApiDb:261 - Set plugin images path to: C:\ST\STM32CubeIDE_1.13.1\STM32CubeIDE\plugins\com.st.stm32cube.common.mx_6.9.1.202307191849\\db\/plugins/mcufinder/images/
2023-09-08 18:11:44,742 [WARN] DbFile:41 - Overriding database path with different value: C:\Users\DNK124\.stmcufinder\plugins\mcufinder/ => C:\Users\DNK124\.stmcufinder\plugins\mcufinder
2023-09-08 18:11:44,742 [INFO] ApiDb:250 - Set database path to: C:\Users\DNK124\.stmcufinder\plugins\mcufinder//mcu/
2023-09-08 18:11:44,743 [WARN] DbFile:41 - Overriding database path with different value: C:\Users\DNK124\.stmcufinder\plugins\mcufinder/ => C:\Users\DNK124\.stmcufinder\plugins\mcufinder
2023-09-08 18:11:44,743 [INFO] DbMcusAds:125 - Set database path to: C:\Users\DNK124\.stmcufinder\plugins\mcufinder//mcu/
2023-09-08 18:11:44,743 [WARN] DbFile:41 - Overriding database path with different value: C:\Users\DNK124\.stmcufinder\plugins\mcufinder/ => C:\Users\DNK124\.stmcufinder\plugins\mcufinder
2023-09-08 18:11:44,743 [WARN] DbFile:41 - Overriding database path with different value: C:\Users\DNK124\.stmcufinder\plugins\mcufinder/ => C:\Users\DNK124\.stmcufinder\plugins\mcufinder
2023-09-08 18:11:44,743 [INFO] CrossReferenceDbSqlite:203 - Set database path to: C:\Users\DNK124\.stmcufinder\plugins\mcufinder//mcu/cs/
2023-09-08 18:11:44,887 [INFO] MainPanel:262 - HeapMemory: 268435456
2023-09-08 18:11:45,044 [INFO] DbMcusXml:78 - Set database path to: C:\ST\STM32CubeIDE_1.13.1\STM32CubeIDE\plugins\com.st.stm32cube.common.mx_6.9.1.202307191849\\db\/mcu/
2023-09-08 18:11:45,044 [INFO] ApiDb:274 - Set plugin database path to: C:\ST\STM32CubeIDE_1.13.1\STM32CubeIDE\plugins\com.st.stm32cube.common.mx_6.9.1.202307191849\\db\/plugins/boardmanager/
2023-09-08 18:11:45,045 [INFO] ApiDb:261 - Set plugin images path to: C:\ST\STM32CubeIDE_1.13.1\STM32CubeIDE\plugins\com.st.stm32cube.common.mx_6.9.1.202307191849\\db\/plugins/mcufinder/images/
2023-09-08 18:11:45,045 [WARN] DbFile:41 - Overriding database path with different value: C:\Users\DNK124\.stmcufinder\plugins\mcufinder/ => C:\Users\DNK124\.stmcufinder\plugins\mcufinder
2023-09-08 18:11:45,045 [INFO] ApiDb:250 - Set database path to: C:\Users\DNK124\.stmcufinder\plugins\mcufinder//mcu/
2023-09-08 18:11:45,045 [WARN] DbFile:41 - Overriding database path with different value: C:\Users\DNK124\.stmcufinder\plugins\mcufinder/ => C:\Users\DNK124\.stmcufinder\plugins\mcufinder
2023-09-08 18:11:45,045 [INFO] DbMcusAds:125 - Set database path to: C:\Users\DNK124\.stmcufinder\plugins\mcufinder//mcu/
2023-09-08 18:11:45,045 [WARN] DbFile:41 - Overriding database path with different value: C:\Users\DNK124\.stmcufinder\plugins\mcufinder/ => C:\Users\DNK124\.stmcufinder\plugins\mcufinder
2023-09-08 18:11:45,046 [WARN] DbFile:41 - Overriding database path with different value: C:\Users\DNK124\.stmcufinder\plugins\mcufinder/ => C:\Users\DNK124\.stmcufinder\plugins\mcufinder
2023-09-08 18:11:45,046 [INFO] CrossReferenceDbSqlite:203 - Set database path to: C:\Users\DNK124\.stmcufinder\plugins\mcufinder//mcu/cs/
2023-09-08 18:11:45,074 [INFO] ApplicationProperties:184 - Using Application install path: C:\ST\STM32CubeIDE_1.13.1\STM32CubeIDE\plugins\com.st.stm32cube.common.mx_6.9.1.202307191849
2023-09-08 18:11:45,077 [INFO] PluginManage:196 - Search for loadable plugins [exclusion list=, ]
2023-09-08 18:11:45,079 [INFO] PluginManage:310 - Check plugin analytics
2023-09-08 18:11:45,370 [INFO] AnalyticsPlugin:253 - Accepted Software Licenses: 
2023-09-08 18:11:45,370 [INFO] AnalyticsPlugin:255 - Accepted CMSIS Pack Licenses: 
2023-09-08 18:11:45,371 [INFO] AnalyticsPlugin:257 - Accepted Firmware Licenses: FW.L4.1.18.0
2023-09-08 18:11:45,376 [INFO] PluginManage:359 - Loaded plugin analytics (category:tool,tabindex:-1)
2023-09-08 18:11:45,377 [INFO] PluginManage:310 - Check plugin cadmodel
2023-09-08 18:11:45,406 [INFO] CADModel:105 - Init CAD model plugin
2023-09-08 18:11:45,406 [INFO] PluginManage:359 - Loaded plugin cadmodel (category:power,tabindex:5)
2023-09-08 18:11:45,407 [INFO] PluginManage:310 - Check plugin clock
2023-09-08 18:11:45,444 [INFO] PluginManage:359 - Loaded plugin clock (category:base,tabindex:2)
2023-09-08 18:11:45,444 [INFO] PluginManage:310 - Check plugin ddr
2023-09-08 18:11:45,450 [INFO] PluginManage:359 - Loaded plugin ddr (category:tool,tabindex:6)
2023-09-08 18:11:45,450 [INFO] PluginManage:310 - Check plugin filemanager
2023-09-08 18:11:45,678 [INFO] PluginManage:359 - Loaded plugin filemanager (category:base,tabindex:10)
2023-09-08 18:11:45,678 [INFO] PluginManage:310 - Check plugin ipmanager
2023-09-08 18:11:45,694 [INFO] PluginManage:359 - Loaded plugin ipmanager (category:base,tabindex:5)
2023-09-08 18:11:45,695 [INFO] PluginManage:310 - Check plugin lpbam
2023-09-08 18:11:45,723 [INFO] PluginManage:359 - Loaded plugin lpbam (category:base,tabindex:0)
2023-09-08 18:11:45,723 [INFO] PluginManage:310 - Check plugin memorymap
2023-09-08 18:11:45,754 [INFO] PluginManage:359 - Loaded plugin memorymap (category:base,tabindex:4)
2023-09-08 18:11:45,754 [INFO] PluginManage:310 - Check plugin pinoutandconfiguration
2023-09-08 18:11:45,777 [INFO] PluginManage:359 - Loaded plugin pinoutandconfiguration (category:base,tabindex:1)
2023-09-08 18:11:45,777 [INFO] PluginManage:310 - Check plugin pinoutconfig
2023-09-08 18:11:45,911 [WARN] SupportedApi:132 - Cannot load RTOS API schema: s4s-elt-must-match.1: The content of 'definitions' must match (annotation?, (simpleType | complexType)?, (unique | key | keyref)*)). A problem was found starting at: attribute.
2023-09-08 18:11:46,189 [INFO] PluginManage:359 - Loaded plugin pinoutconfig (category:base,tabindex:0)
2023-09-08 18:11:46,189 [INFO] PluginManage:310 - Check plugin power
2023-09-08 18:11:46,246 [INFO] PluginManage:359 - Loaded plugin power (category:power,tabindex:4)
2023-09-08 18:11:46,246 [INFO] PluginManage:310 - Check plugin projectmanager
2023-09-08 18:11:46,305 [INFO] PluginManage:359 - Loaded plugin projectmanager (category:projectmanager,tabindex:3)
2023-09-08 18:11:46,305 [INFO] PluginManage:310 - Check plugin thirdparty
2023-09-08 18:11:46,747 [INFO] PluginManage:359 - Loaded plugin thirdparty (category:base,tabindex:-1)
2023-09-08 18:11:46,747 [INFO] PluginManage:310 - Check plugin tools
2023-09-08 18:11:46,747 [WARN] IntegrityCheckThread:84 - waiting for thirdparty lock release [integrity check]
2023-09-08 18:11:46,748 [INFO] IntegrityCheckThread:86 - entering critical section [integrity check]
2023-09-08 18:11:46,749 [INFO] ThirdPartyUpdaterWithRetryManager:70 - Updater plugin not ready yet. [1/15]
2023-09-08 18:11:46,791 [INFO] PluginManage:359 - Loaded plugin tools (category:base,tabindex:7)
2023-09-08 18:11:46,791 [INFO] PluginManage:310 - Check plugin tutovideos
2023-09-08 18:11:47,062 [INFO] PluginManage:359 - Loaded plugin tutovideos (category:base,tabindex:-1)
2023-09-08 18:11:47,062 [INFO] PluginManage:310 - Check plugin updater
2023-09-08 18:11:47,079 [INFO] PluginManage:359 - Loaded plugin updater (category:base,tabindex:12)
2023-09-08 18:11:47,079 [INFO] PluginManage:310 - Check plugin userauth
2023-09-08 18:11:47,087 [INFO] UserAuth:113 - Init User Auth plugin
2023-09-08 18:11:47,088 [INFO] PluginManage:359 - Loaded plugin userauth (category:base,tabindex:14)
2023-09-08 18:11:47,089 [INFO] PluginManage:283 - PluginManage : Loaded plugins [17]
2023-09-08 18:11:47,449 [INFO] PinOutPanel:1499 - setPackage(No Configuration,No Configuration)
2023-09-08 18:11:47,629 [INFO] CADModel:165 - CPN selected for project level
2023-09-08 18:11:47,630 [INFO] CADModel:114 - Register for checkConnection events
2023-09-08 18:11:47,664 [INFO] IPUIPlugin:80 - create IPUIPlugin
2023-09-08 18:11:47,664 [INFO] PluginManager:220 - loadIPPluginJar : add adc
2023-09-08 18:11:47,707 [INFO] IPUIPlugin:80 - create IPUIPlugin
2023-09-08 18:11:47,707 [INFO] PluginManager:220 - loadIPPluginJar : add aes
2023-09-08 18:11:47,757 [INFO] IPUIPlugin:80 - create IPUIPlugin
2023-09-08 18:11:47,757 [INFO] PluginManager:220 - loadIPPluginJar : add can
2023-09-08 18:11:47,785 [INFO] IPUIPlugin:80 - create IPUIPlugin
2023-09-08 18:11:47,785 [INFO] PluginManager:220 - loadIPPluginJar : add comp
2023-09-08 18:11:47,826 [INFO] IPUIPlugin:80 - create IPUIPlugin
2023-09-08 18:11:47,826 [INFO] PluginManager:220 - loadIPPluginJar : add cryp
2023-09-08 18:11:47,862 [INFO] IPUIPlugin:80 - create IPUIPlugin
2023-09-08 18:11:47,862 [INFO] PluginManager:220 - loadIPPluginJar : add dfsdm
2023-09-08 18:11:47,878 [INFO] IPUIPlugin:80 - create IPUIPlugin
2023-09-08 18:11:47,879 [INFO] PluginManager:220 - loadIPPluginJar : add dma
2023-09-08 18:11:47,930 [INFO] IPUIPlugin:80 - create IPUIPlugin
2023-09-08 18:11:47,931 [INFO] PluginManager:220 - loadIPPluginJar : add dma3
2023-09-08 18:11:47,954 [INFO] IPUIPlugin:80 - create IPUIPlugin
2023-09-08 18:11:47,955 [INFO] PluginManager:220 - loadIPPluginJar : add fatfs
2023-09-08 18:11:48,010 [INFO] IPUIPlugin:80 - create IPUIPlugin
2023-09-08 18:11:48,010 [INFO] PluginManager:220 - loadIPPluginJar : add fmc
2023-09-08 18:11:48,034 [INFO] IPUIPlugin:80 - create IPUIPlugin
2023-09-08 18:11:48,035 [INFO] PluginManager:220 - loadIPPluginJar : add freertos
2023-09-08 18:11:48,061 [INFO] IPUIPlugin:80 - create IPUIPlugin
2023-09-08 18:11:48,061 [INFO] PluginManager:220 - loadIPPluginJar : add genericplugin
2023-09-08 18:11:48,174 [INFO] IPUIPlugin:80 - create IPUIPlugin
2023-09-08 18:11:48,175 [INFO] PluginManager:220 - loadIPPluginJar : add gfxmmu
2023-09-08 18:11:48,333 [INFO] IPUIPlugin:80 - create IPUIPlugin
2023-09-08 18:11:48,334 [INFO] PluginManager:220 - loadIPPluginJar : add gic
2023-09-08 18:11:48,351 [INFO] IPUIPlugin:80 - create IPUIPlugin
2023-09-08 18:11:48,351 [INFO] PluginManager:220 - loadIPPluginJar : add gpio
2023-09-08 18:11:48,461 [INFO] IPUIPlugin:80 - create IPUIPlugin
2023-09-08 18:11:48,461 [INFO] PluginManager:220 - loadIPPluginJar : add gtzc
2023-09-08 18:11:48,501 [INFO] IPUIPlugin:80 - create IPUIPlugin
2023-09-08 18:11:48,501 [INFO] PluginManager:220 - loadIPPluginJar : add hash
2023-09-08 18:11:48,563 [INFO] IPUIPlugin:80 - create IPUIPlugin
2023-09-08 18:11:48,563 [INFO] PluginManager:220 - loadIPPluginJar : add i2c
2023-09-08 18:11:48,610 [INFO] IPUIPlugin:80 - create IPUIPlugin
2023-09-08 18:11:48,611 [INFO] PluginManager:220 - loadIPPluginJar : add i2s
2023-09-08 18:11:48,660 [INFO] IPUIPlugin:80 - create IPUIPlugin
2023-09-08 18:11:48,660 [INFO] PluginManager:220 - loadIPPluginJar : add i3c
2023-09-08 18:11:48,791 [INFO] IPUIPlugin:80 - create IPUIPlugin
2023-09-08 18:11:48,792 [INFO] PluginManager:220 - loadIPPluginJar : add ipddr
2023-09-08 18:11:48,903 [INFO] IPUIPlugin:80 - create IPUIPlugin
2023-09-08 18:11:48,903 [INFO] PluginManager:220 - loadIPPluginJar : add linkedlist
2023-09-08 18:11:48,944 [INFO] IPUIPlugin:80 - create IPUIPlugin
2023-09-08 18:11:48,944 [INFO] PluginManager:220 - loadIPPluginJar : add lorawan
2023-09-08 18:11:48,987 [INFO] IPUIPlugin:80 - create IPUIPlugin
2023-09-08 18:11:48,988 [INFO] PluginManager:220 - loadIPPluginJar : add ltdc
2023-09-08 18:11:49,006 [INFO] IPUIPlugin:80 - create IPUIPlugin
2023-09-08 18:11:49,006 [INFO] PluginManager:220 - loadIPPluginJar : add mdma
2023-09-08 18:11:49,021 [INFO] IPUIPlugin:80 - create IPUIPlugin
2023-09-08 18:11:49,021 [INFO] PluginManager:220 - loadIPPluginJar : add nvic
2023-09-08 18:11:49,063 [INFO] IPUIPlugin:80 - create IPUIPlugin
2023-09-08 18:11:49,064 [INFO] PluginManager:220 - loadIPPluginJar : add opamp
2023-09-08 18:11:49,135 [INFO] IPUIPlugin:80 - create IPUIPlugin
2023-09-08 18:11:49,135 [INFO] PluginManager:220 - loadIPPluginJar : add openamp
2023-09-08 18:11:49,186 [INFO] IPUIPlugin:80 - create IPUIPlugin
2023-09-08 18:11:49,186 [INFO] PluginManager:220 - loadIPPluginJar : add pdm2pcm
2023-09-08 18:11:49,203 [INFO] IPUIPlugin:80 - create IPUIPlugin
2023-09-08 18:11:49,206 [INFO] PluginManager:220 - loadIPPluginJar : add plateformsettings
2023-09-08 18:11:49,232 [INFO] IPUIPlugin:80 - create IPUIPlugin
2023-09-08 18:11:49,232 [INFO] PluginManager:220 - loadIPPluginJar : add quadspi
2023-09-08 18:11:49,247 [INFO] IPUIPlugin:80 - create IPUIPlugin
2023-09-08 18:11:49,247 [INFO] PluginManager:220 - loadIPPluginJar : add resmgrutility
2023-09-08 18:11:49,304 [INFO] IPUIPlugin:80 - create IPUIPlugin
2023-09-08 18:11:49,304 [INFO] PluginManager:220 - loadIPPluginJar : add sai
2023-09-08 18:11:49,353 [INFO] IPUIPlugin:80 - create IPUIPlugin
2023-09-08 18:11:49,353 [INFO] PluginManager:220 - loadIPPluginJar : add spi
2023-09-08 18:11:49,422 [INFO] IPUIPlugin:80 - create IPUIPlugin
2023-09-08 18:11:49,423 [INFO] PluginManager:220 - loadIPPluginJar : add stm32_wpan
2023-09-08 18:11:49,452 [INFO] IPUIPlugin:80 - create IPUIPlugin
2023-09-08 18:11:49,452 [INFO] PluginManager:220 - loadIPPluginJar : add tim
2023-09-08 18:11:49,518 [INFO] IPUIPlugin:80 - create IPUIPlugin
2023-09-08 18:11:49,518 [INFO] PluginManager:220 - loadIPPluginJar : add touchsensing
2023-09-08 18:11:49,547 [INFO] IPUIPlugin:80 - create IPUIPlugin
2023-09-08 18:11:49,547 [INFO] PluginManager:220 - loadIPPluginJar : add tracer_emb
2023-09-08 18:11:49,574 [INFO] IPUIPlugin:80 - create IPUIPlugin
2023-09-08 18:11:49,574 [INFO] PluginManager:220 - loadIPPluginJar : add ts
2023-09-08 18:11:49,599 [INFO] IPUIPlugin:80 - create IPUIPlugin
2023-09-08 18:11:49,599 [INFO] PluginManager:220 - loadIPPluginJar : add tsc
2023-09-08 18:11:49,626 [INFO] IPUIPlugin:80 - create IPUIPlugin
2023-09-08 18:11:49,626 [INFO] PluginManager:220 - loadIPPluginJar : add ucpd
2023-09-08 18:11:49,681 [INFO] IPUIPlugin:80 - create IPUIPlugin
2023-09-08 18:11:49,682 [INFO] PluginManager:220 - loadIPPluginJar : add usart
2023-09-08 18:11:49,734 [INFO] IPUIPlugin:80 - create IPUIPlugin
2023-09-08 18:11:49,735 [INFO] PluginManager:220 - loadIPPluginJar : add usbx
2023-09-08 18:11:49,750 [INFO] ThirdPartyUpdaterWithRetryManager:70 - Updater plugin not ready yet. [2/15]
2023-09-08 18:11:49,888 [INFO] CADModel:165 - CPN selected for project level
2023-09-08 18:11:49,888 [INFO] CADModel:114 - Register for checkConnection events
2023-09-08 18:11:49,889 [FATAL] Updater:308 - Updater called before beeing initialized
2023-09-08 18:11:49,889 [ERROR] CADModel:125 - Updater not yet initialized, retry later 
2023-09-08 18:11:50,104 [INFO] CADModel:165 - CPN selected for project level
2023-09-08 18:11:50,104 [INFO] CADModel:114 - Register for checkConnection events
2023-09-08 18:11:50,104 [FATAL] Updater:308 - Updater called before beeing initialized
2023-09-08 18:11:50,104 [ERROR] CADModel:125 - Updater not yet initialized, retry later 
2023-09-08 18:11:50,109 [FATAL] Updater:308 - Updater called before beeing initialized
2023-09-08 18:11:50,296 [FATAL] Updater:308 - Updater called before beeing initialized
2023-09-08 18:11:50,312 [INFO] DbMcusAds:53 - JSON generation date=Tue Mar 07 14:20:55 IST 2023 (1678179055114)
2023-09-08 18:11:50,312 [FATAL] Updater:308 - Updater called before beeing initialized
2023-09-08 18:11:50,374 [WARN] DetailPanel:346 - Failed to get advertising image, set to default
2023-09-08 18:11:50,501 [FATAL] Updater:308 - Updater called before beeing initialized
2023-09-08 18:11:50,504 [FATAL] Updater:308 - Updater called before beeing initialized
2023-09-08 18:11:50,504 [FATAL] Updater:308 - Updater called before beeing initialized
2023-09-08 18:11:50,504 [WARN] DetailPanel:346 - Failed to get advertising image, set to default
2023-09-08 18:11:50,505 [FATAL] Updater:308 - Updater called before beeing initialized
2023-09-08 18:11:50,602 [ERROR] Updater:1120 - MainUpdater not yet initialized. External WinMGr cannot be set.
2023-09-08 18:11:50,615 [INFO] Updater:1056 - Updater Version found : 6.9.1
2023-09-08 18:11:50,641 [INFO] ApplicationProperties:184 - Using Application install path: C:\ST\STM32CubeIDE_1.13.1\STM32CubeIDE\plugins\com.st.stm32cube.common.mx_6.9.1.202307191849
2023-09-08 18:11:50,992 [INFO] MainUpdater:2868 - connection check result : 10
2023-09-08 18:11:50,993 [INFO] MainUpdater:285 - Updater Check For Update Now.
2023-09-08 18:11:50,994 [INFO] MicroXplorer:498 - Change Database Version : DB.6.0.91
2023-09-08 18:11:51,019 [INFO] McuFinderGlobals:63 - Set McuFinder mode to 2 (CubeIDE integrated)
2023-09-08 18:11:51,368 [INFO] CheckServerUpdateThread:120 - End of CheckServer Thread
2023-09-08 18:11:53,032 [WARN] PackLoader:240 - Cannot read IP mode file for STMicroelectronics.X-CUBE-SMBUS.2.1.0
2023-09-08 18:11:53,175 [WARN] PackLoader:240 - Cannot read IP mode file for STMicroelectronics.X-CUBE-AZRTOS-F7.1.1.0
2023-09-08 18:11:53,224 [WARN] PackLoader:240 - Cannot read IP mode file for STMicroelectronics.FP-SNS-MOTENV1.4.3.2
2023-09-08 18:11:53,253 [WARN] PackLoader:240 - Cannot read IP mode file for STMicroelectronics.FP-SNS-FLIGHT1.5.0.2
2023-09-08 18:11:53,285 [WARN] PackLoader:240 - Cannot read IP mode file for STMicroelectronics.X-CUBE-DISPLAY.3.0.0
2023-09-08 18:11:53,315 [WARN] PackLoader:240 - Cannot read IP mode file for STMicroelectronics.X-CUBE-BLE1.7.0.0
2023-09-08 18:11:53,335 [WARN] PackLoader:240 - Cannot read IP mode file for emotas.I-CUBE-CANOPEN.1.3.0
2023-09-08 18:11:53,355 [WARN] PackLoader:240 - Cannot read IP mode file for STMicroelectronics.X-CUBE-TOUCHGFX.4.22.0
2023-09-08 18:11:53,387 [INFO] LogOutputStream:77 - [STDOUT_REDIRECT] 1 : Invalid condition id : UX_CORESTACK_Condition cause : null
2023-09-08 18:11:53,388 [INFO] LogOutputStream:77 - [STDOUT_REDIRECT] 1 : Invalid condition id : UX_CORESTACK_Condition cause : null
2023-09-08 18:11:53,390 [INFO] LogOutputStream:77 - [STDOUT_REDIRECT] 1 : Invalid condition id : UX_CORESTACK_Condition cause : null
2023-09-08 18:11:53,392 [INFO] LogOutputStream:77 - [STDOUT_REDIRECT] 1 : Invalid condition id : UX_CORESTACK_Condition cause : null
2023-09-08 18:11:53,394 [INFO] LogOutputStream:77 - [STDOUT_REDIRECT] 1 : Invalid condition id : UX_CORESTACK_Condition cause : null
2023-09-08 18:11:53,412 [WARN] PackLoader:240 - Cannot read IP mode file for STMicroelectronics.X-CUBE-AZRTOS-WL.2.0.0
2023-09-08 18:11:53,446 [WARN] PackLoader:240 - Cannot read IP mode file for WES.I-CUBE-Cesium.1.3.0
2023-09-08 18:11:53,469 [WARN] PackLoader:240 - Cannot read IP mode file for STMicroelectronics.X-CUBE-BLE2.3.3.0
2023-09-08 18:11:53,501 [WARN] PackLoader:240 - Cannot read IP mode file for STMicroelectronics.X-CUBE-ALGOBUILD.1.3.0
2023-09-08 18:11:53,562 [WARN] PackLoader:240 - Cannot read IP mode file for STMicroelectronics.X-CUBE-AZRTOS-G0.1.1.0
2023-09-08 18:11:53,589 [WARN] PackLoader:240 - Cannot read IP mode file for STMicroelectronics.X-CUBE-NFC4.3.0.0
2023-09-08 18:11:53,608 [WARN] PackLoader:240 - Cannot read IP mode file for STMicroelectronics.FP-ATR-SIGFOX1.3.2.0
2023-09-08 18:11:53,691 [WARN] PackLoader:240 - Cannot read IP mode file for SEGGER.I-CUBE-embOS.1.3.1
2023-09-08 18:11:53,776 [WARN] PackLoader:240 - Cannot read IP mode file for STMicroelectronics.X-CUBE-GNSS1.6.0.0
2023-09-08 18:11:53,821 [WARN] PackLoader:240 - Cannot read IP mode file for STMicroelectronics.X-CUBE-AZRTOS-F4.1.1.0
2023-09-08 18:11:53,872 [WARN] PackLoader:240 - Cannot read IP mode file for wolfSSL.I-CUBE-wolfSSL.5.6.3
2023-09-08 18:11:53,947 [WARN] PackLoader:240 - Cannot read IP mode file for STMicroelectronics.X-CUBE-AZRTOS-L5.2.0.0
2023-09-08 18:11:54,182 [WARN] PackLoader:240 - Cannot read IP mode file for STMicroelectronics.X-CUBE-MEMS1.9.6.0
2023-09-08 18:11:54,438 [WARN] PackLoader:240 - Cannot read IP mode file for STMicroelectronics.X-CUBE-BLEMGR.2.0.0
2023-09-08 18:11:54,486 [WARN] ConditionMgr:438 - getConditionDescription Invalid condition id : UX DEVICE CLASS RTOS Condition cause : null
2023-09-08 18:11:54,486 [WARN] ConditionMgr:438 - getConditionDescription Invalid condition id : UX DEVICE CLASS RTOS Condition cause : null
2023-09-08 18:11:54,490 [WARN] PackLoader:240 - Cannot read IP mode file for STMicroelectronics.X-CUBE-AZRTOS-H7.3.1.0
2023-09-08 18:11:54,491 [WARN] ConditionMgr:1039 - genDependencies : Invalid condition id : UX DEVICE CLASS RTOS Condition cause : null
2023-09-08 18:11:54,492 [WARN] ConditionMgr:1039 - genDependencies : Invalid condition id : UX DEVICE CLASS RTOS Condition cause : null
2023-09-08 18:11:54,493 [WARN] ConditionMgr:1039 - genDependencies : Invalid condition id : UX DEVICE CLASS RTOS Condition cause : null
2023-09-08 18:11:54,493 [WARN] ConditionMgr:1039 - genDependencies : Invalid condition id : UX DEVICE CLASS RTOS Condition cause : null
2023-09-08 18:11:54,493 [WARN] ConditionMgr:1039 - genDependencies : Invalid condition id : UX DEVICE CLASS RTOS Condition cause : null
2023-09-08 18:11:54,513 [WARN] PackLoader:240 - Cannot read IP mode file for STMicroelectronics.X-CUBE-NFC7.1.0.1
2023-09-08 18:11:54,532 [WARN] PackLoader:240 - Cannot read IP mode file for STMicroelectronics.X-CUBE-NFC6.3.0.0
2023-09-08 18:11:54,555 [WARN] PackLoader:240 - Cannot read IP mode file for STMicroelectronics.X-CUBE-EEPRMA1.4.1.0
2023-09-08 18:11:54,580 [WARN] PackLoader:240 - Cannot read IP mode file for STMicroelectronics.X-CUBE-AI.8.1.0
2023-09-08 18:11:54,640 [WARN] ConditionMgr:438 - getConditionDescription Invalid condition id : LAN8742 Phy interface Condition cause : null
2023-09-08 18:11:54,641 [WARN] PackLoader:240 - Cannot read IP mode file for STMicroelectronics.X-CUBE-AZRTOS-L4.2.0.0
2023-09-08 18:11:54,646 [WARN] ConditionMgr:1039 - genDependencies : Invalid condition id : LAN8742 Phy interface Condition cause : null
2023-09-08 18:11:54,647 [WARN] ConditionMgr:1039 - genDependencies : Invalid condition id : LAN8742 Phy interface Condition cause : null
2023-09-08 18:11:54,648 [WARN] ConditionMgr:1039 - genDependencies : Invalid condition id : LAN8742 Phy interface Condition cause : null
2023-09-08 18:11:54,684 [WARN] PackLoader:240 - Cannot read IP mode file for STMicroelectronics.X-CUBE-SFXS2LP1.4.0.0
2023-09-08 18:11:54,713 [WARN] PackLoader:240 - Cannot read IP mode file for STMicroelectronics.X-CUBE-ISPU.1.1.0
2023-09-08 18:11:54,752 [WARN] ConditionMgr:438 - getConditionDescription Invalid condition id : UX DEVICE CLASS RTOS Condition cause : null
2023-09-08 18:11:54,752 [WARN] ConditionMgr:438 - getConditionDescription Invalid condition id : UX DEVICE CLASS RTOS Condition cause : null
2023-09-08 18:11:54,754 [WARN] PackLoader:240 - Cannot read IP mode file for STMicroelectronics.X-CUBE-AZRTOS-WB.2.0.0
2023-09-08 18:11:54,755 [WARN] ConditionMgr:1039 - genDependencies : Invalid condition id : UX DEVICE CLASS RTOS Condition cause : null
2023-09-08 18:11:54,755 [WARN] ConditionMgr:1039 - genDependencies : Invalid condition id : UX DEVICE CLASS RTOS Condition cause : null
2023-09-08 18:11:54,756 [WARN] ConditionMgr:1039 - genDependencies : Invalid condition id : UX DEVICE CLASS RTOS Condition cause : null
2023-09-08 18:11:54,757 [WARN] ConditionMgr:1039 - genDependencies : Invalid condition id : UX DEVICE CLASS RTOS Condition cause : null
2023-09-08 18:11:54,757 [WARN] ConditionMgr:1039 - genDependencies : Invalid condition id : UX DEVICE CLASS RTOS Condition cause : null
2023-09-08 18:11:54,774 [WARN] PackLoader:240 - Cannot read IP mode file for STMicroelectronics.X-CUBE-FREERTOS.1.0.1
2023-09-08 18:11:54,806 [WARN] PackLoader:240 - Cannot read IP mode file for STMicroelectronics.X-CUBE-SUBG2.5.0.0
2023-09-08 18:11:54,839 [WARN] PackLoader:240 - Cannot read IP mode file for STMicroelectronics.X-CUBE-TOF1.3.3.1
2023-09-08 18:11:54,894 [WARN] PackLoader:240 - Cannot read IP mode file for STMicroelectronics.X-CUBE-AZRTOS-G4.2.0.0
2023-09-08 18:11:54,915 [WARN] PackLoader:240 - Cannot read IP mode file for STMicroelectronics.X-CUBE-FREERTOS.1.1.0
2023-09-08 18:11:54,933 [WARN] PackLoader:240 - Cannot read IP mode file for portGmbH.I-Cube-SoM-uGOAL.1.1.0
2023-09-08 18:11:54,950 [WARN] PackLoader:240 - Cannot read IP mode file for STMicroelectronics.X-CUBE-ALS.1.0.1
2023-09-08 18:11:54,968 [WARN] PackLoader:240 - Cannot read IP mode file for STMicroelectronics.FP-ATR-ASTRA1.2.0.0
2023-09-08 18:11:54,970 [INFO] ThirdParty:978 - Integrity check success = true
2023-09-08 18:11:54,970 [INFO] IntegrityCheckThread:100 - exiting critical section [integrity check]
2023-09-08 18:11:54,970 [INFO] IntegrityCheckThread:103 - End integrity checks thread
2023-09-08 18:12:13,042 [ERROR] LogOutputStream:75 - [STDERR_REDIRECT] SLF4J: Failed to load class "org.slf4j.impl.StaticLoggerBinder".
2023-09-08 18:12:13,043 [ERROR] LogOutputStream:75 - [STDERR_REDIRECT] SLF4J: Defaulting to no-operation (NOP) logger implementation
2023-09-08 18:12:13,047 [ERROR] LogOutputStream:75 - [STDERR_REDIRECT] SLF4J: See http://www.slf4j.org/codes.html#StaticLoggerBinder for further details.
